Vivado Simulator 2018.3
Copyright 1986-1999, 2001-2018 Xilinx, Inc. All Rights Reserved.
Running: E:/Vivado/2018.3/bin/unwrapped/win64.o/xelab.exe -wto 42191b58f6c14560b4852af75c7f0b72 --incr --debug typical --relax --mt 2 -L axi_infrastructure_v1_1_0 -L axi_vip_v1_1_4 -L processing_system7_vip_v1_0_6 -L xil_defaultlib -L lib_cdc_v1_0_2 -L proc_sys_reset_v5_0_13 -L xlconstant_v1_1_5 -L smartconnect_v1_0 -L xlconcat_v2_1_1 -L lib_pkg_v1_0_2 -L fifo_generator_v13_2_3 -L lib_fifo_v1_0_12 -L lib_srl_fifo_v1_0_2 -L axi_datamover_v5_1_20 -L axi_sg_v4_1_11 -L axi_dma_v7_1_19 -L generic_baseblocks_v2_1_0 -L axi_data_fifo_v2_1_17 -L axi_register_slice_v2_1_18 -L axi_protocol_converter_v2_1_18 -L xilinx_vip -L unisims_ver -L unimacro_ver -L secureip -L xpm --snapshot design_1_wrapper_behav xil_defaultlib.design_1_wrapper xil_defaultlib.glbl -log elaborate.log 
Using 2 slave threads.
Starting static elaboration
WARNING: [VRFC 10-3091] actual bit length 20 differs from formal bit length 2048 for port 'timeSeries' [C:/ip_repo/edit_FFT_BR_v1_0.ip_user_files/bd/design_1/ipshared/edit_FFTBR_v1_0.srcs/sources_1/imports/FFTBR_1.0/hdl/FFTBR_v1_0.v:101]
WARNING: [VRFC 10-3091] actual bit length 2 differs from formal bit length 16 for port 'IRQ_F2P' [C:/ip_repo/edit_FFT_BR_v1_0.ip_user_files/bd/design_1/ip/design_1_processing_system7_0_0/sim/design_1_processing_system7_0_0.v:725]
WARNING: [VRFC 10-3091] actual bit length 128 differs from formal bit length 64 for port 'WR_DATA_STRB' [/proj/xbuilds/2018.3_1207_2324/infra/XSIM/lin/.cxl.ip/incl/processing_system7_vip_v1_0_6_axi_gp.v:208]
WARNING: [VRFC 10-3091] actual bit length 12 differs from formal bit length 6 for port 'm_axi_bid' [/wrk/2018.3/nightly/2018_12_06_2405991/packages/customer/vivado/data/ip/xilinx/processing_system7_vip_v1_0/hdl/processing_system7_vip_v1_0_vl_rfs.sv:5463]
WARNING: [VRFC 10-3091] actual bit length 12 differs from formal bit length 6 for port 'm_axi_rid' [/wrk/2018.3/nightly/2018_12_06_2405991/packages/customer/vivado/data/ip/xilinx/processing_system7_vip_v1_0/hdl/processing_system7_vip_v1_0_vl_rfs.sv:5481]
WARNING: [VRFC 10-3091] actual bit length 128 differs from formal bit length 64 for port 'WR_DATA_STRB' [/proj/xbuilds/2018.3_1207_2324/infra/XSIM/lin/.cxl.ip/incl/processing_system7_vip_v1_0_6_axi_gp.v:292]
WARNING: [VRFC 10-3091] actual bit length 8 differs from formal bit length 9 for port 'WR_BYTES' [/proj/xbuilds/2018.3_1207_2324/infra/XSIM/lin/.cxl.ip/incl/processing_system7_vip_v1_0_6_axi_hp.v:80]
WARNING: [VRFC 10-3091] actual bit length 8 differs from formal bit length 9 for port 'RD_BYTES' [/proj/xbuilds/2018.3_1207_2324/infra/XSIM/lin/.cxl.ip/incl/processing_system7_vip_v1_0_6_axi_hp.v:89]
WARNING: [VRFC 10-3091] actual bit length 12 differs from formal bit length 6 for port 'm_axi_bid' [/wrk/2018.3/nightly/2018_12_06_2405991/packages/customer/vivado/data/ip/xilinx/processing_system7_vip_v1_0/hdl/processing_system7_vip_v1_0_vl_rfs.sv:10170]
WARNING: [VRFC 10-3091] actual bit length 12 differs from formal bit length 6 for port 'm_axi_rid' [/wrk/2018.3/nightly/2018_12_06_2405991/packages/customer/vivado/data/ip/xilinx/processing_system7_vip_v1_0/hdl/processing_system7_vip_v1_0_vl_rfs.sv:10188]
WARNING: [VRFC 10-3091] actual bit length 32 differs from formal bit length 64 for port 'm_axi_rdata' [/wrk/2018.3/nightly/2018_12_06_2405991/packages/customer/vivado/data/ip/xilinx/processing_system7_vip_v1_0/hdl/processing_system7_vip_v1_0_vl_rfs.sv:10189]
WARNING: [VRFC 10-3091] actual bit length 8 differs from formal bit length 9 for port 'WR_BYTES' [/proj/xbuilds/2018.3_1207_2324/infra/XSIM/lin/.cxl.ip/incl/processing_system7_vip_v1_0_6_axi_hp.v:165]
WARNING: [VRFC 10-3091] actual bit length 8 differs from formal bit length 9 for port 'RD_BYTES' [/proj/xbuilds/2018.3_1207_2324/infra/XSIM/lin/.cxl.ip/incl/processing_system7_vip_v1_0_6_axi_hp.v:174]
WARNING: [VRFC 10-3091] actual bit length 8 differs from formal bit length 9 for port 'WR_BYTES' [/proj/xbuilds/2018.3_1207_2324/infra/XSIM/lin/.cxl.ip/incl/processing_system7_vip_v1_0_6_axi_hp.v:251]
WARNING: [VRFC 10-3091] actual bit length 8 differs from formal bit length 9 for port 'RD_BYTES' [/proj/xbuilds/2018.3_1207_2324/infra/XSIM/lin/.cxl.ip/incl/processing_system7_vip_v1_0_6_axi_hp.v:260]
WARNING: [VRFC 10-3091] actual bit length 8 differs from formal bit length 9 for port 'WR_BYTES' [/proj/xbuilds/2018.3_1207_2324/infra/XSIM/lin/.cxl.ip/incl/processing_system7_vip_v1_0_6_axi_hp.v:337]
WARNING: [VRFC 10-3091] actual bit length 8 differs from formal bit length 9 for port 'RD_BYTES' [/proj/xbuilds/2018.3_1207_2324/infra/XSIM/lin/.cxl.ip/incl/processing_system7_vip_v1_0_6_axi_hp.v:346]
WARNING: [VRFC 10-3091] actual bit length 12 differs from formal bit length 3 for port 'm_axi_bid' [/wrk/2018.3/nightly/2018_12_06_2405991/packages/customer/vivado/data/ip/xilinx/processing_system7_vip_v1_0/hdl/processing_system7_vip_v1_0_vl_rfs.sv:7074]
WARNING: [VRFC 10-3091] actual bit length 12 differs from formal bit length 3 for port 'm_axi_rid' [/wrk/2018.3/nightly/2018_12_06_2405991/packages/customer/vivado/data/ip/xilinx/processing_system7_vip_v1_0/hdl/processing_system7_vip_v1_0_vl_rfs.sv:7092]
WARNING: [VRFC 10-3091] actual bit length 32 differs from formal bit length 64 for port 'm_axi_rdata' [/wrk/2018.3/nightly/2018_12_06_2405991/packages/customer/vivado/data/ip/xilinx/processing_system7_vip_v1_0/hdl/processing_system7_vip_v1_0_vl_rfs.sv:7093]
WARNING: [VRFC 10-3027] 'ocm_wr_strb_port0' was previously declared with a different range [/wrk/2018.3/nightly/2018_12_06_2405991/packages/customer/vivado/data/ip/xilinx/processing_system7_vip_v1_0/hdl/processing_system7_vip_v1_0_vl_rfs.sv:3726]
WARNING: [VRFC 10-3283] element index 64 into 'wrp_strb' is out of bounds [/wrk/2018.3/nightly/2018_12_06_2405991/packages/customer/vivado/data/ip/xilinx/processing_system7_vip_v1_0/hdl/processing_system7_vip_v1_0_vl_rfs.sv:6051]
WARNING: [VRFC 10-3283] element index 128 into 'wrp_strb' is out of bounds [/wrk/2018.3/nightly/2018_12_06_2405991/packages/customer/vivado/data/ip/xilinx/processing_system7_vip_v1_0/hdl/processing_system7_vip_v1_0_vl_rfs.sv:10811]
WARNING: [VRFC 10-3283] element index 128 into 'wrp_strb' is out of bounds [/wrk/2018.3/nightly/2018_12_06_2405991/packages/customer/vivado/data/ip/xilinx/processing_system7_vip_v1_0/hdl/processing_system7_vip_v1_0_vl_rfs.sv:7689]
WARNING: [VRFC 10-3705] select index 4 into 'wr_fifo_rd_ptr' is out of bounds [/wrk/2018.3/nightly/2018_12_06_2405991/packages/customer/vivado/data/ip/xilinx/processing_system7_vip_v1_0/hdl/processing_system7_vip_v1_0_vl_rfs.sv:7902]
WARNING: [VRFC 10-3705] select index 4 into 'ar_cnt' is out of bounds [/wrk/2018.3/nightly/2018_12_06_2405991/packages/customer/vivado/data/ip/xilinx/processing_system7_vip_v1_0/hdl/processing_system7_vip_v1_0_vl_rfs.sv:8041]
WARNING: [VRFC 10-3705] select index 4 into 'wr_rresp_cnt' is out of bounds [/wrk/2018.3/nightly/2018_12_06_2405991/packages/customer/vivado/data/ip/xilinx/processing_system7_vip_v1_0/hdl/processing_system7_vip_v1_0_vl_rfs.sv:8138]
WARNING: [VRFC 10-3705] select index 4 into 'rd_fifo_wr_ptr' is out of bounds [/wrk/2018.3/nightly/2018_12_06_2405991/packages/customer/vivado/data/ip/xilinx/processing_system7_vip_v1_0/hdl/processing_system7_vip_v1_0_vl_rfs.sv:8157]
WARNING: [VRFC 10-3705] select index 4 into 'rd_cnt' is out of bounds [/wrk/2018.3/nightly/2018_12_06_2405991/packages/customer/vivado/data/ip/xilinx/processing_system7_vip_v1_0/hdl/processing_system7_vip_v1_0_vl_rfs.sv:8298]
WARNING: [VRFC 10-3705] select index 4 into 'rresp_time_cnt' is out of bounds [/wrk/2018.3/nightly/2018_12_06_2405991/packages/customer/vivado/data/ip/xilinx/processing_system7_vip_v1_0/hdl/processing_system7_vip_v1_0_vl_rfs.sv:8303]
WARNING: [VRFC 10-3705] select index 4 into 'rd_fifo_rd_ptr' is out of bounds [/wrk/2018.3/nightly/2018_12_06_2405991/packages/customer/vivado/data/ip/xilinx/processing_system7_vip_v1_0/hdl/processing_system7_vip_v1_0_vl_rfs.sv:8308]
Completed static elaboration
Starting simulation data flow analysis
Completed simulation data flow analysis
Time Resolution for simulation is 1ps
Compiling package std.standard
Compiling package std.textio
Compiling package ieee.std_logic_1164
Compiling package ieee.numeric_std
Compiling package synopsys.attributes
Compiling package ieee.std_logic_misc
Compiling package unisim.vcomponents
Compiling package ieee.std_logic_arith
Compiling package ieee.std_logic_unsigned
Compiling package lib_pkg_v1_0_2.lib_pkg
Compiling package axi_dma_v7_1_19.axi_dma_pkg
Compiling package ieee.vital_timing
Compiling package ieee.vital_primitives
Compiling package unisim.vpkg
Compiling package xpm.vcomponents
Compiling package xilinx_vip.axi_vip_pkg
Compiling package xilinx_vip.xil_common_vip_pkg
Compiling package std.std
Compiling package smartconnect_v1_0.sc_util_v1_0_4_pkg
Compiling module xil_defaultlib.FFTBR_v1_0_S00_AXIS_default
Compiling module xil_defaultlib.FFTBR_v1_0_M00_AXIS_default
Compiling module xil_defaultlib.BR
Compiling module xil_defaultlib.FFT_default
Compiling module xil_defaultlib.FFTBR_v1_0(N=10)
Compiling module xil_defaultlib.design_1_FFTBR_0_0
Compiling architecture implementation of entity axi_dma_v7_1_19.axi_dma_smple_sm [\axi_dma_smple_sm(c_extra=1)\]
Compiling architecture implementation of entity axi_dma_v7_1_19.axi_dma_mm2s_cmdsts_if [\axi_dma_mm2s_cmdsts_if(c_extra=...]
Compiling architecture implementation of entity axi_dma_v7_1_19.axi_dma_mm2s_sts_mngr [axi_dma_mm2s_sts_mngr_default]
Compiling architecture implementation of entity axi_dma_v7_1_19.axi_dma_mm2s_mngr [\axi_dma_mm2s_mngr(c_prmy_cmdfif...]
Compiling architecture implementation of entity axi_dma_v7_1_19.axi_dma_sofeof_gen [axi_dma_sofeof_gen_default]
Compiling architecture implementation of entity axi_dma_v7_1_19.axi_dma_s2mm_cmdsts_if [\axi_dma_s2mm_cmdsts_if(c_dm_sta...]
Compiling architecture implementation of entity axi_dma_v7_1_19.axi_dma_s2mm_sts_mngr [axi_dma_s2mm_sts_mngr_default]
Compiling architecture implementation of entity axi_dma_v7_1_19.axi_dma_s2mm_mngr [\axi_dma_s2mm_mngr(c_prmy_cmdfif...]
Compiling architecture implementation of entity axi_dma_v7_1_19.axi_dma_reset [\axi_dma_reset(c_include_sg=0,c_...]
Compiling architecture fdre_v of entity unisim.FDRE [fdre_default]
Compiling architecture fdr_v of entity unisim.FDR [fdr_default]
Compiling architecture implementation of entity lib_cdc_v1_0_2.cdc_sync [\cdc_sync(c_mtbf_stages=4)\]
Compiling architecture implementation of entity axi_dma_v7_1_19.axi_dma_rst_module [\axi_dma_rst_module(c_include_sg...]
Compiling architecture implementation of entity axi_dma_v7_1_19.axi_dma_lite_if [\axi_dma_lite_if(c_num_ce=23,c_s...]
Compiling architecture implementation of entity axi_dma_v7_1_19.axi_dma_register [\axi_dma_register(c_num_register...]
Compiling architecture implementation of entity axi_dma_v7_1_19.axi_dma_register_s2mm [\axi_dma_register_s2mm(c_num_reg...]
Compiling architecture implementation of entity axi_dma_v7_1_19.axi_dma_reg_module [\axi_dma_reg_module(c_include_sg...]
Compiling architecture behavioral of entity lib_srl_fifo_v1_0_2.dynshreg_f [\dynshreg_f(c_depth=4,c_dwidth=8...]
Compiling architecture imp of entity lib_srl_fifo_v1_0_2.srl_fifo_rbu_f [\srl_fifo_rbu_f(c_dwidth=8,c_dep...]
Compiling architecture imp of entity lib_srl_fifo_v1_0_2.srl_fifo_f [\srl_fifo_f(c_dwidth=8,c_depth=4...]
Compiling architecture imp of entity axi_datamover_v5_1_20.axi_datamover_fifo [\axi_datamover_fifo(c_dwidth=8,c...]
Compiling module xpm.xpm_fifo_rst_default
Compiling module xpm.xpm_fifo_reg_bit
Compiling module xpm.xpm_counter_updn(COUNTER_WIDTH=8...
Compiling module xpm.xpm_counter_updn(COUNTER_WIDTH=7...
Compiling module xpm.xpm_counter_updn(COUNTER_WIDTH=7...
Compiling module xpm.xpm_counter_updn(COUNTER_WIDTH=7...
Compiling module xpm.xpm_memory_base(MEMORY_TYPE=1,ME...
Compiling module xpm.xpm_counter_updn(COUNTER_WIDTH=2...
Compiling module xpm.xpm_fifo_base(FIFO_MEMORY_TYPE=2...
Compiling module xpm.xpm_fifo_sync(FIFO_MEMORY_TYPE="...
Compiling architecture implementation of entity lib_fifo_v1_0_12.sync_fifo_fg [\sync_fifo_fg(c_family="zynq",c_...]
Compiling architecture imp of entity axi_datamover_v5_1_20.axi_datamover_sfifo_autord [\axi_datamover_sfifo_autord(c_dw...]
Compiling architecture implementation of entity axi_datamover_v5_1_20.axi_datamover_rd_sf [\axi_datamover_rd_sf(c_sf_fifo_d...]
Compiling architecture implementation of entity axi_datamover_v5_1_20.axi_datamover_skid_buf [axi_datamover_skid_buf_default]
Compiling architecture implementation of entity axi_datamover_v5_1_20.axi_datamover_reset [axi_datamover_reset_default]
Compiling architecture imp of entity axi_datamover_v5_1_20.axi_datamover_fifo [\axi_datamover_fifo(c_dwidth=8,c...]
Compiling architecture imp of entity axi_datamover_v5_1_20.axi_datamover_fifo [\axi_datamover_fifo(c_dwidth=71,...]
Compiling architecture implementation of entity axi_datamover_v5_1_20.axi_datamover_cmd_status [\axi_datamover_cmd_status(c_stsc...]
Compiling architecture implementation of entity axi_datamover_v5_1_20.axi_datamover_rd_status_cntl [axi_datamover_rd_status_cntl_def...]
Compiling architecture implementation of entity axi_datamover_v5_1_20.axi_datamover_strb_gen2 [\axi_datamover_strb_gen2(c_strb_...]
Compiling architecture implementation of entity axi_datamover_v5_1_20.axi_datamover_strb_gen2 [\axi_datamover_strb_gen2(c_op_mo...]
Compiling architecture implementation of entity axi_datamover_v5_1_20.axi_datamover_pcc [\axi_datamover_pcc(c_is_mm2s=1,c...]
Compiling architecture imp of entity lib_srl_fifo_v1_0_2.cntr_incr_decr_addn_f [\cntr_incr_decr_addn_f(c_size=3,...]
Compiling architecture behavioral of entity lib_srl_fifo_v1_0_2.dynshreg_f [\dynshreg_f(c_depth=4,c_dwidth=5...]
Compiling architecture imp of entity lib_srl_fifo_v1_0_2.srl_fifo_rbu_f [\srl_fifo_rbu_f(c_dwidth=59,c_de...]
Compiling architecture imp of entity lib_srl_fifo_v1_0_2.srl_fifo_f [\srl_fifo_f(c_dwidth=59,c_depth=...]
Compiling architecture imp of entity axi_datamover_v5_1_20.axi_datamover_fifo [\axi_datamover_fifo(c_dwidth=59,...]
Compiling architecture implementation of entity axi_datamover_v5_1_20.axi_datamover_addr_cntl [\axi_datamover_addr_cntl(c_famil...]
Compiling architecture behavioral of entity lib_srl_fifo_v1_0_2.dynshreg_f [\dynshreg_f(c_depth=4,c_dwidth=2...]
Compiling architecture imp of entity lib_srl_fifo_v1_0_2.srl_fifo_rbu_f [\srl_fifo_rbu_f(c_dwidth=29,c_de...]
Compiling architecture imp of entity lib_srl_fifo_v1_0_2.srl_fifo_f [\srl_fifo_f(c_dwidth=29,c_depth=...]
Compiling architecture imp of entity axi_datamover_v5_1_20.axi_datamover_fifo [\axi_datamover_fifo(c_dwidth=29,...]
Compiling architecture implementation of entity axi_datamover_v5_1_20.axi_datamover_rdmux [\axi_datamover_rdmux(c_sel_addr_...]
Compiling architecture implementation of entity axi_datamover_v5_1_20.axi_datamover_rddata_cntl [\axi_datamover_rddata_cntl(c_ali...]
Compiling architecture implementation of entity axi_datamover_v5_1_20.axi_datamover_mm2s_full_wrap [\axi_datamover_mm2s_full_wrap(c_...]
Compiling architecture implementation of entity axi_datamover_v5_1_20.axi_datamover_ibttcc [\axi_datamover_ibttcc(c_sf_xfer_...]
Compiling architecture implementation of entity axi_datamover_v5_1_20.axi_datamover_ms_strb_set [\axi_datamover_ms_strb_set(c_str...]
Compiling architecture implementation of entity axi_datamover_v5_1_20.axi_datamover_mssai_skid_buf [axi_datamover_mssai_skid_buf_def...]
Compiling architecture working of entity axi_datamover_v5_1_20.axi_datamover_slice [\axi_datamover_slice(c_data_widt...]
Compiling architecture imp of entity lib_srl_fifo_v1_0_2.cntr_incr_decr_addn_f [\cntr_incr_decr_addn_f(c_size=5,...]
Compiling architecture behavioral of entity lib_srl_fifo_v1_0_2.dynshreg_f [\dynshreg_f(c_depth=16,c_dwidth=...]
Compiling architecture imp of entity lib_srl_fifo_v1_0_2.srl_fifo_rbu_f [\srl_fifo_rbu_f(c_dwidth=9,c_fam...]
Compiling architecture imp of entity lib_srl_fifo_v1_0_2.srl_fifo_f [\srl_fifo_f(c_dwidth=9,c_family=...]
Compiling architecture imp of entity axi_datamover_v5_1_20.axi_datamover_fifo [\axi_datamover_fifo(c_dwidth=9,c...]
Compiling architecture implementation of entity axi_datamover_v5_1_20.axi_datamover_s2mm_scatter [\axi_datamover_s2mm_scatter(c_en...]
Compiling architecture behavioral of entity lib_srl_fifo_v1_0_2.dynshreg_f [\dynshreg_f(c_depth=4,c_dwidth=2...]
Compiling architecture imp of entity lib_srl_fifo_v1_0_2.srl_fifo_rbu_f [\srl_fifo_rbu_f(c_dwidth=25,c_de...]
Compiling architecture imp of entity lib_srl_fifo_v1_0_2.srl_fifo_f [\srl_fifo_f(c_dwidth=25,c_depth=...]
Compiling architecture imp of entity axi_datamover_v5_1_20.axi_datamover_fifo [\axi_datamover_fifo(c_dwidth=25,...]
Compiling architecture implementation of entity axi_datamover_v5_1_20.axi_datamover_s2mm_realign [\axi_datamover_s2mm_realign(c_en...]
Compiling architecture implementation of entity axi_datamover_v5_1_20.axi_datamover_stbs_set_nodre [\axi_datamover_stbs_set_nodre(c_...]
Compiling architecture implementation of entity axi_datamover_v5_1_20.axi_datamover_skid_buf [\axi_datamover_skid_buf(c_wdata_...]
Compiling module xpm.xpm_fifo_rst_default_1
Compiling module xpm.xpm_counter_updn(COUNTER_WIDTH=5...
Compiling module xpm.xpm_counter_updn(RESET_VALUE=1)
Compiling module xpm.xpm_counter_updn(RESET_VALUE=2)
Compiling module xpm.xpm_counter_updn(RESET_VALUE=3)
Compiling module xpm.xpm_memory_base(MEMORY_TYPE=1,ME...
Compiling module xpm.xpm_fifo_base(FIFO_WRITE_DEPTH=1...
Compiling module xpm.xpm_fifo_sync(FIFO_MEMORY_TYPE="...
Compiling architecture implementation of entity lib_fifo_v1_0_12.sync_fifo_fg [\sync_fifo_fg(c_family="zynq",c_...]
Compiling architecture imp of entity axi_datamover_v5_1_20.axi_datamover_sfifo_autord [\axi_datamover_sfifo_autord(c_dw...]
Compiling module xpm.xpm_fifo_rst_default_2
Compiling module xpm.xpm_memory_base(MEMORY_TYPE=1,ME...
Compiling module xpm.xpm_fifo_base(FIFO_MEMORY_TYPE=2...
Compiling module xpm.xpm_fifo_sync(FIFO_MEMORY_TYPE="...
Compiling architecture implementation of entity lib_fifo_v1_0_12.sync_fifo_fg [\sync_fifo_fg(c_family="zynq",c_...]
Compiling architecture imp of entity axi_datamover_v5_1_20.axi_datamover_sfifo_autord [\axi_datamover_sfifo_autord(c_dw...]
Compiling architecture implementation of entity axi_datamover_v5_1_20.axi_datamover_indet_btt [\axi_datamover_indet_btt(c_ibtt_...]
Compiling architecture imp of entity axi_datamover_v5_1_20.axi_datamover_fifo [\axi_datamover_fifo(c_dwidth=35,...]
Compiling architecture implementation of entity axi_datamover_v5_1_20.axi_datamover_cmd_status [\axi_datamover_cmd_status(c_stsc...]
Compiling architecture behavioral of entity lib_srl_fifo_v1_0_2.dynshreg_f [\dynshreg_f(c_depth=6,c_dwidth=2...]
Compiling architecture imp of entity lib_srl_fifo_v1_0_2.srl_fifo_rbu_f [\srl_fifo_rbu_f(c_dwidth=21,c_de...]
Compiling architecture imp of entity lib_srl_fifo_v1_0_2.srl_fifo_f [\srl_fifo_f(c_dwidth=21,c_depth=...]
Compiling architecture imp of entity axi_datamover_v5_1_20.axi_datamover_fifo [\axi_datamover_fifo(c_dwidth=21,...]
Compiling architecture imp of entity lib_srl_fifo_v1_0_2.cntr_incr_decr_addn_f [\cntr_incr_decr_addn_f(c_size=4,...]
Compiling architecture behavioral of entity lib_srl_fifo_v1_0_2.dynshreg_f [\dynshreg_f(c_depth=6,c_dwidth=2...]
Compiling architecture imp of entity lib_srl_fifo_v1_0_2.srl_fifo_rbu_f [\srl_fifo_rbu_f(c_dwidth=2,c_dep...]
Compiling architecture imp of entity lib_srl_fifo_v1_0_2.srl_fifo_f [\srl_fifo_f(c_dwidth=2,c_depth=6...]
Compiling architecture imp of entity axi_datamover_v5_1_20.axi_datamover_fifo [\axi_datamover_fifo(c_dwidth=2,c...]
Compiling architecture implementation of entity axi_datamover_v5_1_20.axi_datamover_wr_status_cntl [\axi_datamover_wr_status_cntl(c_...]
Compiling architecture implementation of entity axi_datamover_v5_1_20.axi_datamover_addr_cntl [\axi_datamover_addr_cntl(c_addr_...]
Compiling architecture behavioral of entity lib_srl_fifo_v1_0_2.dynshreg_f [\dynshreg_f(c_depth=4,c_dwidth=2...]
Compiling architecture imp of entity lib_srl_fifo_v1_0_2.srl_fifo_rbu_f [\srl_fifo_rbu_f(c_dwidth=27,c_de...]
Compiling architecture imp of entity lib_srl_fifo_v1_0_2.srl_fifo_f [\srl_fifo_f(c_dwidth=27,c_depth=...]
Compiling architecture imp of entity axi_datamover_v5_1_20.axi_datamover_fifo [\axi_datamover_fifo(c_dwidth=27,...]
Compiling architecture implementation of entity axi_datamover_v5_1_20.axi_datamover_wrdata_cntl [\axi_datamover_wrdata_cntl(c_rea...]
Compiling architecture implementation of entity axi_datamover_v5_1_20.axi_datamover_wr_demux [\axi_datamover_wr_demux(c_sel_ad...]
Compiling architecture implementation of entity axi_datamover_v5_1_20.axi_datamover_skid2mm_buf [\axi_datamover_skid2mm_buf(c_add...]
Compiling architecture implementation of entity axi_datamover_v5_1_20.axi_datamover_s2mm_full_wrap [\axi_datamover_s2mm_full_wrap(c_...]
Compiling architecture implementation of entity axi_datamover_v5_1_20.axi_datamover [\axi_datamover(c_include_mm2s=1,...]
Compiling architecture implementation of entity axi_dma_v7_1_19.axi_dma [\axi_dma(c_include_sg=0,c_sg_inc...]
Compiling architecture design_1_axi_dma_0_0_arch of entity xil_defaultlib.design_1_axi_dma_0_0 [design_1_axi_dma_0_0_default]
Compiling module axi_infrastructure_v1_1_0.axi_infrastructure_v1_1_0_axi2ve...
Compiling module axi_register_slice_v2_1_18.axi_register_slice_v2_1_18_axic_...
Compiling module axi_register_slice_v2_1_18.axi_register_slice_v2_1_18_axic_...
Compiling module axi_register_slice_v2_1_18.axi_register_slice_v2_1_18_axic_...
Compiling module axi_register_slice_v2_1_18.axi_register_slice_v2_1_18_axic_...
Compiling module axi_infrastructure_v1_1_0.axi_infrastructure_v1_1_0_vector...
Compiling module axi_register_slice_v2_1_18.axi_register_slice_v2_1_18_axi_r...
Compiling module axi_protocol_converter_v2_1_18.axi_protocol_converter_v2_1_18_b...
Compiling module axi_protocol_converter_v2_1_18.axi_protocol_converter_v2_1_18_b...
Compiling module axi_protocol_converter_v2_1_18.axi_protocol_converter_v2_1_18_b...
Compiling module axi_protocol_converter_v2_1_18.axi_protocol_converter_v2_1_18_b...
Compiling module axi_protocol_converter_v2_1_18.axi_protocol_converter_v2_1_18_b...
Compiling module axi_protocol_converter_v2_1_18.axi_protocol_converter_v2_1_18_b...
Compiling module axi_protocol_converter_v2_1_18.axi_protocol_converter_v2_1_18_b...
Compiling module axi_protocol_converter_v2_1_18.axi_protocol_converter_v2_1_18_b...
Compiling module axi_protocol_converter_v2_1_18.axi_protocol_converter_v2_1_18_b...
Compiling module axi_protocol_converter_v2_1_18.axi_protocol_converter_v2_1_18_b...
Compiling module axi_protocol_converter_v2_1_18.axi_protocol_converter_v2_1_18_b...
Compiling module axi_protocol_converter_v2_1_18.axi_protocol_converter_v2_1_18_b...
Compiling module axi_protocol_converter_v2_1_18.axi_protocol_converter_v2_1_18_b...
Compiling module axi_infrastructure_v1_1_0.axi_infrastructure_v1_1_0_axi2ve...
Compiling module axi_register_slice_v2_1_18.axi_register_slice_v2_1_18_axic_...
Compiling module axi_register_slice_v2_1_18.axi_register_slice_v2_1_18_axic_...
Compiling module axi_register_slice_v2_1_18.axi_register_slice_v2_1_18_axic_...
Compiling module axi_register_slice_v2_1_18.axi_register_slice_v2_1_18_axic_...
Compiling module axi_infrastructure_v1_1_0.axi_infrastructure_v1_1_0_vector...
Compiling module axi_register_slice_v2_1_18.axi_register_slice_v2_1_18_axi_r...
Compiling module axi_protocol_converter_v2_1_18.axi_protocol_converter_v2_1_18_b...
Compiling module axi_protocol_converter_v2_1_18.axi_protocol_converter_v2_1_18_a...
Compiling module xil_defaultlib.design_1_auto_pc_0
Compiling module xil_defaultlib.s00_couplers_imp_O7FAN0
Compiling module xil_defaultlib.design_1_axi_interconnect_0_0
Compiling architecture fdre_v of entity unisim.FDRE [\FDRE(init='1')\]
Compiling architecture implementation of entity lib_cdc_v1_0_2.cdc_sync [\cdc_sync(c_vector_width=2,c_mtb...]
Compiling architecture srl16e_v of entity unisim.SRL16E [\SRL16E(init="1111111111111111")...]
Compiling architecture srl16_v of entity unisim.SRL16 [\SRL16(init="1111111111111111")(...]
Compiling architecture imp of entity proc_sys_reset_v5_0_13.lpf [\lpf(c_ext_rst_width=4,c_aux_rst...]
Compiling architecture imp of entity proc_sys_reset_v5_0_13.upcnt_n [\upcnt_n(c_size=6)\]
Compiling architecture imp of entity proc_sys_reset_v5_0_13.sequence_psr [sequence_psr_default]
Compiling architecture imp of entity proc_sys_reset_v5_0_13.proc_sys_reset [\proc_sys_reset(c_family="zynq",...]
Compiling architecture design_1_proc_sys_reset_0_0_arch of entity xil_defaultlib.design_1_proc_sys_reset_0_0 [design_1_proc_sys_reset_0_0_defa...]
Compiling module processing_system7_vip_v1_0_6.processing_system7_vip_v1_0_6_ge...
Compiling module processing_system7_vip_v1_0_6.processing_system7_vip_v1_0_6_ge...
Compiling module processing_system7_vip_v1_0_6.processing_system7_vip_v1_0_6_ar...
Compiling module processing_system7_vip_v1_0_6.processing_system7_vip_v1_0_6_ar...
Compiling module processing_system7_vip_v1_0_6.processing_system7_vip_v1_0_6_fm...
Compiling module processing_system7_vip_v1_0_6.processing_system7_vip_v1_0_6_ar...
Compiling module processing_system7_vip_v1_0_6.processing_system7_vip_v1_0_6_ar...
Compiling module processing_system7_vip_v1_0_6.processing_system7_vip_v1_0_6_ar...
Compiling module processing_system7_vip_v1_0_6.processing_system7_vip_v1_0_6_ar...
Compiling module processing_system7_vip_v1_0_6.processing_system7_vip_v1_0_6_ss...
Compiling module processing_system7_vip_v1_0_6.processing_system7_vip_v1_0_6_in...
Compiling module processing_system7_vip_v1_0_6.processing_system7_vip_v1_0_6_sp...
Compiling module processing_system7_vip_v1_0_6.processing_system7_vip_v1_0_6_dd...
Compiling module processing_system7_vip_v1_0_6.processing_system7_vip_v1_0_6_oc...
Compiling module processing_system7_vip_v1_0_6.processing_system7_vip_v1_0_6_oc...
Compiling module processing_system7_vip_v1_0_6.processing_system7_vip_v1_0_6_re...
Compiling module processing_system7_vip_v1_0_6.processing_system7_vip_v1_0_6_re...
Compiling module xilinx_vip.axi_vip_axi4pc(WDATA_WIDTH=32,RD...
Compiling module xilinx_vip.cb
Compiling module xilinx_vip.axi_vip_if(C_AXI_PROTOCOL=1,C_AX...
Compiling module axi_vip_v1_1_4.axi_vip_v1_1_4_top(C_AXI_PROTOCO...
Compiling module processing_system7_vip_v1_0_6.processing_system7_vip_v1_0_6_ax...
Compiling module processing_system7_vip_v1_0_6.processing_system7_vip_v1_0_6_ax...
Compiling module xilinx_vip.axi_vip_axi4pc(WDATA_WIDTH=32,RD...
Compiling module xilinx_vip.cb
Compiling module xilinx_vip.axi_vip_if(C_AXI_PROTOCOL=1,C_AX...
Compiling module axi_vip_v1_1_4.axi_vip_v1_1_4_top(C_AXI_PROTOCO...
Compiling module processing_system7_vip_v1_0_6.processing_system7_vip_v1_0_6_ax...
Compiling module processing_system7_vip_v1_0_6.processing_system7_vip_v1_0_6_ax...
Compiling module xilinx_vip.axi_vip_axi4pc(PROTOCOL=1,RID_WI...
Compiling module xilinx_vip.cb
Compiling module xilinx_vip.axi_vip_if(C_AXI_PROTOCOL=1,C_AX...
Compiling module axi_vip_v1_1_4.axi_vip_v1_1_4_top(C_AXI_PROTOCO...
Compiling module processing_system7_vip_v1_0_6.processing_system7_vip_v1_0_6_in...
Compiling module processing_system7_vip_v1_0_6.processing_system7_vip_v1_0_6_af...
Compiling module processing_system7_vip_v1_0_6.processing_system7_vip_v1_0_6_af...
Compiling module processing_system7_vip_v1_0_6.processing_system7_vip_v1_0_6_af...
Compiling module processing_system7_vip_v1_0_6.processing_system7_vip_v1_0_6_af...
Compiling module xilinx_vip.axi_vip_axi4pc(PROTOCOL=1,RID_WI...
Compiling module xilinx_vip.cb
Compiling module xilinx_vip.axi_vip_if(C_AXI_PROTOCOL=1,C_AX...
Compiling module axi_vip_v1_1_4.axi_vip_v1_1_4_top(C_AXI_PROTOCO...
Compiling module processing_system7_vip_v1_0_6.processing_system7_vip_v1_0_6_ax...
Compiling module processing_system7_vip_v1_0_6.processing_system7_vip_v1_0_6(C_...
Compiling module xil_defaultlib.design_1_processing_system7_0_0
Compiling module xlconstant_v1_1_5.xlconstant_v1_1_5_xlconstant(CON...
Compiling module xil_defaultlib.bd_48ac_one_0
Compiling architecture imp of entity proc_sys_reset_v5_0_13.lpf [\lpf(c_ext_rst_width=4,c_aux_rst...]
Compiling architecture imp of entity proc_sys_reset_v5_0_13.proc_sys_reset [\proc_sys_reset(c_family="zynq",...]
Compiling architecture bd_48ac_psr_aclk_0_arch of entity xil_defaultlib.bd_48ac_psr_aclk_0 [bd_48ac_psr_aclk_0_default]
Compiling module xil_defaultlib.clk_map_imp_1NMB928
Compiling module smartconnect_v1_0.sc_util_v1_0_4_srl_rtl(C_A_WIDTH...
Compiling module smartconnect_v1_0.sc_util_v1_0_4_axic_reg_srl_fifo...
Compiling module smartconnect_v1_0.sc_util_v1_0_4_axic_reg_srl_fifo...
Compiling module smartconnect_v1_0.sc_util_v1_0_4_axic_reg_srl_fifo...
Compiling module smartconnect_v1_0.sc_util_v1_0_4_axi2vector(C_ID_W...
Compiling module smartconnect_v1_0.sc_util_v1_0_4_vector2axi(C_RDAT...
Compiling module smartconnect_v1_0.sc_util_v1_0_4_axi_reg_stall(C_R...
Compiling module smartconnect_v1_0.sc_util_v1_0_4_axi_reg_stall_def...
Compiling module smartconnect_v1_0.sc_exit_v1_0_8_axi3_conv(C_ID_WI...
Compiling module smartconnect_v1_0.sc_exit_v1_0_8_splitter(C_RDATA_...
Compiling module smartconnect_v1_0.sc_util_v1_0_4_axic_reg_srl_fifo...
Compiling module smartconnect_v1_0.sc_util_v1_0_4_axic_reg_srl_fifo...
Compiling module smartconnect_v1_0.sc_exit_v1_0_8_exit(C_FAMILY="zy...
Compiling module smartconnect_v1_0.sc_util_v1_0_4_axi2vector(C_RDAT...
Compiling module smartconnect_v1_0.sc_util_v1_0_4_vector2axi(C_RDAT...
Compiling module smartconnect_v1_0.sc_exit_v1_0_8_top(C_FAMILY="zyn...
Compiling module xil_defaultlib.bd_48ac_m00e_0
Compiling module xil_defaultlib.m00_exit_pipeline_imp_CVVFJV
Compiling module smartconnect_v1_0.sc_util_v1_0_4_axic_register_sli...
Compiling module smartconnect_v1_0.sc_util_v1_0_4_pipeline_default
Compiling module smartconnect_v1_0.sc_util_v1_0_4_counter(C_WIDTH=2...
Compiling module smartconnect_v1_0.sc_node_v1_0_10_arb_alg_rr(C_NUM...
Compiling module smartconnect_v1_0.sc_node_v1_0_10_si_handler(C_NUM...
Compiling module smartconnect_v1_0.sc_util_v1_0_4_pipeline(C_DEPTH=...
Compiling module smartconnect_v1_0.sc_util_v1_0_4_pipeline(C_DWIDTH...
Compiling module smartconnect_v1_0.sc_util_v1_0_4_pipeline(C_DWIDTH...
Compiling module smartconnect_v1_0.sc_util_v1_0_4_pipeline(C_DWIDTH...
Compiling module smartconnect_v1_0.sc_util_v1_0_4_onehot_to_binary(...
Compiling module smartconnect_v1_0.sc_util_v1_0_4_counter_default
Compiling module smartconnect_v1_0.sc_node_v1_0_10_ingress(C_NUM_SI...
Compiling module xpm.xpm_memory_base(MEMORY_TYPE=1,ME...
Compiling module xpm.xpm_memory_sdpram(MEMORY_SIZE=32...
Compiling module smartconnect_v1_0.sc_util_v1_0_4_counter(C_WIDTH=6...
Compiling module smartconnect_v1_0.sc_util_v1_0_4_counter(C_WIDTH=6...
Compiling module smartconnect_v1_0.sc_util_v1_0_4_xpm_memory_fifo(C...
Compiling module smartconnect_v1_0.sc_node_v1_0_10_fifo(C_FAMILY="z...
Compiling module smartconnect_v1_0.sc_node_v1_0_10_reg_slice3(C_PAY...
Compiling module smartconnect_v1_0.sc_util_v1_0_4_pipeline(C_DEPTH=...
Compiling module xpm.xpm_memory_base(MEMORY_TYPE=1,ME...
Compiling module xpm.xpm_memory_sdpram(MEMORY_SIZE=49...
Compiling module smartconnect_v1_0.sc_util_v1_0_4_xpm_memory_fifo(C...
Compiling module smartconnect_v1_0.sc_node_v1_0_10_fifo(C_FAMILY="z...
Compiling module smartconnect_v1_0.sc_node_v1_0_10_egress(C_NODE_PA...
Compiling module smartconnect_v1_0.sc_node_v1_0_10_mi_handler(C_NUM...
Compiling module smartconnect_v1_0.sc_node_v1_0_10_top(C_FAMILY="zy...
Compiling module xil_defaultlib.bd_48ac_m00arn_0
Compiling module smartconnect_v1_0.sc_util_v1_0_4_axic_reg_srl_fifo...
Compiling module smartconnect_v1_0.sc_node_v1_0_10_si_handler(C_NUM...
Compiling module smartconnect_v1_0.sc_node_v1_0_10_ingress(C_NUM_SI...
Compiling module smartconnect_v1_0.sc_node_v1_0_10_egress(C_NODE_PA...
Compiling module smartconnect_v1_0.sc_node_v1_0_10_mi_handler(C_NUM...
Compiling module smartconnect_v1_0.sc_node_v1_0_10_top(C_FAMILY="zy...
Compiling module xil_defaultlib.bd_48ac_m00awn_0
Compiling module smartconnect_v1_0.sc_node_v1_0_10_si_handler(C_NUM...
Compiling module smartconnect_v1_0.sc_util_v1_0_4_pipeline(C_DWIDTH...
Compiling module smartconnect_v1_0.sc_util_v1_0_4_onehot_to_binary(...
Compiling module smartconnect_v1_0.sc_node_v1_0_10_ingress(C_PAYLD_...
Compiling module xpm.xpm_memory_base(MEMORY_TYPE=1,ME...
Compiling module xpm.xpm_memory_sdpram(MEMORY_SIZE=60...
Compiling module smartconnect_v1_0.sc_util_v1_0_4_xpm_memory_fifo(C...
Compiling module smartconnect_v1_0.sc_node_v1_0_10_fifo(C_FAMILY="z...
Compiling module smartconnect_v1_0.sc_node_v1_0_10_reg_slice3(C_PAY...
Compiling module xpm.xpm_memory_base(MEMORY_TYPE=1,ME...
Compiling module xpm.xpm_memory_sdpram(MEMORY_SIZE=19...
Compiling module smartconnect_v1_0.sc_util_v1_0_4_xpm_memory_fifo(C...
Compiling module smartconnect_v1_0.sc_node_v1_0_10_fifo(C_FAMILY="z...
Compiling module smartconnect_v1_0.sc_node_v1_0_10_egress(C_NODE_PA...
Compiling module smartconnect_v1_0.sc_node_v1_0_10_mi_handler(C_NUM...
Compiling module smartconnect_v1_0.sc_node_v1_0_10_top(C_FAMILY="zy...
Compiling module xil_defaultlib.bd_48ac_m00bn_0
Compiling module smartconnect_v1_0.sc_node_v1_0_10_si_handler(C_NUM...
Compiling module smartconnect_v1_0.sc_util_v1_0_4_pipeline(C_DWIDTH...
Compiling module smartconnect_v1_0.sc_node_v1_0_10_ingress(C_PAYLD_...
Compiling module xpm.xpm_memory_base(MEMORY_TYPE=1,ME...
Compiling module xpm.xpm_memory_sdpram(MEMORY_SIZE=26...
Compiling module smartconnect_v1_0.sc_util_v1_0_4_xpm_memory_fifo(C...
Compiling module smartconnect_v1_0.sc_node_v1_0_10_fifo(C_FAMILY="z...
Compiling module smartconnect_v1_0.sc_node_v1_0_10_egress(C_NODE_PA...
Compiling module smartconnect_v1_0.sc_node_v1_0_10_mi_handler(C_NUM...
Compiling module smartconnect_v1_0.sc_node_v1_0_10_top(C_FAMILY="zy...
Compiling module xil_defaultlib.bd_48ac_m00rn_0
Compiling module xpm.xpm_memory_base(MEMORY_TYPE=1,ME...
Compiling module xpm.xpm_memory_sdpram(MEMORY_SIZE=4,...
Compiling module smartconnect_v1_0.sc_util_v1_0_4_counter(C_WIDTH=3...
Compiling module smartconnect_v1_0.sc_util_v1_0_4_counter(C_WIDTH=3...
Compiling module smartconnect_v1_0.sc_util_v1_0_4_xpm_memory_fifo(C...
Compiling module smartconnect_v1_0.sc_node_v1_0_10_fifo(C_FAMILY="z...
Compiling module smartconnect_v1_0.sc_node_v1_0_10_si_handler(C_NUM...
Compiling module smartconnect_v1_0.sc_util_v1_0_4_pipeline(C_DWIDTH...
Compiling module smartconnect_v1_0.sc_node_v1_0_10_ingress(C_NUM_SI...
Compiling module xpm.xpm_memory_base(MEMORY_TYPE=1,ME...
Compiling module xpm.xpm_memory_sdpram(MEMORY_SIZE=33...
Compiling module smartconnect_v1_0.sc_util_v1_0_4_xpm_memory_fifo(C...
Compiling module smartconnect_v1_0.sc_node_v1_0_10_fifo(C_FAMILY="z...
Compiling module smartconnect_v1_0.sc_node_v1_0_10_egress(C_NODE_PA...
Compiling module smartconnect_v1_0.sc_node_v1_0_10_mi_handler(C_NUM...
Compiling module smartconnect_v1_0.sc_node_v1_0_10_top(C_FAMILY="zy...
Compiling module xil_defaultlib.bd_48ac_m00wn_0
Compiling module xil_defaultlib.m00_nodes_imp_Z1B1P3
Compiling module smartconnect_v1_0.sc_sc2axi_v1_0_7_top(C_AXI_ID_WI...
Compiling module xil_defaultlib.bd_48ac_m00s2a_0
Compiling module smartconnect_v1_0.sc_axi2sc_v1_0_7_top(C_AXI_ID_WI...
Compiling module xil_defaultlib.bd_48ac_s00a2s_0
Compiling module smartconnect_v1_0.sc_mmu_v1_0_7_addr_decoder(C_FAM...
Compiling module smartconnect_v1_0.sc_mmu_v1_0_7_decerr_slave(C_RES...
Compiling module smartconnect_v1_0.sc_util_v1_0_4_axi2vector(C_RDAT...
Compiling module smartconnect_v1_0.sc_util_v1_0_4_vector2axi(C_RDAT...
Compiling module smartconnect_v1_0.sc_util_v1_0_4_axi2vector
Compiling module smartconnect_v1_0.sc_util_v1_0_4_vector2axi
Compiling module smartconnect_v1_0.sc_mmu_v1_0_7_top(C_FAMILY="zynq...
Compiling module xil_defaultlib.bd_48ac_s00mmu_0
Compiling module smartconnect_v1_0.sc_util_v1_0_4_axic_reg_srl_fifo...
Compiling module smartconnect_v1_0.sc_si_converter_v1_0_7_splitter(...
Compiling module smartconnect_v1_0.sc_si_converter_v1_0_7_top(C_LIM...
Compiling module xil_defaultlib.bd_48ac_s00sic_0
Compiling module smartconnect_v1_0.sc_transaction_regulator_v1_0_8_...
Compiling module smartconnect_v1_0.sc_transaction_regulator_v1_0_8_...
Compiling module smartconnect_v1_0.sc_transaction_regulator_v1_0_8_...
Compiling module xil_defaultlib.bd_48ac_s00tr_0
Compiling module xil_defaultlib.s00_entry_pipeline_imp_1C3JDRS
Compiling module smartconnect_v1_0.sc_node_v1_0_10_si_handler(C_NUM...
Compiling module smartconnect_v1_0.sc_node_v1_0_10_ingress(C_PAYLD_...
Compiling module xpm.xpm_memory_base(MEMORY_TYPE=1,ME...
Compiling module xpm.xpm_memory_sdpram(MEMORY_SIZE=57...
Compiling module smartconnect_v1_0.sc_util_v1_0_4_xpm_memory_fifo(C...
Compiling module smartconnect_v1_0.sc_node_v1_0_10_fifo(C_FAMILY="z...
Compiling module smartconnect_v1_0.sc_node_v1_0_10_reg_slice3(C_PAY...
Compiling module xpm.xpm_memory_base(MEMORY_TYPE=1,ME...
Compiling module xpm.xpm_memory_sdpram(MEMORY_SIZE=44...
Compiling module smartconnect_v1_0.sc_util_v1_0_4_xpm_memory_fifo(C...
Compiling module smartconnect_v1_0.sc_node_v1_0_10_fifo(C_FAMILY="z...
Compiling module smartconnect_v1_0.sc_node_v1_0_10_mi_handler(C_NUM...
Compiling module smartconnect_v1_0.sc_node_v1_0_10_top(C_FAMILY="zy...
Compiling module xil_defaultlib.bd_48ac_sarn_0
Compiling module smartconnect_v1_0.sc_node_v1_0_10_ingress(C_PAYLD_...
Compiling module smartconnect_v1_0.sc_node_v1_0_10_reg_slice3(C_PAY...
Compiling module smartconnect_v1_0.sc_util_v1_0_4_pipeline(C_DWIDTH...
Compiling module smartconnect_v1_0.sc_util_v1_0_4_pipeline(C_DWIDTH...
Compiling module smartconnect_v1_0.sc_node_v1_0_10_downsizer(C_REQS...
Compiling module xpm.xpm_memory_base(MEMORY_TYPE=1,ME...
Compiling module xpm.xpm_memory_sdpram(MEMORY_SIZE=32...
Compiling module smartconnect_v1_0.sc_util_v1_0_4_xpm_memory_fifo(C...
Compiling module smartconnect_v1_0.sc_node_v1_0_10_fifo(C_FAMILY="z...
Compiling module smartconnect_v1_0.sc_node_v1_0_10_egress(C_NODE_PA...
Compiling module smartconnect_v1_0.sc_node_v1_0_10_mi_handler(C_NUM...
Compiling module smartconnect_v1_0.sc_node_v1_0_10_top(C_FAMILY="zy...
Compiling module xil_defaultlib.bd_48ac_srn_0
Compiling module xil_defaultlib.s00_nodes_imp_1FAO4F6
Compiling module xil_defaultlib.bd_48ac_s01a2s_0
Compiling module smartconnect_v1_0.sc_mmu_v1_0_7_addr_decoder(C_FAM...
Compiling module smartconnect_v1_0.sc_mmu_v1_0_7_top(C_FAMILY="zynq...
Compiling module xil_defaultlib.bd_48ac_s01mmu_0
Compiling module smartconnect_v1_0.sc_si_converter_v1_0_7_splitter(...
Compiling module smartconnect_v1_0.sc_si_converter_v1_0_7_top(C_LIM...
Compiling module xil_defaultlib.bd_48ac_s01sic_0
Compiling module smartconnect_v1_0.sc_transaction_regulator_v1_0_8_...
Compiling module xil_defaultlib.bd_48ac_s01tr_0
Compiling module xil_defaultlib.s01_entry_pipeline_imp_F11SX8
Compiling module smartconnect_v1_0.sc_node_v1_0_10_si_handler(C_NUM...
Compiling module smartconnect_v1_0.sc_node_v1_0_10_ingress(C_PAYLD_...
Compiling module smartconnect_v1_0.sc_node_v1_0_10_mi_handler(C_NUM...
Compiling module smartconnect_v1_0.sc_node_v1_0_10_top(C_FAMILY="zy...
Compiling module xil_defaultlib.bd_48ac_sawn_0
Compiling module smartconnect_v1_0.sc_node_v1_0_10_ingress(C_PAYLD_...
Compiling module xpm.xpm_memory_base(MEMORY_TYPE=1,ME...
Compiling module xpm.xpm_memory_sdpram(MEMORY_SIZE=76...
Compiling module smartconnect_v1_0.sc_util_v1_0_4_xpm_memory_fifo(C...
Compiling module smartconnect_v1_0.sc_node_v1_0_10_fifo(C_FAMILY="z...
Compiling module smartconnect_v1_0.sc_node_v1_0_10_egress(C_NODE_PA...
Compiling module smartconnect_v1_0.sc_node_v1_0_10_mi_handler(C_NUM...
Compiling module smartconnect_v1_0.sc_node_v1_0_10_top(C_FAMILY="zy...
Compiling module xil_defaultlib.bd_48ac_sbn_0
Compiling module smartconnect_v1_0.sc_node_v1_0_10_si_handler(C_NUM...
Compiling module smartconnect_v1_0.sc_node_v1_0_10_ingress(C_PAYLD_...
Compiling module smartconnect_v1_0.sc_util_v1_0_4_pipeline(C_DWIDTH...
Compiling module smartconnect_v1_0.sc_node_v1_0_10_upsizer(C_REQSEN...
Compiling module smartconnect_v1_0.sc_node_v1_0_10_fi_regulator(C_A...
Compiling module smartconnect_v1_0.sc_util_v1_0_4_xpm_memory_fifo(C...
Compiling module smartconnect_v1_0.sc_node_v1_0_10_fifo(C_FAMILY="z...
Compiling module xpm.xpm_memory_base(MEMORY_TYPE=1,ME...
Compiling module xpm.xpm_memory_sdpram(MEMORY_SIZE=28...
Compiling module smartconnect_v1_0.sc_util_v1_0_4_xpm_memory_fifo(C...
Compiling module smartconnect_v1_0.sc_node_v1_0_10_fifo(C_FAMILY="z...
Compiling module smartconnect_v1_0.sc_node_v1_0_10_mi_handler(C_NUM...
Compiling module smartconnect_v1_0.sc_node_v1_0_10_top(C_FAMILY="zy...
Compiling module xil_defaultlib.bd_48ac_swn_0
Compiling module xil_defaultlib.s01_nodes_imp_AIXRF8
Compiling module smartconnect_v1_0.sc_util_v1_0_4_onehot_to_binary(...
Compiling module smartconnect_v1_0.sc_util_v1_0_4_pipeline(C_DWIDTH...
Compiling module smartconnect_v1_0.sc_util_v1_0_4_mux(C_DWIDTH=138,...
Compiling module smartconnect_v1_0.sc_util_v1_0_4_pipeline(C_DWIDTH...
Compiling module smartconnect_v1_0.sc_switchboard_v1_0_6_top(C_PAYL...
Compiling module xil_defaultlib.bd_48ac_arsw_0
Compiling module xil_defaultlib.bd_48ac_awsw_0
Compiling module smartconnect_v1_0.sc_util_v1_0_4_onehot_to_binary(...
Compiling module smartconnect_v1_0.sc_util_v1_0_4_mux(C_DWIDTH=6,C_...
Compiling module smartconnect_v1_0.sc_util_v1_0_4_pipeline(C_DWIDTH...
Compiling module smartconnect_v1_0.sc_switchboard_v1_0_6_top(C_PAYL...
Compiling module xil_defaultlib.bd_48ac_bsw_0
Compiling module smartconnect_v1_0.sc_util_v1_0_4_mux(C_DWIDTH=84,C...
Compiling module smartconnect_v1_0.sc_util_v1_0_4_pipeline(C_DWIDTH...
Compiling module smartconnect_v1_0.sc_switchboard_v1_0_6_top(C_PAYL...
Compiling module xil_defaultlib.bd_48ac_rsw_0
Compiling module smartconnect_v1_0.sc_util_v1_0_4_mux(C_DWIDTH=88,C...
Compiling module smartconnect_v1_0.sc_util_v1_0_4_pipeline(C_DWIDTH...
Compiling module smartconnect_v1_0.sc_switchboard_v1_0_6_top(C_PAYL...
Compiling module xil_defaultlib.bd_48ac_wsw_0
Compiling module xil_defaultlib.switchboards_imp_1MKJLH2
Compiling module xil_defaultlib.bd_48ac
Compiling module xil_defaultlib.design_1_smartconnect_0_0
Compiling module xlconcat_v2_1_1.xlconcat_v2_1_1_xlconcat_default
Compiling module xil_defaultlib.design_1_xlconcat_0_0
Compiling module xil_defaultlib.design_1
Compiling module xil_defaultlib.design_1_wrapper
Compiling module xil_defaultlib.glbl
Built simulation snapshot design_1_wrapper_behav
