21:51:36 INFO  : Registering command handlers for SDK TCF services
21:51:38 INFO  : Launching XSCT server: xsct.bat -interactive E:\FFT-final\dma-accelerator-skeleton\dma-accelerator-skeleton.sdk\temp_xsdb_launch_script.tcl
21:51:45 INFO  : XSCT server has started successfully.
21:51:50 INFO  : Successfully done setting XSCT server connection channel  
21:51:50 INFO  : Successfully done setting SDK workspace  
21:51:50 INFO  : Processing command line option -hwspec E:/FFT-final/dma-accelerator-skeleton/dma-accelerator-skeleton.sdk/design_1_wrapper.hdf.
21:55:41 INFO  : Refreshed build settings on project FFT-new
22:48:27 INFO  : No changes in MSS file content so not generating sources.
22:50:44 INFO  : 'targets -set -filter {jtag_cable_name =~ "Avnet MiniZed V1 1234-oj1A" && level==0} -index 1' command is executed.
22:50:44 INFO  : 'fpga -state' command is executed.
22:50:44 INFO  : Connected to target on host '127.0.0.1' and port '3121'.
22:50:44 INFO  : Jtag cable 'Avnet MiniZed V1 1234-oj1A' is selected.
22:50:44 INFO  : 'jtag frequency' command is executed.
22:50:44 INFO  : Sourcing of 'E:/FFT-final/dma-accelerator-skeleton/dma-accelerator-skeleton.sdk/design_1_wrapper_hw_platform_0/ps7_init.tcl' is done.
22:50:45 INFO  : Context for 'APU' is selected.
22:50:45 INFO  : Hardware design information is loaded from 'E:/FFT-final/dma-accelerator-skeleton/dma-accelerator-skeleton.sdk/design_1_wrapper_hw_platform_0/system.hdf'.
22:50:45 INFO  : 'configparams force-mem-access 1' command is executed.
22:50:45 INFO  : Context for 'APU' is selected.
22:50:45 INFO  : 'stop' command is executed.
22:50:46 INFO  : 'ps7_init' command is executed.
22:50:46 INFO  : 'ps7_post_config' command is executed.
22:50:46 INFO  : Context for processor 'ps7_cortexa9_0' is selected.
22:50:46 INFO  : Processor reset is completed for 'ps7_cortexa9_0'.
22:50:46 INFO  : Context for processor 'ps7_cortexa9_0' is selected.
22:50:47 INFO  : The application 'E:/FFT-final/dma-accelerator-skeleton/dma-accelerator-skeleton.sdk/FFT-new/Debug/FFT-new.elf' is downloaded to processor 'ps7_cortexa9_0'.
22:50:47 INFO  : 'configparams force-mem-access 0' command is executed.
22:50:47 INFO  : ----------------XSDB Script----------------
connect -url tcp:127.0.0.1:3121
source E:/FFT-final/dma-accelerator-skeleton/dma-accelerator-skeleton.sdk/design_1_wrapper_hw_platform_0/ps7_init.tcl
targets -set -nocase -filter {name =~"APU*" && jtag_cable_name =~ "Avnet MiniZed V1 1234-oj1A"} -index 0
loadhw -hw E:/FFT-final/dma-accelerator-skeleton/dma-accelerator-skeleton.sdk/design_1_wrapper_hw_platform_0/system.hdf -mem-ranges [list {0x40000000 0xbfffffff}]
configparams force-mem-access 1
targets -set -nocase -filter {name =~"APU*" && jtag_cable_name =~ "Avnet MiniZed V1 1234-oj1A"} -index 0
stop
ps7_init
ps7_post_config
targets -set -nocase -filter {name =~ "ARM*#0" && jtag_cable_name =~ "Avnet MiniZed V1 1234-oj1A"} -index 0
rst -processor
targets -set -nocase -filter {name =~ "ARM*#0" && jtag_cable_name =~ "Avnet MiniZed V1 1234-oj1A"} -index 0
dow E:/FFT-final/dma-accelerator-skeleton/dma-accelerator-skeleton.sdk/FFT-new/Debug/FFT-new.elf
configparams force-mem-access 0
----------------End of Script----------------

22:50:47 INFO  : Memory regions updated for context APU
22:50:47 INFO  : Context for processor 'ps7_cortexa9_0' is selected.
22:50:47 INFO  : 'con' command is executed.
22:50:47 INFO  : ----------------XSDB Script (After Launch)----------------
targets -set -nocase -filter {name =~ "ARM*#0" && jtag_cable_name =~ "Avnet MiniZed V1 1234-oj1A"} -index 0
con
----------------End of Script----------------

22:50:47 INFO  : Launch script is exported to file 'E:\FFT-final\dma-accelerator-skeleton\dma-accelerator-skeleton.sdk\.sdk\launch_scripts\xilinx_c-c++_application_(system_debugger)\system_debugger_using_debug_fft-new.elf_on_local.tcl'
22:51:05 INFO  : Disconnected from the channel tcfchan#1.
22:51:06 INFO  : Connected to target on host '127.0.0.1' and port '3121'.
22:51:06 INFO  : Jtag cable 'Avnet MiniZed V1 1234-oj1A' is selected.
22:51:06 INFO  : 'jtag frequency' command is executed.
22:51:06 INFO  : Sourcing of 'E:/FFT-final/dma-accelerator-skeleton/dma-accelerator-skeleton.sdk/design_1_wrapper_hw_platform_0/ps7_init.tcl' is done.
22:51:06 INFO  : Context for 'APU' is selected.
22:51:06 INFO  : System reset is completed.
22:51:09 INFO  : 'after 3000' command is executed.
22:51:09 INFO  : 'targets -set -filter {jtag_cable_name =~ "Avnet MiniZed V1 1234-oj1A" && level==0} -index 1' command is executed.
22:51:10 INFO  : FPGA configured successfully with bitstream "E:/FFT-final/dma-accelerator-skeleton/dma-accelerator-skeleton.sdk/design_1_wrapper_hw_platform_0/design_1_wrapper.bit"
22:51:10 INFO  : Context for 'APU' is selected.
22:51:13 INFO  : Hardware design information is loaded from 'E:/FFT-final/dma-accelerator-skeleton/dma-accelerator-skeleton.sdk/design_1_wrapper_hw_platform_0/system.hdf'.
22:51:13 INFO  : 'configparams force-mem-access 1' command is executed.
22:51:13 INFO  : Context for 'APU' is selected.
22:51:13 INFO  : 'ps7_init' command is executed.
22:51:13 INFO  : 'ps7_post_config' command is executed.
22:51:13 INFO  : Context for processor 'ps7_cortexa9_0' is selected.
22:51:14 INFO  : The application 'E:/FFT-final/dma-accelerator-skeleton/dma-accelerator-skeleton.sdk/FFT-new/Debug/FFT-new.elf' is downloaded to processor 'ps7_cortexa9_0'.
22:51:14 INFO  : 'configparams force-mem-access 0' command is executed.
22:51:14 INFO  : ----------------XSDB Script----------------
connect -url tcp:127.0.0.1:3121
source E:/FFT-final/dma-accelerator-skeleton/dma-accelerator-skeleton.sdk/design_1_wrapper_hw_platform_0/ps7_init.tcl
targets -set -nocase -filter {name =~"APU*" && jtag_cable_name =~ "Avnet MiniZed V1 1234-oj1A"} -index 0
rst -system
after 3000
targets -set -filter {jtag_cable_name =~ "Avnet MiniZed V1 1234-oj1A" && level==0} -index 1
fpga -file E:/FFT-final/dma-accelerator-skeleton/dma-accelerator-skeleton.sdk/design_1_wrapper_hw_platform_0/design_1_wrapper.bit
targets -set -nocase -filter {name =~"APU*" && jtag_cable_name =~ "Avnet MiniZed V1 1234-oj1A"} -index 0
loadhw -hw E:/FFT-final/dma-accelerator-skeleton/dma-accelerator-skeleton.sdk/design_1_wrapper_hw_platform_0/system.hdf -mem-ranges [list {0x40000000 0xbfffffff}]
configparams force-mem-access 1
targets -set -nocase -filter {name =~"APU*" && jtag_cable_name =~ "Avnet MiniZed V1 1234-oj1A"} -index 0
ps7_init
ps7_post_config
targets -set -nocase -filter {name =~ "ARM*#0" && jtag_cable_name =~ "Avnet MiniZed V1 1234-oj1A"} -index 0
dow E:/FFT-final/dma-accelerator-skeleton/dma-accelerator-skeleton.sdk/FFT-new/Debug/FFT-new.elf
configparams force-mem-access 0
----------------End of Script----------------

22:51:14 INFO  : Memory regions updated for context APU
22:51:14 INFO  : Context for processor 'ps7_cortexa9_0' is selected.
22:51:14 INFO  : 'con' command is executed.
22:51:14 INFO  : ----------------XSDB Script (After Launch)----------------
targets -set -nocase -filter {name =~ "ARM*#0" && jtag_cable_name =~ "Avnet MiniZed V1 1234-oj1A"} -index 0
con
----------------End of Script----------------

22:51:14 INFO  : Launch script is exported to file 'E:\FFT-final\dma-accelerator-skeleton\dma-accelerator-skeleton.sdk\.sdk\launch_scripts\xilinx_c-c++_application_(system_debugger)\system_debugger_using_debug_fft-new.elf_on_local.tcl'
22:52:16 INFO  : Disconnected from the channel tcfchan#2.
22:52:17 INFO  : Connected to target on host '127.0.0.1' and port '3121'.
22:52:18 INFO  : Jtag cable 'Avnet MiniZed V1 1234-oj1A' is selected.
22:52:18 INFO  : 'jtag frequency' command is executed.
22:52:18 INFO  : Sourcing of 'E:/FFT-final/dma-accelerator-skeleton/dma-accelerator-skeleton.sdk/design_1_wrapper_hw_platform_0/ps7_init.tcl' is done.
22:52:18 INFO  : Context for 'APU' is selected.
22:52:18 INFO  : System reset is completed.
22:52:21 INFO  : 'after 3000' command is executed.
22:52:21 INFO  : 'targets -set -filter {jtag_cable_name =~ "Avnet MiniZed V1 1234-oj1A" && level==0} -index 1' command is executed.
22:52:22 INFO  : FPGA configured successfully with bitstream "E:/FFT-final/dma-accelerator-skeleton/dma-accelerator-skeleton.sdk/design_1_wrapper_hw_platform_0/design_1_wrapper.bit"
22:52:22 INFO  : Context for 'APU' is selected.
22:52:24 INFO  : Hardware design information is loaded from 'E:/FFT-final/dma-accelerator-skeleton/dma-accelerator-skeleton.sdk/design_1_wrapper_hw_platform_0/system.hdf'.
22:52:24 INFO  : 'configparams force-mem-access 1' command is executed.
22:52:24 INFO  : Context for 'APU' is selected.
22:52:25 INFO  : 'ps7_init' command is executed.
22:52:25 INFO  : 'ps7_post_config' command is executed.
22:52:25 INFO  : Context for processor 'ps7_cortexa9_0' is selected.
22:52:25 INFO  : The application 'E:/FFT-final/dma-accelerator-skeleton/dma-accelerator-skeleton.sdk/FFT-new/Debug/FFT-new.elf' is downloaded to processor 'ps7_cortexa9_0'.
22:52:25 INFO  : 'configparams force-mem-access 0' command is executed.
22:52:25 INFO  : ----------------XSDB Script----------------
connect -url tcp:127.0.0.1:3121
source E:/FFT-final/dma-accelerator-skeleton/dma-accelerator-skeleton.sdk/design_1_wrapper_hw_platform_0/ps7_init.tcl
targets -set -nocase -filter {name =~"APU*" && jtag_cable_name =~ "Avnet MiniZed V1 1234-oj1A"} -index 0
rst -system
after 3000
targets -set -filter {jtag_cable_name =~ "Avnet MiniZed V1 1234-oj1A" && level==0} -index 1
fpga -file E:/FFT-final/dma-accelerator-skeleton/dma-accelerator-skeleton.sdk/design_1_wrapper_hw_platform_0/design_1_wrapper.bit
targets -set -nocase -filter {name =~"APU*" && jtag_cable_name =~ "Avnet MiniZed V1 1234-oj1A"} -index 0
loadhw -hw E:/FFT-final/dma-accelerator-skeleton/dma-accelerator-skeleton.sdk/design_1_wrapper_hw_platform_0/system.hdf -mem-ranges [list {0x40000000 0xbfffffff}]
configparams force-mem-access 1
targets -set -nocase -filter {name =~"APU*" && jtag_cable_name =~ "Avnet MiniZed V1 1234-oj1A"} -index 0
ps7_init
ps7_post_config
targets -set -nocase -filter {name =~ "ARM*#0" && jtag_cable_name =~ "Avnet MiniZed V1 1234-oj1A"} -index 0
dow E:/FFT-final/dma-accelerator-skeleton/dma-accelerator-skeleton.sdk/FFT-new/Debug/FFT-new.elf
configparams force-mem-access 0
----------------End of Script----------------

22:52:25 INFO  : Memory regions updated for context APU
22:52:25 INFO  : Context for processor 'ps7_cortexa9_0' is selected.
22:52:25 INFO  : 'con' command is executed.
22:52:25 INFO  : ----------------XSDB Script (After Launch)----------------
targets -set -nocase -filter {name =~ "ARM*#0" && jtag_cable_name =~ "Avnet MiniZed V1 1234-oj1A"} -index 0
con
----------------End of Script----------------

22:52:25 INFO  : Launch script is exported to file 'E:\FFT-final\dma-accelerator-skeleton\dma-accelerator-skeleton.sdk\.sdk\launch_scripts\xilinx_c-c++_application_(system_debugger)\system_debugger_using_debug_fft-new.elf_on_local.tcl'
22:52:46 INFO  : Disconnected from the channel tcfchan#3.
22:52:47 INFO  : Connected to target on host '127.0.0.1' and port '3121'.
22:52:47 INFO  : Jtag cable 'Avnet MiniZed V1 1234-oj1A' is selected.
22:52:47 INFO  : 'jtag frequency' command is executed.
22:52:47 INFO  : Sourcing of 'E:/FFT-final/dma-accelerator-skeleton/dma-accelerator-skeleton.sdk/design_1_wrapper_hw_platform_0/ps7_init.tcl' is done.
22:52:47 INFO  : Context for 'APU' is selected.
22:52:47 INFO  : System reset is completed.
22:52:50 INFO  : 'after 3000' command is executed.
22:52:50 INFO  : 'targets -set -filter {jtag_cable_name =~ "Avnet MiniZed V1 1234-oj1A" && level==0} -index 1' command is executed.
22:52:51 INFO  : FPGA configured successfully with bitstream "E:/FFT-final/dma-accelerator-skeleton/dma-accelerator-skeleton.sdk/design_1_wrapper_hw_platform_0/design_1_wrapper.bit"
22:52:51 INFO  : Context for 'APU' is selected.
22:52:53 INFO  : Hardware design information is loaded from 'E:/FFT-final/dma-accelerator-skeleton/dma-accelerator-skeleton.sdk/design_1_wrapper_hw_platform_0/system.hdf'.
22:52:53 INFO  : 'configparams force-mem-access 1' command is executed.
22:52:53 INFO  : Context for 'APU' is selected.
22:52:54 INFO  : 'ps7_init' command is executed.
22:52:54 INFO  : 'ps7_post_config' command is executed.
22:52:54 INFO  : Context for processor 'ps7_cortexa9_0' is selected.
22:52:54 INFO  : The application 'E:/FFT-final/dma-accelerator-skeleton/dma-accelerator-skeleton.sdk/FFT-new/Debug/FFT-new.elf' is downloaded to processor 'ps7_cortexa9_0'.
22:52:54 INFO  : 'configparams force-mem-access 0' command is executed.
22:52:54 INFO  : ----------------XSDB Script----------------
connect -url tcp:127.0.0.1:3121
source E:/FFT-final/dma-accelerator-skeleton/dma-accelerator-skeleton.sdk/design_1_wrapper_hw_platform_0/ps7_init.tcl
targets -set -nocase -filter {name =~"APU*" && jtag_cable_name =~ "Avnet MiniZed V1 1234-oj1A"} -index 0
rst -system
after 3000
targets -set -filter {jtag_cable_name =~ "Avnet MiniZed V1 1234-oj1A" && level==0} -index 1
fpga -file E:/FFT-final/dma-accelerator-skeleton/dma-accelerator-skeleton.sdk/design_1_wrapper_hw_platform_0/design_1_wrapper.bit
targets -set -nocase -filter {name =~"APU*" && jtag_cable_name =~ "Avnet MiniZed V1 1234-oj1A"} -index 0
loadhw -hw E:/FFT-final/dma-accelerator-skeleton/dma-accelerator-skeleton.sdk/design_1_wrapper_hw_platform_0/system.hdf -mem-ranges [list {0x40000000 0xbfffffff}]
configparams force-mem-access 1
targets -set -nocase -filter {name =~"APU*" && jtag_cable_name =~ "Avnet MiniZed V1 1234-oj1A"} -index 0
ps7_init
ps7_post_config
targets -set -nocase -filter {name =~ "ARM*#0" && jtag_cable_name =~ "Avnet MiniZed V1 1234-oj1A"} -index 0
dow E:/FFT-final/dma-accelerator-skeleton/dma-accelerator-skeleton.sdk/FFT-new/Debug/FFT-new.elf
configparams force-mem-access 0
----------------End of Script----------------

22:52:54 INFO  : Memory regions updated for context APU
22:52:54 INFO  : Context for processor 'ps7_cortexa9_0' is selected.
22:52:54 INFO  : 'con' command is executed.
22:52:54 INFO  : ----------------XSDB Script (After Launch)----------------
targets -set -nocase -filter {name =~ "ARM*#0" && jtag_cable_name =~ "Avnet MiniZed V1 1234-oj1A"} -index 0
con
----------------End of Script----------------

22:52:54 INFO  : Launch script is exported to file 'E:\FFT-final\dma-accelerator-skeleton\dma-accelerator-skeleton.sdk\.sdk\launch_scripts\xilinx_c-c++_application_(system_debugger)\system_debugger_using_debug_fft-new.elf_on_local.tcl'
23:10:05 INFO  : Disconnected from the channel tcfchan#4.
23:10:06 INFO  : Connected to target on host '127.0.0.1' and port '3121'.
23:10:06 INFO  : Jtag cable 'Avnet MiniZed V1 1234-oj1A' is selected.
23:10:06 INFO  : 'jtag frequency' command is executed.
23:10:06 INFO  : Sourcing of 'E:/FFT-final/dma-accelerator-skeleton/dma-accelerator-skeleton.sdk/design_1_wrapper_hw_platform_0/ps7_init.tcl' is done.
23:10:06 INFO  : Context for 'APU' is selected.
23:10:06 INFO  : System reset is completed.
23:10:09 INFO  : 'after 3000' command is executed.
23:10:09 INFO  : 'targets -set -filter {jtag_cable_name =~ "Avnet MiniZed V1 1234-oj1A" && level==0} -index 1' command is executed.
23:10:10 INFO  : FPGA configured successfully with bitstream "E:/FFT-final/dma-accelerator-skeleton/dma-accelerator-skeleton.sdk/design_1_wrapper_hw_platform_0/design_1_wrapper.bit"
23:10:11 INFO  : Context for 'APU' is selected.
23:10:13 INFO  : Hardware design information is loaded from 'E:/FFT-final/dma-accelerator-skeleton/dma-accelerator-skeleton.sdk/design_1_wrapper_hw_platform_0/system.hdf'.
23:10:13 INFO  : 'configparams force-mem-access 1' command is executed.
23:10:13 INFO  : Context for 'APU' is selected.
23:10:13 INFO  : 'ps7_init' command is executed.
23:10:13 INFO  : 'ps7_post_config' command is executed.
23:10:13 INFO  : Context for processor 'ps7_cortexa9_0' is selected.
23:10:13 INFO  : The application 'E:/FFT-final/dma-accelerator-skeleton/dma-accelerator-skeleton.sdk/FFT-new/Debug/FFT-new.elf' is downloaded to processor 'ps7_cortexa9_0'.
23:10:13 INFO  : 'configparams force-mem-access 0' command is executed.
23:10:13 INFO  : ----------------XSDB Script----------------
connect -url tcp:127.0.0.1:3121
source E:/FFT-final/dma-accelerator-skeleton/dma-accelerator-skeleton.sdk/design_1_wrapper_hw_platform_0/ps7_init.tcl
targets -set -nocase -filter {name =~"APU*" && jtag_cable_name =~ "Avnet MiniZed V1 1234-oj1A"} -index 0
rst -system
after 3000
targets -set -filter {jtag_cable_name =~ "Avnet MiniZed V1 1234-oj1A" && level==0} -index 1
fpga -file E:/FFT-final/dma-accelerator-skeleton/dma-accelerator-skeleton.sdk/design_1_wrapper_hw_platform_0/design_1_wrapper.bit
targets -set -nocase -filter {name =~"APU*" && jtag_cable_name =~ "Avnet MiniZed V1 1234-oj1A"} -index 0
loadhw -hw E:/FFT-final/dma-accelerator-skeleton/dma-accelerator-skeleton.sdk/design_1_wrapper_hw_platform_0/system.hdf -mem-ranges [list {0x40000000 0xbfffffff}]
configparams force-mem-access 1
targets -set -nocase -filter {name =~"APU*" && jtag_cable_name =~ "Avnet MiniZed V1 1234-oj1A"} -index 0
ps7_init
ps7_post_config
targets -set -nocase -filter {name =~ "ARM*#0" && jtag_cable_name =~ "Avnet MiniZed V1 1234-oj1A"} -index 0
dow E:/FFT-final/dma-accelerator-skeleton/dma-accelerator-skeleton.sdk/FFT-new/Debug/FFT-new.elf
configparams force-mem-access 0
----------------End of Script----------------

23:10:14 INFO  : Memory regions updated for context APU
23:10:14 INFO  : Context for processor 'ps7_cortexa9_0' is selected.
23:10:14 INFO  : 'con' command is executed.
23:10:14 INFO  : ----------------XSDB Script (After Launch)----------------
targets -set -nocase -filter {name =~ "ARM*#0" && jtag_cable_name =~ "Avnet MiniZed V1 1234-oj1A"} -index 0
con
----------------End of Script----------------

23:10:14 INFO  : Launch script is exported to file 'E:\FFT-final\dma-accelerator-skeleton\dma-accelerator-skeleton.sdk\.sdk\launch_scripts\xilinx_c-c++_application_(system_debugger)\system_debugger_using_debug_fft-new.elf_on_local.tcl'
23:10:53 INFO  : Disconnected from the channel tcfchan#5.
23:10:54 INFO  : Connected to target on host '127.0.0.1' and port '3121'.
23:10:54 INFO  : Jtag cable 'Avnet MiniZed V1 1234-oj1A' is selected.
23:10:54 INFO  : 'jtag frequency' command is executed.
23:10:54 INFO  : Sourcing of 'E:/FFT-final/dma-accelerator-skeleton/dma-accelerator-skeleton.sdk/design_1_wrapper_hw_platform_0/ps7_init.tcl' is done.
23:10:54 INFO  : Context for 'APU' is selected.
23:10:54 INFO  : System reset is completed.
23:10:57 INFO  : 'after 3000' command is executed.
23:10:57 INFO  : 'targets -set -filter {jtag_cable_name =~ "Avnet MiniZed V1 1234-oj1A" && level==0} -index 1' command is executed.
23:10:58 INFO  : FPGA configured successfully with bitstream "E:/FFT-final/dma-accelerator-skeleton/dma-accelerator-skeleton.sdk/design_1_wrapper_hw_platform_0/design_1_wrapper.bit"
23:10:58 INFO  : Context for 'APU' is selected.
23:11:01 INFO  : Hardware design information is loaded from 'E:/FFT-final/dma-accelerator-skeleton/dma-accelerator-skeleton.sdk/design_1_wrapper_hw_platform_0/system.hdf'.
23:11:01 INFO  : 'configparams force-mem-access 1' command is executed.
23:11:01 INFO  : Context for 'APU' is selected.
23:11:02 INFO  : 'ps7_init' command is executed.
23:11:02 INFO  : 'ps7_post_config' command is executed.
23:11:02 INFO  : Context for processor 'ps7_cortexa9_0' is selected.
23:11:02 INFO  : The application 'E:/FFT-final/dma-accelerator-skeleton/dma-accelerator-skeleton.sdk/FFT-new/Debug/FFT-new.elf' is downloaded to processor 'ps7_cortexa9_0'.
23:11:02 INFO  : 'configparams force-mem-access 0' command is executed.
23:11:02 INFO  : ----------------XSDB Script----------------
connect -url tcp:127.0.0.1:3121
source E:/FFT-final/dma-accelerator-skeleton/dma-accelerator-skeleton.sdk/design_1_wrapper_hw_platform_0/ps7_init.tcl
targets -set -nocase -filter {name =~"APU*" && jtag_cable_name =~ "Avnet MiniZed V1 1234-oj1A"} -index 0
rst -system
after 3000
targets -set -filter {jtag_cable_name =~ "Avnet MiniZed V1 1234-oj1A" && level==0} -index 1
fpga -file E:/FFT-final/dma-accelerator-skeleton/dma-accelerator-skeleton.sdk/design_1_wrapper_hw_platform_0/design_1_wrapper.bit
targets -set -nocase -filter {name =~"APU*" && jtag_cable_name =~ "Avnet MiniZed V1 1234-oj1A"} -index 0
loadhw -hw E:/FFT-final/dma-accelerator-skeleton/dma-accelerator-skeleton.sdk/design_1_wrapper_hw_platform_0/system.hdf -mem-ranges [list {0x40000000 0xbfffffff}]
configparams force-mem-access 1
targets -set -nocase -filter {name =~"APU*" && jtag_cable_name =~ "Avnet MiniZed V1 1234-oj1A"} -index 0
ps7_init
ps7_post_config
targets -set -nocase -filter {name =~ "ARM*#0" && jtag_cable_name =~ "Avnet MiniZed V1 1234-oj1A"} -index 0
dow E:/FFT-final/dma-accelerator-skeleton/dma-accelerator-skeleton.sdk/FFT-new/Debug/FFT-new.elf
configparams force-mem-access 0
----------------End of Script----------------

23:11:02 INFO  : Memory regions updated for context APU
23:11:02 INFO  : Context for processor 'ps7_cortexa9_0' is selected.
23:11:02 INFO  : 'con' command is executed.
23:11:02 INFO  : ----------------XSDB Script (After Launch)----------------
targets -set -nocase -filter {name =~ "ARM*#0" && jtag_cable_name =~ "Avnet MiniZed V1 1234-oj1A"} -index 0
con
----------------End of Script----------------

23:11:02 INFO  : Launch script is exported to file 'E:\FFT-final\dma-accelerator-skeleton\dma-accelerator-skeleton.sdk\.sdk\launch_scripts\xilinx_c-c++_application_(system_debugger)\system_debugger_using_debug_fft-new.elf_on_local.tcl'
23:12:04 INFO  : Disconnected from the channel tcfchan#6.
23:12:05 INFO  : Connected to target on host '127.0.0.1' and port '3121'.
23:12:05 INFO  : Jtag cable 'Avnet MiniZed V1 1234-oj1A' is selected.
23:12:05 INFO  : 'jtag frequency' command is executed.
23:12:05 INFO  : Sourcing of 'E:/FFT-final/dma-accelerator-skeleton/dma-accelerator-skeleton.sdk/design_1_wrapper_hw_platform_0/ps7_init.tcl' is done.
23:12:05 INFO  : Context for 'APU' is selected.
23:12:05 INFO  : System reset is completed.
23:12:08 INFO  : 'after 3000' command is executed.
23:12:08 INFO  : 'targets -set -filter {jtag_cable_name =~ "Avnet MiniZed V1 1234-oj1A" && level==0} -index 1' command is executed.
23:12:10 INFO  : FPGA configured successfully with bitstream "E:/FFT-final/dma-accelerator-skeleton/dma-accelerator-skeleton.sdk/design_1_wrapper_hw_platform_0/design_1_wrapper.bit"
23:12:10 INFO  : Context for 'APU' is selected.
23:12:12 INFO  : Hardware design information is loaded from 'E:/FFT-final/dma-accelerator-skeleton/dma-accelerator-skeleton.sdk/design_1_wrapper_hw_platform_0/system.hdf'.
23:12:12 INFO  : 'configparams force-mem-access 1' command is executed.
23:12:12 INFO  : Context for 'APU' is selected.
23:12:13 INFO  : 'ps7_init' command is executed.
23:12:13 INFO  : 'ps7_post_config' command is executed.
23:12:13 INFO  : Context for processor 'ps7_cortexa9_0' is selected.
23:12:13 INFO  : The application 'E:/FFT-final/dma-accelerator-skeleton/dma-accelerator-skeleton.sdk/FFT-new/Debug/FFT-new.elf' is downloaded to processor 'ps7_cortexa9_0'.
23:12:13 INFO  : 'configparams force-mem-access 0' command is executed.
23:12:13 INFO  : ----------------XSDB Script----------------
connect -url tcp:127.0.0.1:3121
source E:/FFT-final/dma-accelerator-skeleton/dma-accelerator-skeleton.sdk/design_1_wrapper_hw_platform_0/ps7_init.tcl
targets -set -nocase -filter {name =~"APU*" && jtag_cable_name =~ "Avnet MiniZed V1 1234-oj1A"} -index 0
rst -system
after 3000
targets -set -filter {jtag_cable_name =~ "Avnet MiniZed V1 1234-oj1A" && level==0} -index 1
fpga -file E:/FFT-final/dma-accelerator-skeleton/dma-accelerator-skeleton.sdk/design_1_wrapper_hw_platform_0/design_1_wrapper.bit
targets -set -nocase -filter {name =~"APU*" && jtag_cable_name =~ "Avnet MiniZed V1 1234-oj1A"} -index 0
loadhw -hw E:/FFT-final/dma-accelerator-skeleton/dma-accelerator-skeleton.sdk/design_1_wrapper_hw_platform_0/system.hdf -mem-ranges [list {0x40000000 0xbfffffff}]
configparams force-mem-access 1
targets -set -nocase -filter {name =~"APU*" && jtag_cable_name =~ "Avnet MiniZed V1 1234-oj1A"} -index 0
ps7_init
ps7_post_config
targets -set -nocase -filter {name =~ "ARM*#0" && jtag_cable_name =~ "Avnet MiniZed V1 1234-oj1A"} -index 0
dow E:/FFT-final/dma-accelerator-skeleton/dma-accelerator-skeleton.sdk/FFT-new/Debug/FFT-new.elf
configparams force-mem-access 0
----------------End of Script----------------

23:12:13 INFO  : Memory regions updated for context APU
23:12:13 INFO  : Context for processor 'ps7_cortexa9_0' is selected.
23:12:13 INFO  : 'con' command is executed.
23:12:13 INFO  : ----------------XSDB Script (After Launch)----------------
targets -set -nocase -filter {name =~ "ARM*#0" && jtag_cable_name =~ "Avnet MiniZed V1 1234-oj1A"} -index 0
con
----------------End of Script----------------

23:12:13 INFO  : Launch script is exported to file 'E:\FFT-final\dma-accelerator-skeleton\dma-accelerator-skeleton.sdk\.sdk\launch_scripts\xilinx_c-c++_application_(system_debugger)\system_debugger_using_debug_fft-new.elf_on_local.tcl'
23:12:40 INFO  : Disconnected from the channel tcfchan#7.
23:12:41 INFO  : Connected to target on host '127.0.0.1' and port '3121'.
23:12:41 INFO  : Jtag cable 'Avnet MiniZed V1 1234-oj1A' is selected.
23:12:41 INFO  : 'jtag frequency' command is executed.
23:12:41 INFO  : Sourcing of 'E:/FFT-final/dma-accelerator-skeleton/dma-accelerator-skeleton.sdk/design_1_wrapper_hw_platform_0/ps7_init.tcl' is done.
23:12:41 INFO  : Context for 'APU' is selected.
23:12:41 INFO  : System reset is completed.
23:12:44 INFO  : 'after 3000' command is executed.
23:12:44 INFO  : 'targets -set -filter {jtag_cable_name =~ "Avnet MiniZed V1 1234-oj1A" && level==0} -index 1' command is executed.
23:12:46 INFO  : FPGA configured successfully with bitstream "E:/FFT-final/dma-accelerator-skeleton/dma-accelerator-skeleton.sdk/design_1_wrapper_hw_platform_0/design_1_wrapper.bit"
23:12:46 INFO  : Context for 'APU' is selected.
23:12:48 INFO  : Hardware design information is loaded from 'E:/FFT-final/dma-accelerator-skeleton/dma-accelerator-skeleton.sdk/design_1_wrapper_hw_platform_0/system.hdf'.
23:12:48 INFO  : 'configparams force-mem-access 1' command is executed.
23:12:48 INFO  : Context for 'APU' is selected.
23:12:48 INFO  : 'ps7_init' command is executed.
23:12:48 INFO  : 'ps7_post_config' command is executed.
23:12:48 INFO  : Context for processor 'ps7_cortexa9_0' is selected.
23:12:49 INFO  : The application 'E:/FFT-final/dma-accelerator-skeleton/dma-accelerator-skeleton.sdk/FFT-new/Debug/FFT-new.elf' is downloaded to processor 'ps7_cortexa9_0'.
23:12:49 INFO  : 'configparams force-mem-access 0' command is executed.
23:12:49 INFO  : ----------------XSDB Script----------------
connect -url tcp:127.0.0.1:3121
source E:/FFT-final/dma-accelerator-skeleton/dma-accelerator-skeleton.sdk/design_1_wrapper_hw_platform_0/ps7_init.tcl
targets -set -nocase -filter {name =~"APU*" && jtag_cable_name =~ "Avnet MiniZed V1 1234-oj1A"} -index 0
rst -system
after 3000
targets -set -filter {jtag_cable_name =~ "Avnet MiniZed V1 1234-oj1A" && level==0} -index 1
fpga -file E:/FFT-final/dma-accelerator-skeleton/dma-accelerator-skeleton.sdk/design_1_wrapper_hw_platform_0/design_1_wrapper.bit
targets -set -nocase -filter {name =~"APU*" && jtag_cable_name =~ "Avnet MiniZed V1 1234-oj1A"} -index 0
loadhw -hw E:/FFT-final/dma-accelerator-skeleton/dma-accelerator-skeleton.sdk/design_1_wrapper_hw_platform_0/system.hdf -mem-ranges [list {0x40000000 0xbfffffff}]
configparams force-mem-access 1
targets -set -nocase -filter {name =~"APU*" && jtag_cable_name =~ "Avnet MiniZed V1 1234-oj1A"} -index 0
ps7_init
ps7_post_config
targets -set -nocase -filter {name =~ "ARM*#0" && jtag_cable_name =~ "Avnet MiniZed V1 1234-oj1A"} -index 0
dow E:/FFT-final/dma-accelerator-skeleton/dma-accelerator-skeleton.sdk/FFT-new/Debug/FFT-new.elf
configparams force-mem-access 0
----------------End of Script----------------

23:12:49 INFO  : Memory regions updated for context APU
23:12:49 INFO  : Context for processor 'ps7_cortexa9_0' is selected.
23:12:49 INFO  : 'con' command is executed.
23:12:49 INFO  : ----------------XSDB Script (After Launch)----------------
targets -set -nocase -filter {name =~ "ARM*#0" && jtag_cable_name =~ "Avnet MiniZed V1 1234-oj1A"} -index 0
con
----------------End of Script----------------

23:12:49 INFO  : Launch script is exported to file 'E:\FFT-final\dma-accelerator-skeleton\dma-accelerator-skeleton.sdk\.sdk\launch_scripts\xilinx_c-c++_application_(system_debugger)\system_debugger_using_debug_fft-new.elf_on_local.tcl'
23:13:16 INFO  : Connected to target on host '127.0.0.1' and port '3121'.
23:13:16 INFO  : 'targets -set -filter {jtag_cable_name =~ "Avnet MiniZed V1 1234-oj1A" && level==0} -index 1' command is executed.
23:13:17 INFO  : FPGA configured successfully with bitstream "E:/FFT-final/dma-accelerator-skeleton/dma-accelerator-skeleton.sdk/design_1_wrapper_hw_platform_0/design_1_wrapper.bit"
23:13:36 INFO  : Disconnected from the channel tcfchan#8.
23:13:37 INFO  : Connected to target on host '127.0.0.1' and port '3121'.
23:13:38 INFO  : Jtag cable 'Avnet MiniZed V1 1234-oj1A' is selected.
23:13:38 INFO  : 'jtag frequency' command is executed.
23:13:38 INFO  : Sourcing of 'E:/FFT-final/dma-accelerator-skeleton/dma-accelerator-skeleton.sdk/design_1_wrapper_hw_platform_0/ps7_init.tcl' is done.
23:13:38 INFO  : Context for 'APU' is selected.
23:13:38 INFO  : System reset is completed.
23:13:41 INFO  : 'after 3000' command is executed.
23:13:41 INFO  : 'targets -set -filter {jtag_cable_name =~ "Avnet MiniZed V1 1234-oj1A" && level==0} -index 1' command is executed.
23:13:42 INFO  : FPGA configured successfully with bitstream "E:/FFT-final/dma-accelerator-skeleton/dma-accelerator-skeleton.sdk/design_1_wrapper_hw_platform_0/design_1_wrapper.bit"
23:13:42 INFO  : Context for 'APU' is selected.
23:13:44 INFO  : Hardware design information is loaded from 'E:/FFT-final/dma-accelerator-skeleton/dma-accelerator-skeleton.sdk/design_1_wrapper_hw_platform_0/system.hdf'.
23:13:44 INFO  : 'configparams force-mem-access 1' command is executed.
23:13:44 INFO  : Context for 'APU' is selected.
23:13:44 INFO  : 'ps7_init' command is executed.
23:13:44 INFO  : 'ps7_post_config' command is executed.
23:13:44 INFO  : Context for processor 'ps7_cortexa9_0' is selected.
23:13:45 INFO  : The application 'E:/FFT-final/dma-accelerator-skeleton/dma-accelerator-skeleton.sdk/FFT-new/Debug/FFT-new.elf' is downloaded to processor 'ps7_cortexa9_0'.
23:13:45 INFO  : 'configparams force-mem-access 0' command is executed.
23:13:45 INFO  : ----------------XSDB Script----------------
connect -url tcp:127.0.0.1:3121
source E:/FFT-final/dma-accelerator-skeleton/dma-accelerator-skeleton.sdk/design_1_wrapper_hw_platform_0/ps7_init.tcl
targets -set -nocase -filter {name =~"APU*" && jtag_cable_name =~ "Avnet MiniZed V1 1234-oj1A"} -index 0
rst -system
after 3000
targets -set -filter {jtag_cable_name =~ "Avnet MiniZed V1 1234-oj1A" && level==0} -index 1
fpga -file E:/FFT-final/dma-accelerator-skeleton/dma-accelerator-skeleton.sdk/design_1_wrapper_hw_platform_0/design_1_wrapper.bit
targets -set -nocase -filter {name =~"APU*" && jtag_cable_name =~ "Avnet MiniZed V1 1234-oj1A"} -index 0
loadhw -hw E:/FFT-final/dma-accelerator-skeleton/dma-accelerator-skeleton.sdk/design_1_wrapper_hw_platform_0/system.hdf -mem-ranges [list {0x40000000 0xbfffffff}]
configparams force-mem-access 1
targets -set -nocase -filter {name =~"APU*" && jtag_cable_name =~ "Avnet MiniZed V1 1234-oj1A"} -index 0
ps7_init
ps7_post_config
targets -set -nocase -filter {name =~ "ARM*#0" && jtag_cable_name =~ "Avnet MiniZed V1 1234-oj1A"} -index 0
dow E:/FFT-final/dma-accelerator-skeleton/dma-accelerator-skeleton.sdk/FFT-new/Debug/FFT-new.elf
configparams force-mem-access 0
----------------End of Script----------------

23:13:45 INFO  : Memory regions updated for context APU
23:13:45 INFO  : Context for processor 'ps7_cortexa9_0' is selected.
23:13:45 INFO  : 'con' command is executed.
23:13:45 INFO  : ----------------XSDB Script (After Launch)----------------
targets -set -nocase -filter {name =~ "ARM*#0" && jtag_cable_name =~ "Avnet MiniZed V1 1234-oj1A"} -index 0
con
----------------End of Script----------------

23:13:45 INFO  : Launch script is exported to file 'E:\FFT-final\dma-accelerator-skeleton\dma-accelerator-skeleton.sdk\.sdk\launch_scripts\xilinx_c-c++_application_(system_debugger)\system_debugger_using_debug_fft-new.elf_on_local.tcl'
23:16:32 INFO  : No changes in MSS file content so not generating sources.
23:17:07 INFO  : Disconnected from the channel tcfchan#9.
23:17:08 INFO  : Connected to target on host '127.0.0.1' and port '3121'.
23:17:09 INFO  : Jtag cable 'Avnet MiniZed V1 1234-oj1A' is selected.
23:17:09 INFO  : 'jtag frequency' command is executed.
23:17:09 INFO  : Sourcing of 'E:/FFT-final/dma-accelerator-skeleton/dma-accelerator-skeleton.sdk/design_1_wrapper_hw_platform_0/ps7_init.tcl' is done.
23:17:09 INFO  : Context for 'APU' is selected.
23:17:09 INFO  : System reset is completed.
23:17:12 INFO  : 'after 3000' command is executed.
23:17:12 INFO  : 'targets -set -filter {jtag_cable_name =~ "Avnet MiniZed V1 1234-oj1A" && level==0} -index 1' command is executed.
23:17:13 INFO  : FPGA configured successfully with bitstream "E:/FFT-final/dma-accelerator-skeleton/dma-accelerator-skeleton.sdk/design_1_wrapper_hw_platform_0/design_1_wrapper.bit"
23:17:13 INFO  : Context for 'APU' is selected.
23:17:16 INFO  : Hardware design information is loaded from 'E:/FFT-final/dma-accelerator-skeleton/dma-accelerator-skeleton.sdk/design_1_wrapper_hw_platform_0/system.hdf'.
23:17:16 INFO  : 'configparams force-mem-access 1' command is executed.
23:17:16 INFO  : Context for 'APU' is selected.
23:17:17 INFO  : 'ps7_init' command is executed.
23:17:17 INFO  : 'ps7_post_config' command is executed.
23:17:17 INFO  : Context for processor 'ps7_cortexa9_0' is selected.
23:17:17 INFO  : The application 'E:/FFT-final/dma-accelerator-skeleton/dma-accelerator-skeleton.sdk/FFT-new/Debug/FFT-new.elf' is downloaded to processor 'ps7_cortexa9_0'.
23:17:17 INFO  : 'configparams force-mem-access 0' command is executed.
23:17:17 INFO  : ----------------XSDB Script----------------
connect -url tcp:127.0.0.1:3121
source E:/FFT-final/dma-accelerator-skeleton/dma-accelerator-skeleton.sdk/design_1_wrapper_hw_platform_0/ps7_init.tcl
targets -set -nocase -filter {name =~"APU*" && jtag_cable_name =~ "Avnet MiniZed V1 1234-oj1A"} -index 0
rst -system
after 3000
targets -set -filter {jtag_cable_name =~ "Avnet MiniZed V1 1234-oj1A" && level==0} -index 1
fpga -file E:/FFT-final/dma-accelerator-skeleton/dma-accelerator-skeleton.sdk/design_1_wrapper_hw_platform_0/design_1_wrapper.bit
targets -set -nocase -filter {name =~"APU*" && jtag_cable_name =~ "Avnet MiniZed V1 1234-oj1A"} -index 0
loadhw -hw E:/FFT-final/dma-accelerator-skeleton/dma-accelerator-skeleton.sdk/design_1_wrapper_hw_platform_0/system.hdf -mem-ranges [list {0x40000000 0xbfffffff}]
configparams force-mem-access 1
targets -set -nocase -filter {name =~"APU*" && jtag_cable_name =~ "Avnet MiniZed V1 1234-oj1A"} -index 0
ps7_init
ps7_post_config
targets -set -nocase -filter {name =~ "ARM*#0" && jtag_cable_name =~ "Avnet MiniZed V1 1234-oj1A"} -index 0
dow E:/FFT-final/dma-accelerator-skeleton/dma-accelerator-skeleton.sdk/FFT-new/Debug/FFT-new.elf
configparams force-mem-access 0
----------------End of Script----------------

23:17:17 INFO  : Memory regions updated for context APU
23:17:17 INFO  : Context for processor 'ps7_cortexa9_0' is selected.
23:17:17 INFO  : 'con' command is executed.
23:17:17 INFO  : ----------------XSDB Script (After Launch)----------------
targets -set -nocase -filter {name =~ "ARM*#0" && jtag_cable_name =~ "Avnet MiniZed V1 1234-oj1A"} -index 0
con
----------------End of Script----------------

23:17:17 INFO  : Launch script is exported to file 'E:\FFT-final\dma-accelerator-skeleton\dma-accelerator-skeleton.sdk\.sdk\launch_scripts\xilinx_c-c++_application_(system_debugger)\system_debugger_using_debug_fft-new.elf_on_local.tcl'
23:18:21 INFO  : Disconnected from the channel tcfchan#10.
23:18:22 INFO  : Connected to target on host '127.0.0.1' and port '3121'.
23:18:22 INFO  : Jtag cable 'Avnet MiniZed V1 1234-oj1A' is selected.
23:18:22 INFO  : 'jtag frequency' command is executed.
23:18:22 INFO  : Sourcing of 'E:/FFT-final/dma-accelerator-skeleton/dma-accelerator-skeleton.sdk/design_1_wrapper_hw_platform_0/ps7_init.tcl' is done.
23:18:22 INFO  : Context for 'APU' is selected.
23:18:22 INFO  : System reset is completed.
23:18:25 INFO  : 'after 3000' command is executed.
23:18:25 INFO  : 'targets -set -filter {jtag_cable_name =~ "Avnet MiniZed V1 1234-oj1A" && level==0} -index 1' command is executed.
23:18:26 INFO  : FPGA configured successfully with bitstream "E:/FFT-final/dma-accelerator-skeleton/dma-accelerator-skeleton.sdk/design_1_wrapper_hw_platform_0/design_1_wrapper.bit"
23:18:27 INFO  : Context for 'APU' is selected.
23:18:29 INFO  : Hardware design information is loaded from 'E:/FFT-final/dma-accelerator-skeleton/dma-accelerator-skeleton.sdk/design_1_wrapper_hw_platform_0/system.hdf'.
23:18:29 INFO  : 'configparams force-mem-access 1' command is executed.
23:18:29 INFO  : Context for 'APU' is selected.
23:18:30 INFO  : 'ps7_init' command is executed.
23:18:30 INFO  : 'ps7_post_config' command is executed.
23:18:30 INFO  : Context for processor 'ps7_cortexa9_0' is selected.
23:18:30 INFO  : The application 'E:/FFT-final/dma-accelerator-skeleton/dma-accelerator-skeleton.sdk/FFT-new/Debug/FFT-new.elf' is downloaded to processor 'ps7_cortexa9_0'.
23:18:30 INFO  : 'configparams force-mem-access 0' command is executed.
23:18:30 INFO  : ----------------XSDB Script----------------
connect -url tcp:127.0.0.1:3121
source E:/FFT-final/dma-accelerator-skeleton/dma-accelerator-skeleton.sdk/design_1_wrapper_hw_platform_0/ps7_init.tcl
targets -set -nocase -filter {name =~"APU*" && jtag_cable_name =~ "Avnet MiniZed V1 1234-oj1A"} -index 0
rst -system
after 3000
targets -set -filter {jtag_cable_name =~ "Avnet MiniZed V1 1234-oj1A" && level==0} -index 1
fpga -file E:/FFT-final/dma-accelerator-skeleton/dma-accelerator-skeleton.sdk/design_1_wrapper_hw_platform_0/design_1_wrapper.bit
targets -set -nocase -filter {name =~"APU*" && jtag_cable_name =~ "Avnet MiniZed V1 1234-oj1A"} -index 0
loadhw -hw E:/FFT-final/dma-accelerator-skeleton/dma-accelerator-skeleton.sdk/design_1_wrapper_hw_platform_0/system.hdf -mem-ranges [list {0x40000000 0xbfffffff}]
configparams force-mem-access 1
targets -set -nocase -filter {name =~"APU*" && jtag_cable_name =~ "Avnet MiniZed V1 1234-oj1A"} -index 0
ps7_init
ps7_post_config
targets -set -nocase -filter {name =~ "ARM*#0" && jtag_cable_name =~ "Avnet MiniZed V1 1234-oj1A"} -index 0
dow E:/FFT-final/dma-accelerator-skeleton/dma-accelerator-skeleton.sdk/FFT-new/Debug/FFT-new.elf
configparams force-mem-access 0
----------------End of Script----------------

23:18:30 INFO  : Memory regions updated for context APU
23:18:30 INFO  : Context for processor 'ps7_cortexa9_0' is selected.
23:18:30 INFO  : 'con' command is executed.
23:18:30 INFO  : ----------------XSDB Script (After Launch)----------------
targets -set -nocase -filter {name =~ "ARM*#0" && jtag_cable_name =~ "Avnet MiniZed V1 1234-oj1A"} -index 0
con
----------------End of Script----------------

23:18:30 INFO  : Launch script is exported to file 'E:\FFT-final\dma-accelerator-skeleton\dma-accelerator-skeleton.sdk\.sdk\launch_scripts\xilinx_c-c++_application_(system_debugger)\system_debugger_using_debug_fft-new.elf_on_local.tcl'
23:20:09 INFO  : Disconnected from the channel tcfchan#11.
23:20:10 INFO  : Connected to target on host '127.0.0.1' and port '3121'.
23:20:10 INFO  : Jtag cable 'Avnet MiniZed V1 1234-oj1A' is selected.
23:20:10 INFO  : 'jtag frequency' command is executed.
23:20:10 INFO  : Sourcing of 'E:/FFT-final/dma-accelerator-skeleton/dma-accelerator-skeleton.sdk/design_1_wrapper_hw_platform_0/ps7_init.tcl' is done.
23:20:10 INFO  : Context for 'APU' is selected.
23:20:10 INFO  : System reset is completed.
23:20:13 INFO  : 'after 3000' command is executed.
23:20:13 INFO  : 'targets -set -filter {jtag_cable_name =~ "Avnet MiniZed V1 1234-oj1A" && level==0} -index 1' command is executed.
23:20:15 INFO  : FPGA configured successfully with bitstream "E:/FFT-final/dma-accelerator-skeleton/dma-accelerator-skeleton.sdk/design_1_wrapper_hw_platform_0/design_1_wrapper.bit"
23:20:15 INFO  : Context for 'APU' is selected.
23:20:17 INFO  : Hardware design information is loaded from 'E:/FFT-final/dma-accelerator-skeleton/dma-accelerator-skeleton.sdk/design_1_wrapper_hw_platform_0/system.hdf'.
23:20:17 INFO  : 'configparams force-mem-access 1' command is executed.
23:20:17 INFO  : Context for 'APU' is selected.
23:20:17 INFO  : 'ps7_init' command is executed.
23:20:17 INFO  : 'ps7_post_config' command is executed.
23:20:17 INFO  : Context for processor 'ps7_cortexa9_0' is selected.
23:20:18 INFO  : The application 'E:/FFT-final/dma-accelerator-skeleton/dma-accelerator-skeleton.sdk/FFT-new/Debug/FFT-new.elf' is downloaded to processor 'ps7_cortexa9_0'.
23:20:18 INFO  : 'configparams force-mem-access 0' command is executed.
23:20:18 INFO  : ----------------XSDB Script----------------
connect -url tcp:127.0.0.1:3121
source E:/FFT-final/dma-accelerator-skeleton/dma-accelerator-skeleton.sdk/design_1_wrapper_hw_platform_0/ps7_init.tcl
targets -set -nocase -filter {name =~"APU*" && jtag_cable_name =~ "Avnet MiniZed V1 1234-oj1A"} -index 0
rst -system
after 3000
targets -set -filter {jtag_cable_name =~ "Avnet MiniZed V1 1234-oj1A" && level==0} -index 1
fpga -file E:/FFT-final/dma-accelerator-skeleton/dma-accelerator-skeleton.sdk/design_1_wrapper_hw_platform_0/design_1_wrapper.bit
targets -set -nocase -filter {name =~"APU*" && jtag_cable_name =~ "Avnet MiniZed V1 1234-oj1A"} -index 0
loadhw -hw E:/FFT-final/dma-accelerator-skeleton/dma-accelerator-skeleton.sdk/design_1_wrapper_hw_platform_0/system.hdf -mem-ranges [list {0x40000000 0xbfffffff}]
configparams force-mem-access 1
targets -set -nocase -filter {name =~"APU*" && jtag_cable_name =~ "Avnet MiniZed V1 1234-oj1A"} -index 0
ps7_init
ps7_post_config
targets -set -nocase -filter {name =~ "ARM*#0" && jtag_cable_name =~ "Avnet MiniZed V1 1234-oj1A"} -index 0
dow E:/FFT-final/dma-accelerator-skeleton/dma-accelerator-skeleton.sdk/FFT-new/Debug/FFT-new.elf
configparams force-mem-access 0
----------------End of Script----------------

23:20:18 INFO  : Memory regions updated for context APU
23:20:18 INFO  : Context for processor 'ps7_cortexa9_0' is selected.
23:20:18 INFO  : 'con' command is executed.
23:20:18 INFO  : ----------------XSDB Script (After Launch)----------------
targets -set -nocase -filter {name =~ "ARM*#0" && jtag_cable_name =~ "Avnet MiniZed V1 1234-oj1A"} -index 0
con
----------------End of Script----------------

23:20:18 INFO  : Launch script is exported to file 'E:\FFT-final\dma-accelerator-skeleton\dma-accelerator-skeleton.sdk\.sdk\launch_scripts\xilinx_c-c++_application_(system_debugger)\system_debugger_using_debug_fft-new.elf_on_local.tcl'
23:24:59 INFO  : Disconnected from the channel tcfchan#12.
23:25:00 INFO  : Connected to target on host '127.0.0.1' and port '3121'.
23:25:00 INFO  : Jtag cable 'Avnet MiniZed V1 1234-oj1A' is selected.
23:25:00 INFO  : 'jtag frequency' command is executed.
23:25:00 INFO  : Sourcing of 'E:/FFT-final/dma-accelerator-skeleton/dma-accelerator-skeleton.sdk/design_1_wrapper_hw_platform_0/ps7_init.tcl' is done.
23:25:00 INFO  : Context for 'APU' is selected.
23:25:00 INFO  : System reset is completed.
23:25:03 INFO  : 'after 3000' command is executed.
23:25:03 INFO  : 'targets -set -filter {jtag_cable_name =~ "Avnet MiniZed V1 1234-oj1A" && level==0} -index 1' command is executed.
23:25:05 INFO  : FPGA configured successfully with bitstream "E:/FFT-final/dma-accelerator-skeleton/dma-accelerator-skeleton.sdk/design_1_wrapper_hw_platform_0/design_1_wrapper.bit"
23:25:05 INFO  : Context for 'APU' is selected.
23:25:07 INFO  : Hardware design information is loaded from 'E:/FFT-final/dma-accelerator-skeleton/dma-accelerator-skeleton.sdk/design_1_wrapper_hw_platform_0/system.hdf'.
23:25:07 INFO  : 'configparams force-mem-access 1' command is executed.
23:25:07 INFO  : Context for 'APU' is selected.
23:25:07 INFO  : 'ps7_init' command is executed.
23:25:07 INFO  : 'ps7_post_config' command is executed.
23:25:07 INFO  : Context for processor 'ps7_cortexa9_0' is selected.
23:25:08 INFO  : The application 'E:/FFT-final/dma-accelerator-skeleton/dma-accelerator-skeleton.sdk/FFT-new/Debug/FFT-new.elf' is downloaded to processor 'ps7_cortexa9_0'.
23:25:08 INFO  : 'configparams force-mem-access 0' command is executed.
23:25:08 INFO  : ----------------XSDB Script----------------
connect -url tcp:127.0.0.1:3121
source E:/FFT-final/dma-accelerator-skeleton/dma-accelerator-skeleton.sdk/design_1_wrapper_hw_platform_0/ps7_init.tcl
targets -set -nocase -filter {name =~"APU*" && jtag_cable_name =~ "Avnet MiniZed V1 1234-oj1A"} -index 0
rst -system
after 3000
targets -set -filter {jtag_cable_name =~ "Avnet MiniZed V1 1234-oj1A" && level==0} -index 1
fpga -file E:/FFT-final/dma-accelerator-skeleton/dma-accelerator-skeleton.sdk/design_1_wrapper_hw_platform_0/design_1_wrapper.bit
targets -set -nocase -filter {name =~"APU*" && jtag_cable_name =~ "Avnet MiniZed V1 1234-oj1A"} -index 0
loadhw -hw E:/FFT-final/dma-accelerator-skeleton/dma-accelerator-skeleton.sdk/design_1_wrapper_hw_platform_0/system.hdf -mem-ranges [list {0x40000000 0xbfffffff}]
configparams force-mem-access 1
targets -set -nocase -filter {name =~"APU*" && jtag_cable_name =~ "Avnet MiniZed V1 1234-oj1A"} -index 0
ps7_init
ps7_post_config
targets -set -nocase -filter {name =~ "ARM*#0" && jtag_cable_name =~ "Avnet MiniZed V1 1234-oj1A"} -index 0
dow E:/FFT-final/dma-accelerator-skeleton/dma-accelerator-skeleton.sdk/FFT-new/Debug/FFT-new.elf
configparams force-mem-access 0
----------------End of Script----------------

23:25:08 INFO  : Memory regions updated for context APU
23:25:08 INFO  : Context for processor 'ps7_cortexa9_0' is selected.
23:25:08 INFO  : 'con' command is executed.
23:25:08 INFO  : ----------------XSDB Script (After Launch)----------------
targets -set -nocase -filter {name =~ "ARM*#0" && jtag_cable_name =~ "Avnet MiniZed V1 1234-oj1A"} -index 0
con
----------------End of Script----------------

23:25:08 INFO  : Launch script is exported to file 'E:\FFT-final\dma-accelerator-skeleton\dma-accelerator-skeleton.sdk\.sdk\launch_scripts\xilinx_c-c++_application_(system_debugger)\system_debugger_using_debug_fft-new.elf_on_local.tcl'
00:43:28 INFO  : Disconnected from the channel tcfchan#13.
00:43:29 INFO  : Connected to target on host '127.0.0.1' and port '3121'.
00:43:29 INFO  : Jtag cable 'Avnet MiniZed V1 1234-oj1A' is selected.
00:43:29 INFO  : 'jtag frequency' command is executed.
00:43:29 INFO  : Sourcing of 'E:/FFT-final/dma-accelerator-skeleton/dma-accelerator-skeleton.sdk/design_1_wrapper_hw_platform_0/ps7_init.tcl' is done.
00:43:29 INFO  : Context for 'APU' is selected.
00:43:29 INFO  : System reset is completed.
00:43:32 INFO  : 'after 3000' command is executed.
00:43:32 INFO  : 'targets -set -filter {jtag_cable_name =~ "Avnet MiniZed V1 1234-oj1A" && level==0} -index 1' command is executed.
00:43:33 INFO  : FPGA configured successfully with bitstream "E:/FFT-final/dma-accelerator-skeleton/dma-accelerator-skeleton.sdk/design_1_wrapper_hw_platform_0/design_1_wrapper.bit"
00:43:34 INFO  : Context for 'APU' is selected.
00:43:36 INFO  : Hardware design information is loaded from 'E:/FFT-final/dma-accelerator-skeleton/dma-accelerator-skeleton.sdk/design_1_wrapper_hw_platform_0/system.hdf'.
00:43:36 INFO  : 'configparams force-mem-access 1' command is executed.
00:43:36 INFO  : Context for 'APU' is selected.
00:43:36 INFO  : 'ps7_init' command is executed.
00:43:36 INFO  : 'ps7_post_config' command is executed.
00:43:36 INFO  : Context for processor 'ps7_cortexa9_0' is selected.
00:43:36 INFO  : The application 'E:/FFT-final/dma-accelerator-skeleton/dma-accelerator-skeleton.sdk/FFT-new/Debug/FFT-new.elf' is downloaded to processor 'ps7_cortexa9_0'.
00:43:36 INFO  : 'configparams force-mem-access 0' command is executed.
00:43:36 INFO  : ----------------XSDB Script----------------
connect -url tcp:127.0.0.1:3121
source E:/FFT-final/dma-accelerator-skeleton/dma-accelerator-skeleton.sdk/design_1_wrapper_hw_platform_0/ps7_init.tcl
targets -set -nocase -filter {name =~"APU*" && jtag_cable_name =~ "Avnet MiniZed V1 1234-oj1A"} -index 0
rst -system
after 3000
targets -set -filter {jtag_cable_name =~ "Avnet MiniZed V1 1234-oj1A" && level==0} -index 1
fpga -file E:/FFT-final/dma-accelerator-skeleton/dma-accelerator-skeleton.sdk/design_1_wrapper_hw_platform_0/design_1_wrapper.bit
targets -set -nocase -filter {name =~"APU*" && jtag_cable_name =~ "Avnet MiniZed V1 1234-oj1A"} -index 0
loadhw -hw E:/FFT-final/dma-accelerator-skeleton/dma-accelerator-skeleton.sdk/design_1_wrapper_hw_platform_0/system.hdf -mem-ranges [list {0x40000000 0xbfffffff}]
configparams force-mem-access 1
targets -set -nocase -filter {name =~"APU*" && jtag_cable_name =~ "Avnet MiniZed V1 1234-oj1A"} -index 0
ps7_init
ps7_post_config
targets -set -nocase -filter {name =~ "ARM*#0" && jtag_cable_name =~ "Avnet MiniZed V1 1234-oj1A"} -index 0
dow E:/FFT-final/dma-accelerator-skeleton/dma-accelerator-skeleton.sdk/FFT-new/Debug/FFT-new.elf
configparams force-mem-access 0
----------------End of Script----------------

00:43:37 INFO  : Memory regions updated for context APU
00:43:37 INFO  : Context for processor 'ps7_cortexa9_0' is selected.
00:43:37 INFO  : 'con' command is executed.
00:43:37 INFO  : ----------------XSDB Script (After Launch)----------------
targets -set -nocase -filter {name =~ "ARM*#0" && jtag_cable_name =~ "Avnet MiniZed V1 1234-oj1A"} -index 0
con
----------------End of Script----------------

00:43:37 INFO  : Launch script is exported to file 'E:\FFT-final\dma-accelerator-skeleton\dma-accelerator-skeleton.sdk\.sdk\launch_scripts\xilinx_c-c++_application_(system_debugger)\system_debugger_using_debug_fft-new.elf_on_local.tcl'
01:44:46 INFO  : Disconnected from the channel tcfchan#14.
10:19:05 INFO  : Registering command handlers for SDK TCF services
10:19:07 INFO  : Launching XSCT server: xsct.bat -interactive E:\FFT-final\dma-accelerator-skeleton\dma-accelerator-skeleton.sdk\temp_xsdb_launch_script.tcl
10:19:11 INFO  : XSCT server has started successfully.
10:19:11 INFO  : Successfully done setting XSCT server connection channel  
10:19:18 INFO  : Successfully done setting SDK workspace  
10:19:18 INFO  : Processing command line option -hwspec E:/FFT-final/dma-accelerator-skeleton/dma-accelerator-skeleton.sdk/design_1_wrapper.hdf.
10:19:18 INFO  : Checking for hwspec changes in the project design_1_wrapper_hw_platform_0.
10:28:59 INFO  : Connected to target on host '127.0.0.1' and port '3121'.
10:29:18 INFO  : ----------------XSDB Script----------------
connect -url tcp:127.0.0.1:3121
----------------End of Script----------------

10:29:53 INFO  : Connected to target on host '127.0.0.1' and port '3121'.
10:29:53 INFO  : Jtag cable 'Avnet MiniZed V1 1234-oj1A' is selected.
10:29:53 INFO  : 'jtag frequency' command is executed.
10:29:54 INFO  : Sourcing of 'E:/FFT-final/dma-accelerator-skeleton/dma-accelerator-skeleton.sdk/design_1_wrapper_hw_platform_0/ps7_init.tcl' is done.
10:29:54 INFO  : Context for 'APU' is selected.
10:29:54 INFO  : System reset is completed.
10:29:57 INFO  : 'after 3000' command is executed.
10:29:57 INFO  : 'targets -set -filter {jtag_cable_name =~ "Avnet MiniZed V1 1234-oj1A" && level==0} -index 1' command is executed.
10:29:58 INFO  : FPGA configured successfully with bitstream "E:/FFT-final/dma-accelerator-skeleton/dma-accelerator-skeleton.sdk/design_1_wrapper_hw_platform_0/design_1_wrapper.bit"
10:29:58 INFO  : Context for 'APU' is selected.
10:29:58 INFO  : Hardware design information is loaded from 'E:/FFT-final/dma-accelerator-skeleton/dma-accelerator-skeleton.sdk/design_1_wrapper_hw_platform_0/system.hdf'.
10:29:58 INFO  : 'configparams force-mem-access 1' command is executed.
10:29:58 INFO  : Context for 'APU' is selected.
10:29:59 INFO  : 'ps7_init' command is executed.
10:29:59 INFO  : 'ps7_post_config' command is executed.
10:29:59 INFO  : Context for processor 'ps7_cortexa9_0' is selected.
10:29:59 INFO  : The application 'E:/FFT-final/dma-accelerator-skeleton/dma-accelerator-skeleton.sdk/FFT-new/Debug/FFT-new.elf' is downloaded to processor 'ps7_cortexa9_0'.
10:29:59 INFO  : 'configparams force-mem-access 0' command is executed.
10:29:59 INFO  : ----------------XSDB Script----------------
connect -url tcp:127.0.0.1:3121
source E:/FFT-final/dma-accelerator-skeleton/dma-accelerator-skeleton.sdk/design_1_wrapper_hw_platform_0/ps7_init.tcl
targets -set -nocase -filter {name =~"APU*" && jtag_cable_name =~ "Avnet MiniZed V1 1234-oj1A"} -index 0
rst -system
after 3000
targets -set -filter {jtag_cable_name =~ "Avnet MiniZed V1 1234-oj1A" && level==0} -index 1
fpga -file E:/FFT-final/dma-accelerator-skeleton/dma-accelerator-skeleton.sdk/design_1_wrapper_hw_platform_0/design_1_wrapper.bit
targets -set -nocase -filter {name =~"APU*" && jtag_cable_name =~ "Avnet MiniZed V1 1234-oj1A"} -index 0
loadhw -hw E:/FFT-final/dma-accelerator-skeleton/dma-accelerator-skeleton.sdk/design_1_wrapper_hw_platform_0/system.hdf -mem-ranges [list {0x40000000 0xbfffffff}]
configparams force-mem-access 1
targets -set -nocase -filter {name =~"APU*" && jtag_cable_name =~ "Avnet MiniZed V1 1234-oj1A"} -index 0
ps7_init
ps7_post_config
targets -set -nocase -filter {name =~ "ARM*#0" && jtag_cable_name =~ "Avnet MiniZed V1 1234-oj1A"} -index 0
dow E:/FFT-final/dma-accelerator-skeleton/dma-accelerator-skeleton.sdk/FFT-new/Debug/FFT-new.elf
configparams force-mem-access 0
----------------End of Script----------------

10:29:59 INFO  : Memory regions updated for context APU
10:29:59 INFO  : Context for processor 'ps7_cortexa9_0' is selected.
10:29:59 INFO  : 'con' command is executed.
10:29:59 INFO  : ----------------XSDB Script (After Launch)----------------
targets -set -nocase -filter {name =~ "ARM*#0" && jtag_cable_name =~ "Avnet MiniZed V1 1234-oj1A"} -index 0
con
----------------End of Script----------------

10:29:59 INFO  : Launch script is exported to file 'E:\FFT-final\dma-accelerator-skeleton\dma-accelerator-skeleton.sdk\.sdk\launch_scripts\xilinx_c-c++_application_(system_debugger)\system_debugger_using_debug_fft-new.elf_on_local.tcl'
10:33:15 INFO  : Disconnected from the channel tcfchan#1.
10:33:16 INFO  : Connected to target on host '127.0.0.1' and port '3121'.
10:33:17 INFO  : Jtag cable 'Avnet MiniZed V1 1234-oj1A' is selected.
10:33:17 INFO  : 'jtag frequency' command is executed.
10:33:17 INFO  : Sourcing of 'E:/FFT-final/dma-accelerator-skeleton/dma-accelerator-skeleton.sdk/design_1_wrapper_hw_platform_0/ps7_init.tcl' is done.
10:33:17 INFO  : Context for 'APU' is selected.
10:33:17 INFO  : System reset is completed.
10:33:20 INFO  : 'after 3000' command is executed.
10:33:20 INFO  : 'targets -set -filter {jtag_cable_name =~ "Avnet MiniZed V1 1234-oj1A" && level==0} -index 1' command is executed.
10:33:21 INFO  : FPGA configured successfully with bitstream "E:/FFT-final/dma-accelerator-skeleton/dma-accelerator-skeleton.sdk/design_1_wrapper_hw_platform_0/design_1_wrapper.bit"
10:33:21 INFO  : Context for 'APU' is selected.
10:33:24 INFO  : Hardware design information is loaded from 'E:/FFT-final/dma-accelerator-skeleton/dma-accelerator-skeleton.sdk/design_1_wrapper_hw_platform_0/system.hdf'.
10:33:24 INFO  : 'configparams force-mem-access 1' command is executed.
10:33:24 INFO  : Context for 'APU' is selected.
10:33:24 INFO  : 'ps7_init' command is executed.
10:33:24 INFO  : 'ps7_post_config' command is executed.
10:33:24 INFO  : Context for processor 'ps7_cortexa9_0' is selected.
10:33:25 INFO  : The application 'E:/FFT-final/dma-accelerator-skeleton/dma-accelerator-skeleton.sdk/FFT-new/Debug/FFT-new.elf' is downloaded to processor 'ps7_cortexa9_0'.
10:33:25 INFO  : 'configparams force-mem-access 0' command is executed.
10:33:25 INFO  : ----------------XSDB Script----------------
connect -url tcp:127.0.0.1:3121
source E:/FFT-final/dma-accelerator-skeleton/dma-accelerator-skeleton.sdk/design_1_wrapper_hw_platform_0/ps7_init.tcl
targets -set -nocase -filter {name =~"APU*" && jtag_cable_name =~ "Avnet MiniZed V1 1234-oj1A"} -index 0
rst -system
after 3000
targets -set -filter {jtag_cable_name =~ "Avnet MiniZed V1 1234-oj1A" && level==0} -index 1
fpga -file E:/FFT-final/dma-accelerator-skeleton/dma-accelerator-skeleton.sdk/design_1_wrapper_hw_platform_0/design_1_wrapper.bit
targets -set -nocase -filter {name =~"APU*" && jtag_cable_name =~ "Avnet MiniZed V1 1234-oj1A"} -index 0
loadhw -hw E:/FFT-final/dma-accelerator-skeleton/dma-accelerator-skeleton.sdk/design_1_wrapper_hw_platform_0/system.hdf -mem-ranges [list {0x40000000 0xbfffffff}]
configparams force-mem-access 1
targets -set -nocase -filter {name =~"APU*" && jtag_cable_name =~ "Avnet MiniZed V1 1234-oj1A"} -index 0
ps7_init
ps7_post_config
targets -set -nocase -filter {name =~ "ARM*#0" && jtag_cable_name =~ "Avnet MiniZed V1 1234-oj1A"} -index 0
dow E:/FFT-final/dma-accelerator-skeleton/dma-accelerator-skeleton.sdk/FFT-new/Debug/FFT-new.elf
configparams force-mem-access 0
----------------End of Script----------------

10:33:25 INFO  : Memory regions updated for context APU
10:33:25 INFO  : Context for processor 'ps7_cortexa9_0' is selected.
10:33:25 INFO  : 'con' command is executed.
10:33:25 INFO  : ----------------XSDB Script (After Launch)----------------
targets -set -nocase -filter {name =~ "ARM*#0" && jtag_cable_name =~ "Avnet MiniZed V1 1234-oj1A"} -index 0
con
----------------End of Script----------------

10:33:25 INFO  : Launch script is exported to file 'E:\FFT-final\dma-accelerator-skeleton\dma-accelerator-skeleton.sdk\.sdk\launch_scripts\xilinx_c-c++_application_(system_debugger)\system_debugger_using_debug_fft-new.elf_on_local.tcl'
10:39:50 INFO  : Disconnected from the channel tcfchan#2.
10:39:51 INFO  : Connected to target on host '127.0.0.1' and port '3121'.
10:39:52 INFO  : Jtag cable 'Avnet MiniZed V1 1234-oj1A' is selected.
10:39:52 INFO  : 'jtag frequency' command is executed.
10:39:52 INFO  : Sourcing of 'E:/FFT-final/dma-accelerator-skeleton/dma-accelerator-skeleton.sdk/design_1_wrapper_hw_platform_0/ps7_init.tcl' is done.
10:39:52 INFO  : Context for 'APU' is selected.
10:39:52 INFO  : System reset is completed.
10:39:55 INFO  : 'after 3000' command is executed.
10:39:55 INFO  : 'targets -set -filter {jtag_cable_name =~ "Avnet MiniZed V1 1234-oj1A" && level==0} -index 1' command is executed.
10:39:56 INFO  : FPGA configured successfully with bitstream "E:/FFT-final/dma-accelerator-skeleton/dma-accelerator-skeleton.sdk/design_1_wrapper_hw_platform_0/design_1_wrapper.bit"
10:39:56 INFO  : Context for 'APU' is selected.
10:39:59 INFO  : Hardware design information is loaded from 'E:/FFT-final/dma-accelerator-skeleton/dma-accelerator-skeleton.sdk/design_1_wrapper_hw_platform_0/system.hdf'.
10:39:59 INFO  : 'configparams force-mem-access 1' command is executed.
10:39:59 INFO  : Context for 'APU' is selected.
10:39:59 INFO  : 'ps7_init' command is executed.
10:39:59 INFO  : 'ps7_post_config' command is executed.
10:39:59 INFO  : Context for processor 'ps7_cortexa9_0' is selected.
10:40:00 INFO  : The application 'E:/FFT-final/dma-accelerator-skeleton/dma-accelerator-skeleton.sdk/FFT-new/Debug/FFT-new.elf' is downloaded to processor 'ps7_cortexa9_0'.
10:40:00 INFO  : 'configparams force-mem-access 0' command is executed.
10:40:00 INFO  : ----------------XSDB Script----------------
connect -url tcp:127.0.0.1:3121
source E:/FFT-final/dma-accelerator-skeleton/dma-accelerator-skeleton.sdk/design_1_wrapper_hw_platform_0/ps7_init.tcl
targets -set -nocase -filter {name =~"APU*" && jtag_cable_name =~ "Avnet MiniZed V1 1234-oj1A"} -index 0
rst -system
after 3000
targets -set -filter {jtag_cable_name =~ "Avnet MiniZed V1 1234-oj1A" && level==0} -index 1
fpga -file E:/FFT-final/dma-accelerator-skeleton/dma-accelerator-skeleton.sdk/design_1_wrapper_hw_platform_0/design_1_wrapper.bit
targets -set -nocase -filter {name =~"APU*" && jtag_cable_name =~ "Avnet MiniZed V1 1234-oj1A"} -index 0
loadhw -hw E:/FFT-final/dma-accelerator-skeleton/dma-accelerator-skeleton.sdk/design_1_wrapper_hw_platform_0/system.hdf -mem-ranges [list {0x40000000 0xbfffffff}]
configparams force-mem-access 1
targets -set -nocase -filter {name =~"APU*" && jtag_cable_name =~ "Avnet MiniZed V1 1234-oj1A"} -index 0
ps7_init
ps7_post_config
targets -set -nocase -filter {name =~ "ARM*#0" && jtag_cable_name =~ "Avnet MiniZed V1 1234-oj1A"} -index 0
dow E:/FFT-final/dma-accelerator-skeleton/dma-accelerator-skeleton.sdk/FFT-new/Debug/FFT-new.elf
configparams force-mem-access 0
----------------End of Script----------------

10:40:00 INFO  : Memory regions updated for context APU
10:40:00 INFO  : Context for processor 'ps7_cortexa9_0' is selected.
10:40:00 INFO  : 'con' command is executed.
10:40:00 INFO  : ----------------XSDB Script (After Launch)----------------
targets -set -nocase -filter {name =~ "ARM*#0" && jtag_cable_name =~ "Avnet MiniZed V1 1234-oj1A"} -index 0
con
----------------End of Script----------------

10:40:00 INFO  : Launch script is exported to file 'E:\FFT-final\dma-accelerator-skeleton\dma-accelerator-skeleton.sdk\.sdk\launch_scripts\xilinx_c-c++_application_(system_debugger)\system_debugger_using_debug_fft-new.elf_on_local.tcl'
10:43:36 INFO  : Disconnected from the channel tcfchan#3.
10:43:37 INFO  : Connected to target on host '127.0.0.1' and port '3121'.
10:43:37 INFO  : Jtag cable 'Avnet MiniZed V1 1234-oj1A' is selected.
10:43:37 INFO  : 'jtag frequency' command is executed.
10:43:37 INFO  : Sourcing of 'E:/FFT-final/dma-accelerator-skeleton/dma-accelerator-skeleton.sdk/design_1_wrapper_hw_platform_0/ps7_init.tcl' is done.
10:43:37 INFO  : Context for 'APU' is selected.
10:43:37 INFO  : System reset is completed.
10:43:40 INFO  : 'after 3000' command is executed.
10:43:40 INFO  : 'targets -set -filter {jtag_cable_name =~ "Avnet MiniZed V1 1234-oj1A" && level==0} -index 1' command is executed.
10:43:41 INFO  : FPGA configured successfully with bitstream "E:/FFT-final/dma-accelerator-skeleton/dma-accelerator-skeleton.sdk/design_1_wrapper_hw_platform_0/design_1_wrapper.bit"
10:43:41 INFO  : Context for 'APU' is selected.
10:43:44 INFO  : Hardware design information is loaded from 'E:/FFT-final/dma-accelerator-skeleton/dma-accelerator-skeleton.sdk/design_1_wrapper_hw_platform_0/system.hdf'.
10:43:44 INFO  : 'configparams force-mem-access 1' command is executed.
10:43:44 INFO  : Context for 'APU' is selected.
10:43:44 INFO  : 'ps7_init' command is executed.
10:43:44 INFO  : 'ps7_post_config' command is executed.
10:43:44 INFO  : Context for processor 'ps7_cortexa9_0' is selected.
10:43:45 INFO  : The application 'E:/FFT-final/dma-accelerator-skeleton/dma-accelerator-skeleton.sdk/FFT-new/Debug/FFT-new.elf' is downloaded to processor 'ps7_cortexa9_0'.
10:43:45 INFO  : 'configparams force-mem-access 0' command is executed.
10:43:45 INFO  : ----------------XSDB Script----------------
connect -url tcp:127.0.0.1:3121
source E:/FFT-final/dma-accelerator-skeleton/dma-accelerator-skeleton.sdk/design_1_wrapper_hw_platform_0/ps7_init.tcl
targets -set -nocase -filter {name =~"APU*" && jtag_cable_name =~ "Avnet MiniZed V1 1234-oj1A"} -index 0
rst -system
after 3000
targets -set -filter {jtag_cable_name =~ "Avnet MiniZed V1 1234-oj1A" && level==0} -index 1
fpga -file E:/FFT-final/dma-accelerator-skeleton/dma-accelerator-skeleton.sdk/design_1_wrapper_hw_platform_0/design_1_wrapper.bit
targets -set -nocase -filter {name =~"APU*" && jtag_cable_name =~ "Avnet MiniZed V1 1234-oj1A"} -index 0
loadhw -hw E:/FFT-final/dma-accelerator-skeleton/dma-accelerator-skeleton.sdk/design_1_wrapper_hw_platform_0/system.hdf -mem-ranges [list {0x40000000 0xbfffffff}]
configparams force-mem-access 1
targets -set -nocase -filter {name =~"APU*" && jtag_cable_name =~ "Avnet MiniZed V1 1234-oj1A"} -index 0
ps7_init
ps7_post_config
targets -set -nocase -filter {name =~ "ARM*#0" && jtag_cable_name =~ "Avnet MiniZed V1 1234-oj1A"} -index 0
dow E:/FFT-final/dma-accelerator-skeleton/dma-accelerator-skeleton.sdk/FFT-new/Debug/FFT-new.elf
configparams force-mem-access 0
----------------End of Script----------------

10:43:45 INFO  : Memory regions updated for context APU
10:43:45 INFO  : Context for processor 'ps7_cortexa9_0' is selected.
10:43:45 INFO  : 'con' command is executed.
10:43:45 INFO  : ----------------XSDB Script (After Launch)----------------
targets -set -nocase -filter {name =~ "ARM*#0" && jtag_cable_name =~ "Avnet MiniZed V1 1234-oj1A"} -index 0
con
----------------End of Script----------------

10:43:45 INFO  : Launch script is exported to file 'E:\FFT-final\dma-accelerator-skeleton\dma-accelerator-skeleton.sdk\.sdk\launch_scripts\xilinx_c-c++_application_(system_debugger)\system_debugger_using_debug_fft-new.elf_on_local.tcl'
10:48:10 INFO  : Disconnected from the channel tcfchan#4.
18:06:05 INFO  : Registering command handlers for SDK TCF services
18:06:06 INFO  : Launching XSCT server: xsct.bat -interactive E:\FFT-final\dma-accelerator-skeleton\dma-accelerator-skeleton.sdk\temp_xsdb_launch_script.tcl
18:06:10 INFO  : XSCT server has started successfully.
18:06:10 INFO  : Successfully done setting XSCT server connection channel  
18:06:11 INFO  : Successfully done setting SDK workspace  
18:06:11 INFO  : Processing command line option -hwspec E:/FFT-final/dma-accelerator-skeleton/dma-accelerator-skeleton.sdk/design_1_wrapper.hdf.
18:06:11 INFO  : Checking for hwspec changes in the project design_1_wrapper_hw_platform_0.
