17:24:39 INFO  : Registering command handlers for SDK TCF services
17:24:40 INFO  : Launching XSCT server: xsct.bat -interactive C:\Project\FP\project_1\project_1.sdk\temp_xsdb_launch_script.tcl
17:24:47 INFO  : XSCT server has started successfully.
17:24:56 INFO  : Processing command line option -hwspec C:/Project/FP/project_1/project_1.sdk/design_1_wrapper.hdf.
17:24:56 INFO  : Successfully done setting XSCT server connection channel  
17:24:56 INFO  : Successfully done setting SDK workspace  
17:30:31 INFO  : Example project standalone_bsp_0_xgpiops_intr_example_1 has been created successfully.
22:46:00 INFO  : Registering command handlers for SDK TCF services
22:46:05 INFO  : Launching XSCT server: xsct.bat -interactive C:\Project\FP\project_1\project_1.sdk\temp_xsdb_launch_script.tcl
22:46:15 INFO  : XSCT server has started successfully.
22:46:43 INFO  : Successfully done setting XSCT server connection channel  
22:46:44 INFO  : Successfully done setting SDK workspace  
22:46:44 INFO  : Processing command line option -hwspec C:/Project/FP/project_1/project_1.sdk/design_1_wrapper.hdf.
22:46:46 INFO  : Checking for hwspec changes in the project design_1_wrapper_hw_platform_0.
23:02:14 INFO  : Example project standalone_bsp_0_xgpiops_intr_example_1 has been created successfully.
23:03:44 INFO  : 'targets -set -filter {jtag_cable_name =~ "Avnet MiniZed V1 1234-oj1A" && level==0} -index 1' command is executed.
23:03:44 INFO  : 'fpga -state' command is executed.
23:03:44 INFO  : Connected to target on host '127.0.0.1' and port '3121'.
23:03:44 INFO  : Jtag cable 'Avnet MiniZed V1 1234-oj1A' is selected.
23:03:44 INFO  : 'jtag frequency' command is executed.
23:03:44 INFO  : Sourcing of 'C:/Project/FP/project_1/project_1.sdk/design_1_wrapper_hw_platform_0/ps7_init.tcl' is done.
23:03:45 INFO  : Context for 'APU' is selected.
23:03:45 INFO  : Hardware design information is loaded from 'C:/Project/FP/project_1/project_1.sdk/design_1_wrapper_hw_platform_0/system.hdf'.
23:03:45 INFO  : 'configparams force-mem-access 1' command is executed.
23:03:45 INFO  : Context for 'APU' is selected.
23:03:46 INFO  : 'stop' command is executed.
23:03:46 INFO  : 'ps7_init' command is executed.
23:03:46 INFO  : 'ps7_post_config' command is executed.
23:03:46 INFO  : Context for processor 'ps7_cortexa9_0' is selected.
23:03:47 INFO  : Processor reset is completed for 'ps7_cortexa9_0'.
23:03:47 INFO  : Context for processor 'ps7_cortexa9_0' is selected.
23:03:49 INFO  : The application 'C:/Project/FP/project_1/project_1.sdk/br_fft/Debug/br_fft.elf' is downloaded to processor 'ps7_cortexa9_0'.
23:03:49 INFO  : 'configparams force-mem-access 0' command is executed.
23:03:49 INFO  : ----------------XSDB Script----------------
connect -url tcp:127.0.0.1:3121
source C:/Project/FP/project_1/project_1.sdk/design_1_wrapper_hw_platform_0/ps7_init.tcl
targets -set -nocase -filter {name =~"APU*" && jtag_cable_name =~ "Avnet MiniZed V1 1234-oj1A"} -index 0
loadhw -hw C:/Project/FP/project_1/project_1.sdk/design_1_wrapper_hw_platform_0/system.hdf -mem-ranges [list {0x40000000 0xbfffffff}]
configparams force-mem-access 1
targets -set -nocase -filter {name =~"APU*" && jtag_cable_name =~ "Avnet MiniZed V1 1234-oj1A"} -index 0
stop
ps7_init
ps7_post_config
targets -set -nocase -filter {name =~ "ARM*#0" && jtag_cable_name =~ "Avnet MiniZed V1 1234-oj1A"} -index 0
rst -processor
targets -set -nocase -filter {name =~ "ARM*#0" && jtag_cable_name =~ "Avnet MiniZed V1 1234-oj1A"} -index 0
dow C:/Project/FP/project_1/project_1.sdk/br_fft/Debug/br_fft.elf
configparams force-mem-access 0
----------------End of Script----------------

23:03:49 INFO  : Memory regions updated for context APU
23:03:50 INFO  : Context for processor 'ps7_cortexa9_0' is selected.
23:03:50 INFO  : 'con' command is executed.
23:03:50 INFO  : ----------------XSDB Script (After Launch)----------------
targets -set -nocase -filter {name =~ "ARM*#0" && jtag_cable_name =~ "Avnet MiniZed V1 1234-oj1A"} -index 0
con
----------------End of Script----------------

23:03:50 INFO  : Launch script is exported to file 'C:\Project\FP\project_1\project_1.sdk\.sdk\launch_scripts\xilinx_c-c++_application_(system_debugger)\system_debugger_using_debug_br_fft.elf_on_local.tcl'
23:04:40 INFO  : Disconnected from the channel tcfchan#1.
23:04:42 INFO  : 'targets -set -filter {jtag_cable_name =~ "Avnet MiniZed V1 1234-oj1A" && level==0} -index 1' command is executed.
23:04:42 INFO  : 'fpga -state' command is executed.
23:04:42 INFO  : Connected to target on host '127.0.0.1' and port '3121'.
23:04:42 INFO  : Jtag cable 'Avnet MiniZed V1 1234-oj1A' is selected.
23:04:42 INFO  : 'jtag frequency' command is executed.
23:04:42 INFO  : Sourcing of 'C:/Project/FP/project_1/project_1.sdk/design_1_wrapper_hw_platform_0/ps7_init.tcl' is done.
23:04:42 INFO  : Context for 'APU' is selected.
23:04:45 INFO  : Hardware design information is loaded from 'C:/Project/FP/project_1/project_1.sdk/design_1_wrapper_hw_platform_0/system.hdf'.
23:04:45 INFO  : 'configparams force-mem-access 1' command is executed.
23:04:45 INFO  : Context for 'APU' is selected.
23:04:45 INFO  : 'stop' command is executed.
23:04:45 INFO  : 'ps7_init' command is executed.
23:04:45 INFO  : 'ps7_post_config' command is executed.
23:04:45 INFO  : Context for processor 'ps7_cortexa9_0' is selected.
23:04:45 INFO  : Processor reset is completed for 'ps7_cortexa9_0'.
23:04:45 INFO  : Context for processor 'ps7_cortexa9_0' is selected.
23:04:47 INFO  : The application 'C:/Project/FP/project_1/project_1.sdk/br_fft/Debug/br_fft.elf' is downloaded to processor 'ps7_cortexa9_0'.
23:04:47 INFO  : 'configparams force-mem-access 0' command is executed.
23:04:47 INFO  : ----------------XSDB Script----------------
connect -url tcp:127.0.0.1:3121
source C:/Project/FP/project_1/project_1.sdk/design_1_wrapper_hw_platform_0/ps7_init.tcl
targets -set -nocase -filter {name =~"APU*" && jtag_cable_name =~ "Avnet MiniZed V1 1234-oj1A"} -index 0
loadhw -hw C:/Project/FP/project_1/project_1.sdk/design_1_wrapper_hw_platform_0/system.hdf -mem-ranges [list {0x40000000 0xbfffffff}]
configparams force-mem-access 1
targets -set -nocase -filter {name =~"APU*" && jtag_cable_name =~ "Avnet MiniZed V1 1234-oj1A"} -index 0
stop
ps7_init
ps7_post_config
targets -set -nocase -filter {name =~ "ARM*#0" && jtag_cable_name =~ "Avnet MiniZed V1 1234-oj1A"} -index 0
rst -processor
targets -set -nocase -filter {name =~ "ARM*#0" && jtag_cable_name =~ "Avnet MiniZed V1 1234-oj1A"} -index 0
dow C:/Project/FP/project_1/project_1.sdk/br_fft/Debug/br_fft.elf
configparams force-mem-access 0
----------------End of Script----------------

23:04:48 INFO  : Memory regions updated for context APU
23:04:48 INFO  : Context for processor 'ps7_cortexa9_0' is selected.
23:04:48 INFO  : 'con' command is executed.
23:04:48 INFO  : ----------------XSDB Script (After Launch)----------------
targets -set -nocase -filter {name =~ "ARM*#0" && jtag_cable_name =~ "Avnet MiniZed V1 1234-oj1A"} -index 0
con
----------------End of Script----------------

23:04:48 INFO  : Launch script is exported to file 'C:\Project\FP\project_1\project_1.sdk\.sdk\launch_scripts\xilinx_c-c++_application_(system_debugger)\system_debugger_using_debug_br_fft.elf_on_local.tcl'
23:05:26 INFO  : Disconnected from the channel tcfchan#2.
23:05:27 INFO  : 'targets -set -filter {jtag_cable_name =~ "Avnet MiniZed V1 1234-oj1A" && level==0} -index 1' command is executed.
23:05:27 INFO  : 'fpga -state' command is executed.
23:05:27 INFO  : Connected to target on host '127.0.0.1' and port '3121'.
23:05:28 INFO  : Jtag cable 'Avnet MiniZed V1 1234-oj1A' is selected.
23:05:28 INFO  : 'jtag frequency' command is executed.
23:05:28 INFO  : Sourcing of 'C:/Project/FP/project_1/project_1.sdk/design_1_wrapper_hw_platform_0/ps7_init.tcl' is done.
23:05:28 INFO  : Context for 'APU' is selected.
23:05:30 INFO  : Hardware design information is loaded from 'C:/Project/FP/project_1/project_1.sdk/design_1_wrapper_hw_platform_0/system.hdf'.
23:05:30 INFO  : 'configparams force-mem-access 1' command is executed.
23:05:30 INFO  : Context for 'APU' is selected.
23:05:30 INFO  : 'stop' command is executed.
23:05:30 INFO  : 'ps7_init' command is executed.
23:05:30 INFO  : 'ps7_post_config' command is executed.
23:05:30 INFO  : Context for processor 'ps7_cortexa9_0' is selected.
23:05:30 INFO  : Processor reset is completed for 'ps7_cortexa9_0'.
23:05:31 INFO  : Context for processor 'ps7_cortexa9_0' is selected.
23:05:33 INFO  : The application 'C:/Project/FP/project_1/project_1.sdk/br_fft/Debug/br_fft.elf' is downloaded to processor 'ps7_cortexa9_0'.
23:05:33 INFO  : 'configparams force-mem-access 0' command is executed.
23:05:33 INFO  : ----------------XSDB Script----------------
connect -url tcp:127.0.0.1:3121
source C:/Project/FP/project_1/project_1.sdk/design_1_wrapper_hw_platform_0/ps7_init.tcl
targets -set -nocase -filter {name =~"APU*" && jtag_cable_name =~ "Avnet MiniZed V1 1234-oj1A"} -index 0
loadhw -hw C:/Project/FP/project_1/project_1.sdk/design_1_wrapper_hw_platform_0/system.hdf -mem-ranges [list {0x40000000 0xbfffffff}]
configparams force-mem-access 1
targets -set -nocase -filter {name =~"APU*" && jtag_cable_name =~ "Avnet MiniZed V1 1234-oj1A"} -index 0
stop
ps7_init
ps7_post_config
targets -set -nocase -filter {name =~ "ARM*#0" && jtag_cable_name =~ "Avnet MiniZed V1 1234-oj1A"} -index 0
rst -processor
targets -set -nocase -filter {name =~ "ARM*#0" && jtag_cable_name =~ "Avnet MiniZed V1 1234-oj1A"} -index 0
dow C:/Project/FP/project_1/project_1.sdk/br_fft/Debug/br_fft.elf
configparams force-mem-access 0
----------------End of Script----------------

23:05:33 INFO  : Memory regions updated for context APU
23:05:33 INFO  : Context for processor 'ps7_cortexa9_0' is selected.
23:05:33 INFO  : 'con' command is executed.
23:05:33 INFO  : ----------------XSDB Script (After Launch)----------------
targets -set -nocase -filter {name =~ "ARM*#0" && jtag_cable_name =~ "Avnet MiniZed V1 1234-oj1A"} -index 0
con
----------------End of Script----------------

23:05:33 INFO  : Launch script is exported to file 'C:\Project\FP\project_1\project_1.sdk\.sdk\launch_scripts\xilinx_c-c++_application_(system_debugger)\system_debugger_using_debug_br_fft.elf_on_local.tcl'
23:06:21 INFO  : Disconnected from the channel tcfchan#3.
23:06:22 INFO  : 'targets -set -filter {jtag_cable_name =~ "Avnet MiniZed V1 1234-oj1A" && level==0} -index 1' command is executed.
23:06:22 INFO  : 'fpga -state' command is executed.
23:06:22 INFO  : Connected to target on host '127.0.0.1' and port '3121'.
23:06:22 INFO  : Jtag cable 'Avnet MiniZed V1 1234-oj1A' is selected.
23:06:23 INFO  : 'jtag frequency' command is executed.
23:06:23 INFO  : Sourcing of 'C:/Project/FP/project_1/project_1.sdk/design_1_wrapper_hw_platform_0/ps7_init.tcl' is done.
23:06:23 INFO  : Context for 'APU' is selected.
23:06:25 INFO  : Hardware design information is loaded from 'C:/Project/FP/project_1/project_1.sdk/design_1_wrapper_hw_platform_0/system.hdf'.
23:06:25 INFO  : 'configparams force-mem-access 1' command is executed.
23:06:25 INFO  : Context for 'APU' is selected.
23:06:25 INFO  : 'stop' command is executed.
23:06:26 INFO  : 'ps7_init' command is executed.
23:06:26 INFO  : 'ps7_post_config' command is executed.
23:06:26 INFO  : Context for processor 'ps7_cortexa9_0' is selected.
23:06:26 INFO  : Processor reset is completed for 'ps7_cortexa9_0'.
23:06:26 INFO  : Context for processor 'ps7_cortexa9_0' is selected.
23:06:29 INFO  : The application 'C:/Project/FP/project_1/project_1.sdk/br_fft/Debug/br_fft.elf' is downloaded to processor 'ps7_cortexa9_0'.
23:06:29 INFO  : 'configparams force-mem-access 0' command is executed.
23:06:29 INFO  : ----------------XSDB Script----------------
connect -url tcp:127.0.0.1:3121
source C:/Project/FP/project_1/project_1.sdk/design_1_wrapper_hw_platform_0/ps7_init.tcl
targets -set -nocase -filter {name =~"APU*" && jtag_cable_name =~ "Avnet MiniZed V1 1234-oj1A"} -index 0
loadhw -hw C:/Project/FP/project_1/project_1.sdk/design_1_wrapper_hw_platform_0/system.hdf -mem-ranges [list {0x40000000 0xbfffffff}]
configparams force-mem-access 1
targets -set -nocase -filter {name =~"APU*" && jtag_cable_name =~ "Avnet MiniZed V1 1234-oj1A"} -index 0
stop
ps7_init
ps7_post_config
targets -set -nocase -filter {name =~ "ARM*#0" && jtag_cable_name =~ "Avnet MiniZed V1 1234-oj1A"} -index 0
rst -processor
targets -set -nocase -filter {name =~ "ARM*#0" && jtag_cable_name =~ "Avnet MiniZed V1 1234-oj1A"} -index 0
dow C:/Project/FP/project_1/project_1.sdk/br_fft/Debug/br_fft.elf
configparams force-mem-access 0
----------------End of Script----------------

23:06:29 INFO  : Memory regions updated for context APU
23:06:29 INFO  : Context for processor 'ps7_cortexa9_0' is selected.
23:06:29 INFO  : 'con' command is executed.
23:06:29 INFO  : ----------------XSDB Script (After Launch)----------------
targets -set -nocase -filter {name =~ "ARM*#0" && jtag_cable_name =~ "Avnet MiniZed V1 1234-oj1A"} -index 0
con
----------------End of Script----------------

23:06:29 INFO  : Launch script is exported to file 'C:\Project\FP\project_1\project_1.sdk\.sdk\launch_scripts\xilinx_c-c++_application_(system_debugger)\system_debugger_using_debug_br_fft.elf_on_local.tcl'
23:10:55 INFO  : Disconnected from the channel tcfchan#4.
23:10:56 INFO  : 'targets -set -filter {jtag_cable_name =~ "Avnet MiniZed V1 1234-oj1A" && level==0} -index 1' command is executed.
23:10:56 INFO  : 'fpga -state' command is executed.
23:10:56 INFO  : Connected to target on host '127.0.0.1' and port '3121'.
23:10:57 INFO  : Jtag cable 'Avnet MiniZed V1 1234-oj1A' is selected.
23:10:57 INFO  : 'jtag frequency' command is executed.
23:10:57 INFO  : Sourcing of 'C:/Project/FP/project_1/project_1.sdk/design_1_wrapper_hw_platform_0/ps7_init.tcl' is done.
23:10:57 INFO  : Context for 'APU' is selected.
23:10:59 INFO  : Hardware design information is loaded from 'C:/Project/FP/project_1/project_1.sdk/design_1_wrapper_hw_platform_0/system.hdf'.
23:10:59 INFO  : 'configparams force-mem-access 1' command is executed.
23:10:59 INFO  : Context for 'APU' is selected.
23:10:59 INFO  : 'stop' command is executed.
23:11:00 INFO  : 'ps7_init' command is executed.
23:11:00 INFO  : 'ps7_post_config' command is executed.
23:11:00 INFO  : Context for processor 'ps7_cortexa9_0' is selected.
23:11:00 INFO  : Processor reset is completed for 'ps7_cortexa9_0'.
23:11:00 INFO  : Context for processor 'ps7_cortexa9_0' is selected.
23:11:00 INFO  : The application 'C:/Project/FP/project_1/project_1.sdk/br_fft/Debug/br_fft.elf' is downloaded to processor 'ps7_cortexa9_0'.
23:11:00 INFO  : 'configparams force-mem-access 0' command is executed.
23:11:00 INFO  : ----------------XSDB Script----------------
connect -url tcp:127.0.0.1:3121
source C:/Project/FP/project_1/project_1.sdk/design_1_wrapper_hw_platform_0/ps7_init.tcl
targets -set -nocase -filter {name =~"APU*" && jtag_cable_name =~ "Avnet MiniZed V1 1234-oj1A"} -index 0
loadhw -hw C:/Project/FP/project_1/project_1.sdk/design_1_wrapper_hw_platform_0/system.hdf -mem-ranges [list {0x40000000 0xbfffffff}]
configparams force-mem-access 1
targets -set -nocase -filter {name =~"APU*" && jtag_cable_name =~ "Avnet MiniZed V1 1234-oj1A"} -index 0
stop
ps7_init
ps7_post_config
targets -set -nocase -filter {name =~ "ARM*#0" && jtag_cable_name =~ "Avnet MiniZed V1 1234-oj1A"} -index 0
rst -processor
targets -set -nocase -filter {name =~ "ARM*#0" && jtag_cable_name =~ "Avnet MiniZed V1 1234-oj1A"} -index 0
dow C:/Project/FP/project_1/project_1.sdk/br_fft/Debug/br_fft.elf
configparams force-mem-access 0
----------------End of Script----------------

23:11:00 INFO  : Memory regions updated for context APU
23:11:00 INFO  : Context for processor 'ps7_cortexa9_0' is selected.
23:11:00 INFO  : 'con' command is executed.
23:11:00 INFO  : ----------------XSDB Script (After Launch)----------------
targets -set -nocase -filter {name =~ "ARM*#0" && jtag_cable_name =~ "Avnet MiniZed V1 1234-oj1A"} -index 0
con
----------------End of Script----------------

23:11:00 INFO  : Launch script is exported to file 'C:\Project\FP\project_1\project_1.sdk\.sdk\launch_scripts\xilinx_c-c++_application_(system_debugger)\system_debugger_using_debug_br_fft.elf_on_local.tcl'
23:11:20 INFO  : Disconnected from the channel tcfchan#5.
23:11:21 INFO  : 'targets -set -filter {jtag_cable_name =~ "Avnet MiniZed V1 1234-oj1A" && level==0} -index 1' command is executed.
23:11:21 INFO  : 'fpga -state' command is executed.
23:11:21 INFO  : Connected to target on host '127.0.0.1' and port '3121'.
23:11:22 INFO  : Jtag cable 'Avnet MiniZed V1 1234-oj1A' is selected.
23:11:22 INFO  : 'jtag frequency' command is executed.
23:11:22 INFO  : Sourcing of 'C:/Project/FP/project_1/project_1.sdk/design_1_wrapper_hw_platform_0/ps7_init.tcl' is done.
23:11:22 INFO  : Context for 'APU' is selected.
23:11:24 INFO  : Hardware design information is loaded from 'C:/Project/FP/project_1/project_1.sdk/design_1_wrapper_hw_platform_0/system.hdf'.
23:11:24 INFO  : 'configparams force-mem-access 1' command is executed.
23:11:24 INFO  : Context for 'APU' is selected.
23:11:24 INFO  : 'stop' command is executed.
23:11:25 INFO  : 'ps7_init' command is executed.
23:11:25 INFO  : 'ps7_post_config' command is executed.
23:11:25 INFO  : Context for processor 'ps7_cortexa9_0' is selected.
23:11:25 INFO  : Processor reset is completed for 'ps7_cortexa9_0'.
23:11:25 INFO  : Context for processor 'ps7_cortexa9_0' is selected.
23:11:25 INFO  : The application 'C:/Project/FP/project_1/project_1.sdk/br_fft/Debug/br_fft.elf' is downloaded to processor 'ps7_cortexa9_0'.
23:11:25 INFO  : 'configparams force-mem-access 0' command is executed.
23:11:25 INFO  : ----------------XSDB Script----------------
connect -url tcp:127.0.0.1:3121
source C:/Project/FP/project_1/project_1.sdk/design_1_wrapper_hw_platform_0/ps7_init.tcl
targets -set -nocase -filter {name =~"APU*" && jtag_cable_name =~ "Avnet MiniZed V1 1234-oj1A"} -index 0
loadhw -hw C:/Project/FP/project_1/project_1.sdk/design_1_wrapper_hw_platform_0/system.hdf -mem-ranges [list {0x40000000 0xbfffffff}]
configparams force-mem-access 1
targets -set -nocase -filter {name =~"APU*" && jtag_cable_name =~ "Avnet MiniZed V1 1234-oj1A"} -index 0
stop
ps7_init
ps7_post_config
targets -set -nocase -filter {name =~ "ARM*#0" && jtag_cable_name =~ "Avnet MiniZed V1 1234-oj1A"} -index 0
rst -processor
targets -set -nocase -filter {name =~ "ARM*#0" && jtag_cable_name =~ "Avnet MiniZed V1 1234-oj1A"} -index 0
dow C:/Project/FP/project_1/project_1.sdk/br_fft/Debug/br_fft.elf
configparams force-mem-access 0
----------------End of Script----------------

23:11:26 INFO  : Memory regions updated for context APU
23:11:26 INFO  : Context for processor 'ps7_cortexa9_0' is selected.
23:11:26 INFO  : 'con' command is executed.
23:11:26 INFO  : ----------------XSDB Script (After Launch)----------------
targets -set -nocase -filter {name =~ "ARM*#0" && jtag_cable_name =~ "Avnet MiniZed V1 1234-oj1A"} -index 0
con
----------------End of Script----------------

23:11:26 INFO  : Launch script is exported to file 'C:\Project\FP\project_1\project_1.sdk\.sdk\launch_scripts\xilinx_c-c++_application_(system_debugger)\system_debugger_using_debug_br_fft.elf_on_local.tcl'
23:11:43 INFO  : Disconnected from the channel tcfchan#6.
23:11:45 INFO  : 'targets -set -filter {jtag_cable_name =~ "Avnet MiniZed V1 1234-oj1A" && level==0} -index 1' command is executed.
23:11:45 INFO  : 'fpga -state' command is executed.
23:11:45 INFO  : Connected to target on host '127.0.0.1' and port '3121'.
23:11:45 INFO  : Jtag cable 'Avnet MiniZed V1 1234-oj1A' is selected.
23:11:45 INFO  : 'jtag frequency' command is executed.
23:11:45 INFO  : Sourcing of 'C:/Project/FP/project_1/project_1.sdk/design_1_wrapper_hw_platform_0/ps7_init.tcl' is done.
23:11:45 INFO  : Context for 'APU' is selected.
23:11:47 INFO  : Hardware design information is loaded from 'C:/Project/FP/project_1/project_1.sdk/design_1_wrapper_hw_platform_0/system.hdf'.
23:11:47 INFO  : 'configparams force-mem-access 1' command is executed.
23:11:47 INFO  : Context for 'APU' is selected.
23:11:47 INFO  : 'stop' command is executed.
23:11:48 INFO  : 'ps7_init' command is executed.
23:11:48 INFO  : 'ps7_post_config' command is executed.
23:11:48 INFO  : Context for processor 'ps7_cortexa9_0' is selected.
23:11:48 INFO  : Processor reset is completed for 'ps7_cortexa9_0'.
23:11:48 INFO  : Context for processor 'ps7_cortexa9_0' is selected.
23:11:48 INFO  : The application 'C:/Project/FP/project_1/project_1.sdk/br_fft/Debug/br_fft.elf' is downloaded to processor 'ps7_cortexa9_0'.
23:11:48 INFO  : 'configparams force-mem-access 0' command is executed.
23:11:48 INFO  : ----------------XSDB Script----------------
connect -url tcp:127.0.0.1:3121
source C:/Project/FP/project_1/project_1.sdk/design_1_wrapper_hw_platform_0/ps7_init.tcl
targets -set -nocase -filter {name =~"APU*" && jtag_cable_name =~ "Avnet MiniZed V1 1234-oj1A"} -index 0
loadhw -hw C:/Project/FP/project_1/project_1.sdk/design_1_wrapper_hw_platform_0/system.hdf -mem-ranges [list {0x40000000 0xbfffffff}]
configparams force-mem-access 1
targets -set -nocase -filter {name =~"APU*" && jtag_cable_name =~ "Avnet MiniZed V1 1234-oj1A"} -index 0
stop
ps7_init
ps7_post_config
targets -set -nocase -filter {name =~ "ARM*#0" && jtag_cable_name =~ "Avnet MiniZed V1 1234-oj1A"} -index 0
rst -processor
targets -set -nocase -filter {name =~ "ARM*#0" && jtag_cable_name =~ "Avnet MiniZed V1 1234-oj1A"} -index 0
dow C:/Project/FP/project_1/project_1.sdk/br_fft/Debug/br_fft.elf
configparams force-mem-access 0
----------------End of Script----------------

23:11:48 INFO  : Memory regions updated for context APU
23:11:48 INFO  : Context for processor 'ps7_cortexa9_0' is selected.
23:11:48 INFO  : 'con' command is executed.
23:11:48 INFO  : ----------------XSDB Script (After Launch)----------------
targets -set -nocase -filter {name =~ "ARM*#0" && jtag_cable_name =~ "Avnet MiniZed V1 1234-oj1A"} -index 0
con
----------------End of Script----------------

23:11:48 INFO  : Launch script is exported to file 'C:\Project\FP\project_1\project_1.sdk\.sdk\launch_scripts\xilinx_c-c++_application_(system_debugger)\system_debugger_using_debug_br_fft.elf_on_local.tcl'
21:44:31 INFO  : Disconnected from the channel tcfchan#7.
19:29:17 INFO  : Registering command handlers for SDK TCF services
19:29:21 INFO  : Launching XSCT server: xsct.bat -interactive C:\Project\FP\project_1\project_1.sdk\temp_xsdb_launch_script.tcl
19:29:33 INFO  : XSCT server has started successfully.
19:29:33 INFO  : Successfully done setting XSCT server connection channel  
19:30:00 INFO  : Successfully done setting SDK workspace  
19:30:00 INFO  : Processing command line option -hwspec C:/Project/FP/project_1/project_1.sdk/design_1_wrapper.hdf.
19:30:00 INFO  : Checking for hwspec changes in the project design_1_wrapper_hw_platform_0.
23:45:15 INFO  : Registering command handlers for SDK TCF services
23:45:17 INFO  : Launching XSCT server: xsct.bat -interactive C:\Project\FP\project_1\project_1.sdk\temp_xsdb_launch_script.tcl
23:45:23 INFO  : XSCT server has started successfully.
23:45:36 INFO  : Successfully done setting XSCT server connection channel  
23:45:36 INFO  : Processing command line option -hwspec C:/Project/FP/project_1/project_1.sdk/design_1_wrapper.hdf.
23:45:36 INFO  : Successfully done setting SDK workspace  
23:45:38 INFO  : Checking for hwspec changes in the project design_1_wrapper_hw_platform_0.
23:45:58 INFO  : 'targets -set -filter {jtag_cable_name =~ "Avnet MiniZed V1 1234-oj1A" && level==0} -index 1' command is executed.
23:45:59 INFO  : 'fpga -state' command is executed.
23:45:59 INFO  : Connected to target on host '127.0.0.1' and port '3121'.
23:45:59 INFO  : Jtag cable 'Avnet MiniZed V1 1234-oj1A' is selected.
23:45:59 INFO  : 'jtag frequency' command is executed.
23:45:59 INFO  : Sourcing of 'C:/Project/FP/project_1/project_1.sdk/design_1_wrapper_hw_platform_0/ps7_init.tcl' is done.
23:46:00 INFO  : Context for 'APU' is selected.
23:46:00 INFO  : Hardware design information is loaded from 'C:/Project/FP/project_1/project_1.sdk/design_1_wrapper_hw_platform_0/system.hdf'.
23:46:00 INFO  : 'configparams force-mem-access 1' command is executed.
23:46:00 INFO  : Context for 'APU' is selected.
23:46:00 INFO  : 'stop' command is executed.
23:46:01 INFO  : 'ps7_init' command is executed.
23:46:02 INFO  : 'ps7_post_config' command is executed.
23:46:02 INFO  : Context for processor 'ps7_cortexa9_0' is selected.
23:46:02 INFO  : Processor reset is completed for 'ps7_cortexa9_0'.
23:46:02 INFO  : Context for processor 'ps7_cortexa9_0' is selected.
23:46:02 INFO  : The application 'C:/Project/FP/project_1/project_1.sdk/br_fft/Debug/br_fft.elf' is downloaded to processor 'ps7_cortexa9_0'.
23:46:02 INFO  : 'configparams force-mem-access 0' command is executed.
23:46:02 INFO  : ----------------XSDB Script----------------
connect -url tcp:127.0.0.1:3121
source C:/Project/FP/project_1/project_1.sdk/design_1_wrapper_hw_platform_0/ps7_init.tcl
targets -set -nocase -filter {name =~"APU*" && jtag_cable_name =~ "Avnet MiniZed V1 1234-oj1A"} -index 0
loadhw -hw C:/Project/FP/project_1/project_1.sdk/design_1_wrapper_hw_platform_0/system.hdf -mem-ranges [list {0x40000000 0xbfffffff}]
configparams force-mem-access 1
targets -set -nocase -filter {name =~"APU*" && jtag_cable_name =~ "Avnet MiniZed V1 1234-oj1A"} -index 0
stop
ps7_init
ps7_post_config
targets -set -nocase -filter {name =~ "ARM*#0" && jtag_cable_name =~ "Avnet MiniZed V1 1234-oj1A"} -index 0
rst -processor
targets -set -nocase -filter {name =~ "ARM*#0" && jtag_cable_name =~ "Avnet MiniZed V1 1234-oj1A"} -index 0
dow C:/Project/FP/project_1/project_1.sdk/br_fft/Debug/br_fft.elf
configparams force-mem-access 0
----------------End of Script----------------

23:46:03 INFO  : Memory regions updated for context APU
23:46:03 INFO  : Context for processor 'ps7_cortexa9_0' is selected.
23:46:03 INFO  : 'con' command is executed.
23:46:03 INFO  : ----------------XSDB Script (After Launch)----------------
targets -set -nocase -filter {name =~ "ARM*#0" && jtag_cable_name =~ "Avnet MiniZed V1 1234-oj1A"} -index 0
con
----------------End of Script----------------

23:46:03 INFO  : Launch script is exported to file 'C:\Project\FP\project_1\project_1.sdk\.sdk\launch_scripts\xilinx_c-c++_application_(system_debugger)\system_debugger_using_debug_br_fft.elf_on_local.tcl'
23:46:32 INFO  : Disconnected from the channel tcfchan#1.
23:46:33 INFO  : 'targets -set -filter {jtag_cable_name =~ "Avnet MiniZed V1 1234-oj1A" && level==0} -index 1' command is executed.
23:46:33 INFO  : 'fpga -state' command is executed.
23:46:33 INFO  : Connected to target on host '127.0.0.1' and port '3121'.
23:46:34 INFO  : Jtag cable 'Avnet MiniZed V1 1234-oj1A' is selected.
23:46:34 INFO  : 'jtag frequency' command is executed.
23:46:34 INFO  : Sourcing of 'C:/Project/FP/project_1/project_1.sdk/design_1_wrapper_hw_platform_0/ps7_init.tcl' is done.
23:46:34 INFO  : Context for 'APU' is selected.
23:46:37 INFO  : Hardware design information is loaded from 'C:/Project/FP/project_1/project_1.sdk/design_1_wrapper_hw_platform_0/system.hdf'.
23:46:37 INFO  : 'configparams force-mem-access 1' command is executed.
23:46:37 INFO  : Context for 'APU' is selected.
23:46:37 INFO  : 'stop' command is executed.
23:46:38 INFO  : 'ps7_init' command is executed.
23:46:38 INFO  : 'targets -set -filter {jtag_cable_name =~ "Avnet MiniZed V1 1234-oj1A" && level==0} -index 1' command is executed.
23:46:38 ERROR : Context does not support memory read. Unsupported command
23:46:38 INFO  : ----------------XSDB Script----------------
connect -url tcp:127.0.0.1:3121
source C:/Project/FP/project_1/project_1.sdk/design_1_wrapper_hw_platform_0/ps7_init.tcl
targets -set -nocase -filter {name =~"APU*" && jtag_cable_name =~ "Avnet MiniZed V1 1234-oj1A"} -index 0
loadhw -hw C:/Project/FP/project_1/project_1.sdk/design_1_wrapper_hw_platform_0/system.hdf -mem-ranges [list {0x40000000 0xbfffffff}]
configparams force-mem-access 1
targets -set -nocase -filter {name =~"APU*" && jtag_cable_name =~ "Avnet MiniZed V1 1234-oj1A"} -index 0
stop
ps7_init
ps7_post_config
----------------End of Script----------------

23:46:38 INFO  : 'fpga -state' command is executed.
23:46:38 INFO  : Connected to target on host '127.0.0.1' and port '3121'.
23:46:39 INFO  : Jtag cable 'Avnet MiniZed V1 1234-oj1A' is selected.
23:46:39 INFO  : 'jtag frequency' command is executed.
23:46:39 INFO  : Sourcing of 'C:/Project/FP/project_1/project_1.sdk/design_1_wrapper_hw_platform_0/ps7_init.tcl' is done.
23:46:39 INFO  : Context for 'APU' is selected.
23:46:39 INFO  : Hardware design information is loaded from 'C:/Project/FP/project_1/project_1.sdk/design_1_wrapper_hw_platform_0/system.hdf'.
23:46:39 INFO  : 'configparams force-mem-access 1' command is executed.
23:46:39 INFO  : Context for 'APU' is selected.
23:46:39 INFO  : 'stop' command is executed.
23:46:40 INFO  : 'ps7_init' command is executed.
23:46:40 INFO  : 'ps7_post_config' command is executed.
23:46:40 INFO  : Context for processor 'ps7_cortexa9_0' is selected.
23:46:40 INFO  : Processor reset is completed for 'ps7_cortexa9_0'.
23:46:40 INFO  : Context for processor 'ps7_cortexa9_0' is selected.
23:46:40 INFO  : The application 'C:/Project/FP/project_1/project_1.sdk/br_fft/Debug/br_fft.elf' is downloaded to processor 'ps7_cortexa9_0'.
23:46:40 INFO  : 'configparams force-mem-access 0' command is executed.
23:46:40 INFO  : ----------------XSDB Script----------------
connect -url tcp:127.0.0.1:3121
source C:/Project/FP/project_1/project_1.sdk/design_1_wrapper_hw_platform_0/ps7_init.tcl
targets -set -nocase -filter {name =~"APU*" && jtag_cable_name =~ "Avnet MiniZed V1 1234-oj1A"} -index 0
loadhw -hw C:/Project/FP/project_1/project_1.sdk/design_1_wrapper_hw_platform_0/system.hdf -mem-ranges [list {0x40000000 0xbfffffff}]
configparams force-mem-access 1
targets -set -nocase -filter {name =~"APU*" && jtag_cable_name =~ "Avnet MiniZed V1 1234-oj1A"} -index 0
stop
ps7_init
ps7_post_config
targets -set -nocase -filter {name =~ "ARM*#0" && jtag_cable_name =~ "Avnet MiniZed V1 1234-oj1A"} -index 0
rst -processor
targets -set -nocase -filter {name =~ "ARM*#0" && jtag_cable_name =~ "Avnet MiniZed V1 1234-oj1A"} -index 0
dow C:/Project/FP/project_1/project_1.sdk/br_fft/Debug/br_fft.elf
configparams force-mem-access 0
----------------End of Script----------------

23:46:40 INFO  : Memory regions updated for context APU
23:46:40 INFO  : Context for processor 'ps7_cortexa9_0' is selected.
23:46:40 INFO  : 'con' command is executed.
23:46:40 INFO  : ----------------XSDB Script (After Launch)----------------
targets -set -nocase -filter {name =~ "ARM*#0" && jtag_cable_name =~ "Avnet MiniZed V1 1234-oj1A"} -index 0
con
----------------End of Script----------------

23:46:40 INFO  : Launch script is exported to file 'C:\Project\FP\project_1\project_1.sdk\.sdk\launch_scripts\xilinx_c-c++_application_(system_debugger)\system_debugger_using_debug_br_fft.elf_on_local.tcl'
23:48:09 INFO  : Disconnected from the channel tcfchan#2.
23:48:11 INFO  : 'targets -set -filter {jtag_cable_name =~ "Avnet MiniZed V1 1234-oj1A" && level==0} -index 1' command is executed.
23:48:11 INFO  : 'fpga -state' command is executed.
23:48:11 INFO  : Connected to target on host '127.0.0.1' and port '3121'.
23:48:11 INFO  : Jtag cable 'Avnet MiniZed V1 1234-oj1A' is selected.
23:48:11 INFO  : 'jtag frequency' command is executed.
23:48:11 INFO  : Sourcing of 'C:/Project/FP/project_1/project_1.sdk/design_1_wrapper_hw_platform_0/ps7_init.tcl' is done.
23:48:11 INFO  : Context for 'APU' is selected.
23:48:14 INFO  : Hardware design information is loaded from 'C:/Project/FP/project_1/project_1.sdk/design_1_wrapper_hw_platform_0/system.hdf'.
23:48:14 INFO  : 'configparams force-mem-access 1' command is executed.
23:48:14 INFO  : Context for 'APU' is selected.
23:48:15 INFO  : 'stop' command is executed.
23:48:17 ERROR : Memory read error at 0xE0001034. AP transaction timeout
23:48:17 INFO  : ----------------XSDB Script----------------
connect -url tcp:127.0.0.1:3121
source C:/Project/FP/project_1/project_1.sdk/design_1_wrapper_hw_platform_0/ps7_init.tcl
targets -set -nocase -filter {name =~"APU*" && jtag_cable_name =~ "Avnet MiniZed V1 1234-oj1A"} -index 0
loadhw -hw C:/Project/FP/project_1/project_1.sdk/design_1_wrapper_hw_platform_0/system.hdf -mem-ranges [list {0x40000000 0xbfffffff}]
configparams force-mem-access 1
targets -set -nocase -filter {name =~"APU*" && jtag_cable_name =~ "Avnet MiniZed V1 1234-oj1A"} -index 0
stop
ps7_init
----------------End of Script----------------

23:48:39 INFO  : 'targets -set -filter {jtag_cable_name =~ "Avnet MiniZed V1 1234-oj1A" && level==0} -index 1' command is executed.
23:48:39 INFO  : 'fpga -state' command is executed.
23:48:39 INFO  : Connected to target on host '127.0.0.1' and port '3121'.
23:48:40 INFO  : Jtag cable 'Avnet MiniZed V1 1234-oj1A' is selected.
23:48:40 INFO  : 'jtag frequency' command is executed.
23:48:40 INFO  : Sourcing of 'C:/Project/FP/project_1/project_1.sdk/design_1_wrapper_hw_platform_0/ps7_init.tcl' is done.
23:48:40 INFO  : Context for 'APU' is selected.
23:48:40 INFO  : Hardware design information is loaded from 'C:/Project/FP/project_1/project_1.sdk/design_1_wrapper_hw_platform_0/system.hdf'.
23:48:40 INFO  : 'configparams force-mem-access 1' command is executed.
23:48:40 INFO  : Context for 'APU' is selected.
23:48:41 INFO  : 'stop' command is executed.
23:48:41 ERROR : Memory read error at 0xF8007080. AHB AP transaction error, DAP status f0000021
23:48:41 INFO  : ----------------XSDB Script----------------
connect -url tcp:127.0.0.1:3121
source C:/Project/FP/project_1/project_1.sdk/design_1_wrapper_hw_platform_0/ps7_init.tcl
targets -set -nocase -filter {name =~"APU*" && jtag_cable_name =~ "Avnet MiniZed V1 1234-oj1A"} -index 0
loadhw -hw C:/Project/FP/project_1/project_1.sdk/design_1_wrapper_hw_platform_0/system.hdf -mem-ranges [list {0x40000000 0xbfffffff}]
configparams force-mem-access 1
targets -set -nocase -filter {name =~"APU*" && jtag_cable_name =~ "Avnet MiniZed V1 1234-oj1A"} -index 0
stop
ps7_init
----------------End of Script----------------

23:49:05 INFO  : 'targets -set -filter {jtag_cable_name =~ "Avnet MiniZed V1 1234-oj1A" && level==0} -index 1' command is executed.
23:49:05 INFO  : 'fpga -state' command is executed.
23:49:05 INFO  : Connected to target on host '127.0.0.1' and port '3121'.
23:49:06 INFO  : Jtag cable 'Avnet MiniZed V1 1234-oj1A' is selected.
23:49:06 INFO  : 'jtag frequency' command is executed.
23:49:06 INFO  : Sourcing of 'C:/Project/FP/project_1/project_1.sdk/design_1_wrapper_hw_platform_0/ps7_init.tcl' is done.
23:49:07 INFO  : Context for 'APU' is selected.
23:49:07 INFO  : Hardware design information is loaded from 'C:/Project/FP/project_1/project_1.sdk/design_1_wrapper_hw_platform_0/system.hdf'.
23:49:07 INFO  : 'configparams force-mem-access 1' command is executed.
23:49:07 INFO  : Context for 'APU' is selected.
23:49:08 INFO  : 'stop' command is executed.
23:49:08 INFO  : 'ps7_init' command is executed.
23:49:08 INFO  : 'ps7_post_config' command is executed.
23:49:09 INFO  : Context for processor 'ps7_cortexa9_0' is selected.
23:49:09 INFO  : Processor reset is completed for 'ps7_cortexa9_0'.
23:49:09 INFO  : Context for processor 'ps7_cortexa9_0' is selected.
23:49:10 INFO  : The application 'C:/Project/FP/project_1/project_1.sdk/br_fft/Debug/br_fft.elf' is downloaded to processor 'ps7_cortexa9_0'.
23:49:10 INFO  : 'configparams force-mem-access 0' command is executed.
23:49:10 INFO  : ----------------XSDB Script----------------
connect -url tcp:127.0.0.1:3121
source C:/Project/FP/project_1/project_1.sdk/design_1_wrapper_hw_platform_0/ps7_init.tcl
targets -set -nocase -filter {name =~"APU*" && jtag_cable_name =~ "Avnet MiniZed V1 1234-oj1A"} -index 0
loadhw -hw C:/Project/FP/project_1/project_1.sdk/design_1_wrapper_hw_platform_0/system.hdf -mem-ranges [list {0x40000000 0xbfffffff}]
configparams force-mem-access 1
targets -set -nocase -filter {name =~"APU*" && jtag_cable_name =~ "Avnet MiniZed V1 1234-oj1A"} -index 0
stop
ps7_init
ps7_post_config
targets -set -nocase -filter {name =~ "ARM*#0" && jtag_cable_name =~ "Avnet MiniZed V1 1234-oj1A"} -index 0
rst -processor
targets -set -nocase -filter {name =~ "ARM*#0" && jtag_cable_name =~ "Avnet MiniZed V1 1234-oj1A"} -index 0
dow C:/Project/FP/project_1/project_1.sdk/br_fft/Debug/br_fft.elf
configparams force-mem-access 0
----------------End of Script----------------

23:49:10 INFO  : Memory regions updated for context APU
23:49:11 INFO  : Context for processor 'ps7_cortexa9_0' is selected.
23:49:11 INFO  : 'con' command is executed.
23:49:11 INFO  : ----------------XSDB Script (After Launch)----------------
targets -set -nocase -filter {name =~ "ARM*#0" && jtag_cable_name =~ "Avnet MiniZed V1 1234-oj1A"} -index 0
con
----------------End of Script----------------

23:49:11 INFO  : Launch script is exported to file 'C:\Project\FP\project_1\project_1.sdk\.sdk\launch_scripts\xilinx_c-c++_application_(system_debugger)\system_debugger_using_debug_br_fft.elf_on_local.tcl'
23:52:39 INFO  : Disconnected from the channel tcfchan#3.
23:52:40 INFO  : 'targets -set -filter {jtag_cable_name =~ "Avnet MiniZed V1 1234-oj1A" && level==0} -index 1' command is executed.
23:52:40 INFO  : 'fpga -state' command is executed.
23:52:40 INFO  : Connected to target on host '127.0.0.1' and port '3121'.
23:52:41 INFO  : Jtag cable 'Avnet MiniZed V1 1234-oj1A' is selected.
23:52:41 INFO  : 'jtag frequency' command is executed.
23:52:41 INFO  : Sourcing of 'C:/Project/FP/project_1/project_1.sdk/design_1_wrapper_hw_platform_0/ps7_init.tcl' is done.
23:52:41 INFO  : Context for 'APU' is selected.
23:52:46 INFO  : Hardware design information is loaded from 'C:/Project/FP/project_1/project_1.sdk/design_1_wrapper_hw_platform_0/system.hdf'.
23:52:46 INFO  : 'configparams force-mem-access 1' command is executed.
23:52:46 INFO  : Context for 'APU' is selected.
23:52:46 INFO  : 'stop' command is executed.
23:52:47 INFO  : 'ps7_init' command is executed.
23:52:47 INFO  : 'ps7_post_config' command is executed.
23:52:47 INFO  : Context for processor 'ps7_cortexa9_0' is selected.
23:52:47 INFO  : Processor reset is completed for 'ps7_cortexa9_0'.
23:52:47 INFO  : Context for processor 'ps7_cortexa9_0' is selected.
23:52:48 INFO  : The application 'C:/Project/FP/project_1/project_1.sdk/br_fft/Debug/br_fft.elf' is downloaded to processor 'ps7_cortexa9_0'.
23:52:48 INFO  : 'configparams force-mem-access 0' command is executed.
23:52:48 INFO  : ----------------XSDB Script----------------
connect -url tcp:127.0.0.1:3121
source C:/Project/FP/project_1/project_1.sdk/design_1_wrapper_hw_platform_0/ps7_init.tcl
targets -set -nocase -filter {name =~"APU*" && jtag_cable_name =~ "Avnet MiniZed V1 1234-oj1A"} -index 0
loadhw -hw C:/Project/FP/project_1/project_1.sdk/design_1_wrapper_hw_platform_0/system.hdf -mem-ranges [list {0x40000000 0xbfffffff}]
configparams force-mem-access 1
targets -set -nocase -filter {name =~"APU*" && jtag_cable_name =~ "Avnet MiniZed V1 1234-oj1A"} -index 0
stop
ps7_init
ps7_post_config
targets -set -nocase -filter {name =~ "ARM*#0" && jtag_cable_name =~ "Avnet MiniZed V1 1234-oj1A"} -index 0
rst -processor
targets -set -nocase -filter {name =~ "ARM*#0" && jtag_cable_name =~ "Avnet MiniZed V1 1234-oj1A"} -index 0
dow C:/Project/FP/project_1/project_1.sdk/br_fft/Debug/br_fft.elf
configparams force-mem-access 0
----------------End of Script----------------

23:52:48 INFO  : Memory regions updated for context APU
23:52:48 INFO  : Context for processor 'ps7_cortexa9_0' is selected.
23:52:49 INFO  : 'con' command is executed.
23:52:49 INFO  : ----------------XSDB Script (After Launch)----------------
targets -set -nocase -filter {name =~ "ARM*#0" && jtag_cable_name =~ "Avnet MiniZed V1 1234-oj1A"} -index 0
con
----------------End of Script----------------

23:52:49 INFO  : Launch script is exported to file 'C:\Project\FP\project_1\project_1.sdk\.sdk\launch_scripts\xilinx_c-c++_application_(system_debugger)\system_debugger_using_debug_br_fft.elf_on_local.tcl'
23:54:08 INFO  : Disconnected from the channel tcfchan#4.
23:54:10 INFO  : 'targets -set -filter {jtag_cable_name =~ "Avnet MiniZed V1 1234-oj1A" && level==0} -index 1' command is executed.
23:54:10 INFO  : 'fpga -state' command is executed.
23:54:10 ERROR : Failed to connect to hardware server on host '127.0.0.1' and port '3121'.
Reason: 'connect -url tcp:127.0.0.1:3121' is cancelled.
23:54:10 INFO  : ----------------XSDB Script----------------
connect -url tcp:127.0.0.1:3121
----------------End of Script----------------

23:54:10 INFO  : Issued abort command to xsdb.
23:54:16 INFO  : 'targets -set -filter {jtag_cable_name =~ "Avnet MiniZed V1 1234-oj1A" && level==0} -index 1' command is executed.
23:54:16 INFO  : 'fpga -state' command is executed.
23:54:16 INFO  : Connected to target on host '127.0.0.1' and port '3121'.
23:54:17 INFO  : Jtag cable 'Avnet MiniZed V1 1234-oj1A' is selected.
23:54:17 INFO  : 'jtag frequency' command is executed.
23:54:17 INFO  : Sourcing of 'C:/Project/FP/project_1/project_1.sdk/design_1_wrapper_hw_platform_0/ps7_init.tcl' is done.
23:54:17 INFO  : Context for 'APU' is selected.
23:54:21 INFO  : Hardware design information is loaded from 'C:/Project/FP/project_1/project_1.sdk/design_1_wrapper_hw_platform_0/system.hdf'.
23:54:22 INFO  : 'configparams force-mem-access 1' command is executed.
23:54:22 INFO  : Context for 'APU' is selected.
23:54:22 INFO  : 'stop' command is executed.
23:54:22 INFO  : 'ps7_init' command is executed.
23:54:22 INFO  : 'ps7_post_config' command is executed.
23:54:22 INFO  : Context for processor 'ps7_cortexa9_0' is selected.
23:54:23 INFO  : Processor reset is completed for 'ps7_cortexa9_0'.
23:54:23 INFO  : Context for processor 'ps7_cortexa9_0' is selected.
23:54:23 INFO  : The application 'C:/Project/FP/project_1/project_1.sdk/br_fft/Debug/br_fft.elf' is downloaded to processor 'ps7_cortexa9_0'.
23:54:23 INFO  : 'configparams force-mem-access 0' command is executed.
23:54:23 INFO  : ----------------XSDB Script----------------
connect -url tcp:127.0.0.1:3121
source C:/Project/FP/project_1/project_1.sdk/design_1_wrapper_hw_platform_0/ps7_init.tcl
targets -set -nocase -filter {name =~"APU*" && jtag_cable_name =~ "Avnet MiniZed V1 1234-oj1A"} -index 0
loadhw -hw C:/Project/FP/project_1/project_1.sdk/design_1_wrapper_hw_platform_0/system.hdf -mem-ranges [list {0x40000000 0xbfffffff}]
configparams force-mem-access 1
targets -set -nocase -filter {name =~"APU*" && jtag_cable_name =~ "Avnet MiniZed V1 1234-oj1A"} -index 0
stop
ps7_init
ps7_post_config
targets -set -nocase -filter {name =~ "ARM*#0" && jtag_cable_name =~ "Avnet MiniZed V1 1234-oj1A"} -index 0
rst -processor
targets -set -nocase -filter {name =~ "ARM*#0" && jtag_cable_name =~ "Avnet MiniZed V1 1234-oj1A"} -index 0
dow C:/Project/FP/project_1/project_1.sdk/br_fft/Debug/br_fft.elf
configparams force-mem-access 0
----------------End of Script----------------

23:54:23 INFO  : Memory regions updated for context APU
23:54:23 INFO  : Context for processor 'ps7_cortexa9_0' is selected.
23:54:23 INFO  : 'con' command is executed.
23:54:23 INFO  : ----------------XSDB Script (After Launch)----------------
targets -set -nocase -filter {name =~ "ARM*#0" && jtag_cable_name =~ "Avnet MiniZed V1 1234-oj1A"} -index 0
con
----------------End of Script----------------

23:54:23 INFO  : Launch script is exported to file 'C:\Project\FP\project_1\project_1.sdk\.sdk\launch_scripts\xilinx_c-c++_application_(system_debugger)\system_debugger_using_debug_br_fft.elf_on_local.tcl'
