
****** Vivado v2018.3 (64-bit)
  **** SW Build 2405991 on Thu Dec  6 23:38:27 MST 2018
  **** IP Build 2404404 on Fri Dec  7 01:43:56 MST 2018
    ** Copyright 1986-2018 Xilinx, Inc. All Rights Reserved.

source run_ippack.tcl -notrace
INFO: [IP_Flow 19-234] Refreshing IP repositories
INFO: [IP_Flow 19-1704] No user IP repositories specified
INFO: [IP_Flow 19-2313] Loaded Vivado IP repository 'E:/Vivado/2018.3/data/ip'.
INFO: [IP_Flow 19-1686] Generating 'Synthesis' target for IP 'FFT_ap_fadd_1_full_dsp_32'...
INFO: [IP_Flow 19-1686] Generating 'Simulation' target for IP 'FFT_ap_fadd_1_full_dsp_32'...
WARNING: [IP_Flow 19-4832] The IP name 'FFT_ap_faddfsub_1_full_dsp_32' you have specified is long. The Windows operating system has path length limitations. It is recommended you use shorter names to reduce the likelihood of issues.
INFO: [IP_Flow 19-1686] Generating 'Synthesis' target for IP 'FFT_ap_faddfsub_1_full_dsp_32'...
INFO: [IP_Flow 19-1686] Generating 'Simulation' target for IP 'FFT_ap_faddfsub_1_full_dsp_32'...
INFO: [IP_Flow 19-1686] Generating 'Synthesis' target for IP 'FFT_ap_fdiv_5_no_dsp_32'...
INFO: [IP_Flow 19-1686] Generating 'Simulation' target for IP 'FFT_ap_fdiv_5_no_dsp_32'...
INFO: [IP_Flow 19-1686] Generating 'Synthesis' target for IP 'FFT_ap_fmul_0_max_dsp_32'...
INFO: [IP_Flow 19-1686] Generating 'Simulation' target for IP 'FFT_ap_fmul_0_max_dsp_32'...
INFO: [IP_Flow 19-1686] Generating 'Synthesis' target for IP 'FFT_ap_fsub_1_full_dsp_32'...
INFO: [IP_Flow 19-1686] Generating 'Simulation' target for IP 'FFT_ap_fsub_1_full_dsp_32'...
INFO: [IP_Flow 19-1686] Generating 'Synthesis' target for IP 'FFT_ap_sitofp_0_no_dsp_32'...
INFO: [IP_Flow 19-1686] Generating 'Simulation' target for IP 'FFT_ap_sitofp_0_no_dsp_32'...
INFO: [IP_Flow 19-234] Refreshing IP repositories
INFO: [IP_Flow 19-1704] No user IP repositories specified
INFO: [IP_Flow 19-2313] Loaded Vivado IP repository 'E:/Vivado/2018.3/data/ip'.
INFO: [Common 17-206] Exiting Vivado at Thu Jun 11 21:25:01 2020...
