16:15:10 INFO  : Registering command handlers for SDK TCF services
16:15:14 INFO  : Launching XSCT server: xsct.bat -interactive C:\Project\ip_repo\edit_FFT_BR_v1_0.sdk\temp_xsdb_launch_script.tcl
16:15:25 INFO  : XSCT server has started successfully.
16:15:58 INFO  : Successfully done setting XSCT server connection channel  
16:15:58 INFO  : Successfully done setting SDK workspace  
16:15:58 INFO  : Processing command line option -hwspec C:/Project/ip_repo/edit_FFT_BR_v1_0.sdk/design_1_wrapper.hdf.
16:21:53 ERROR : Failed to openhw "C:/Users/Rahul Sridhar/AppData/Local/Temp/temp1591971712999/system.hdf"
Reason: wrong # args: should be "openhw <hw-proj | hdf-file>"
16:21:53 ERROR : Failed to update hardware information
java.lang.reflect.InvocationTargetException
	at org.eclipse.jface.operation.ModalContext.runInCurrentThread(ModalContext.java:448)
	at org.eclipse.jface.operation.ModalContext.run(ModalContext.java:353)
	at org.eclipse.jface.wizard.WizardDialog.run(WizardDialog.java:993)
	at com.xilinx.sdk.appwiz.ui.AppMainPage$1.runInContainer(AppMainPage.java:56)
	at com.xilinx.sdk.appwiz.internal.ui.AppMainComposite.runWithProgressAndLogFailures(AppMainComposite.java:382)
	at com.xilinx.sdk.appwiz.internal.ui.AppMainComposite.hwPlatformModified(AppMainComposite.java:1323)
	at com.xilinx.sdk.appwiz.internal.ui.AppMainComposite.access$0(AppMainComposite.java:1316)
	at com.xilinx.sdk.appwiz.internal.ui.AppMainComposite$1.widgetSelected(AppMainComposite.java:406)
	at org.eclipse.swt.widgets.TypedListener.handleEvent(TypedListener.java:249)
	at org.eclipse.swt.widgets.EventTable.sendEvent(EventTable.java:84)
	at org.eclipse.swt.widgets.Display.sendEvent(Display.java:4410)
	at org.eclipse.swt.widgets.Widget.sendEvent(Widget.java:1079)
	at org.eclipse.swt.widgets.Display.runDeferredEvents(Display.java:4228)
	at org.eclipse.swt.widgets.Display.readAndDispatch(Display.java:3816)
	at org.eclipse.jface.window.Window.runEventLoop(Window.java:818)
	at org.eclipse.jface.window.Window.open(Window.java:794)
	at org.eclipse.ui.internal.actions.NewWizardShortcutAction.run(NewWizardShortcutAction.java:133)
	at org.eclipse.jface.action.Action.runWithEvent(Action.java:473)
	at org.eclipse.jface.action.ActionContributionItem.handleWidgetSelection(ActionContributionItem.java:565)
	at org.eclipse.jface.action.ActionContributionItem.lambda$4(ActionContributionItem.java:397)
	at org.eclipse.swt.widgets.EventTable.sendEvent(EventTable.java:84)
	at org.eclipse.swt.widgets.Display.sendEvent(Display.java:4410)
	at org.eclipse.swt.widgets.Widget.sendEvent(Widget.java:1079)
	at org.eclipse.swt.widgets.Display.runDeferredEvents(Display.java:4228)
	at org.eclipse.swt.widgets.Display.readAndDispatch(Display.java:3816)
	at org.eclipse.e4.ui.internal.workbench.swt.PartRenderingEngine$4.run(PartRenderingEngine.java:1121)
	at org.eclipse.core.databinding.observable.Realm.runWithDefault(Realm.java:336)
	at org.eclipse.e4.ui.internal.workbench.swt.PartRenderingEngine.run(PartRenderingEngine.java:1022)
	at org.eclipse.e4.ui.internal.workbench.E4Workbench.createAndRunUI(E4Workbench.java:150)
	at org.eclipse.ui.internal.Workbench$5.run(Workbench.java:687)
	at org.eclipse.core.databinding.observable.Realm.runWithDefault(Realm.java:336)
	at org.eclipse.ui.internal.Workbench.createAndRunWorkbench(Workbench.java:604)
	at org.eclipse.ui.PlatformUI.createAndRunWorkbench(PlatformUI.java:148)
	at org.eclipse.ui.internal.ide.application.IDEApplication.start(IDEApplication.java:138)
	at org.eclipse.equinox.internal.app.EclipseAppHandle.run(EclipseAppHandle.java:196)
	at org.eclipse.core.runtime.internal.adaptor.EclipseAppLauncher.runApplication(EclipseAppLauncher.java:134)
	at org.eclipse.core.runtime.internal.adaptor.EclipseAppLauncher.start(EclipseAppLauncher.java:104)
	at org.eclipse.core.runtime.adaptor.EclipseStarter.run(EclipseStarter.java:388)
	at org.eclipse.core.runtime.adaptor.EclipseStarter.run(EclipseStarter.java:243)
	at sun.reflect.NativeMethodAccessorImpl.invoke0(Native Method)
	at sun.reflect.NativeMethodAccessorImpl.invoke(NativeMethodAccessorImpl.java:62)
	at sun.reflect.DelegatingMethodAccessorImpl.invoke(DelegatingMethodAccessorImpl.java:43)
	at java.lang.reflect.Method.invoke(Method.java:498)
	at org.eclipse.equinox.launcher.Main.invokeFramework(Main.java:673)
	at org.eclipse.equinox.launcher.Main.basicRun(Main.java:610)
	at org.eclipse.equinox.launcher.Main.run(Main.java:1519)
Caused by: java.lang.NullPointerException
	at com.xilinx.sdk.appwiz.internal.ui.AppMainComposite.updateProcessorList(AppMainComposite.java:1078)
	at com.xilinx.sdk.appwiz.internal.ui.AppMainComposite.access$30(AppMainComposite.java:991)
	at com.xilinx.sdk.appwiz.internal.ui.AppMainComposite$30.run(AppMainComposite.java:1320)
	at org.eclipse.jface.operation.ModalContext.runInCurrentThread(ModalContext.java:437)
	... 45 more
16:24:53 ERROR : Failed to connect to hardware server on host '127.0.0.1' and port '3121'.
Reason: No connection could be made because the target machine actively refused it
16:24:53 INFO  : ----------------XSDB Script----------------
connect -url tcp:127.0.0.1:3121
----------------End of Script----------------

16:25:41 ERROR : Failed to connect to hardware server on host '127.0.0.1' and port '3121'.
Reason: No connection could be made because the target machine actively refused it
16:25:41 INFO  : ----------------XSDB Script----------------
connect -url tcp:127.0.0.1:3121
----------------End of Script----------------

16:25:57 ERROR : Failed to connect to hardware server on host '127.0.0.1' and port '3121'.
Reason: No connection could be made because the target machine actively refused it
16:26:57 ERROR : Failed to connect to hardware server on host '127.0.0.1' and port '3121'.
Reason: No connection could be made because the target machine actively refused it
16:26:57 INFO  : ----------------XSDB Script----------------
connect -url tcp:127.0.0.1:3121
----------------End of Script----------------

16:29:32 ERROR : Failed to connect to hardware server on host '127.0.0.1' and port '3121'.
Reason: No connection could be made because the target machine actively refused it
16:29:32 INFO  : ----------------XSDB Script----------------
connect -url tcp:127.0.0.1:3121
----------------End of Script----------------

16:50:56 INFO  : Registering command handlers for SDK TCF services
16:50:59 INFO  : Launching XSCT server: xsct.bat -interactive C:\ip_repo\edit_FFT_BR_v1_0.sdk\temp_xsdb_launch_script.tcl
16:51:11 INFO  : XSCT server has started successfully.
16:51:23 INFO  : Successfully done setting XSCT server connection channel  
16:51:23 INFO  : Processing command line option -hwspec C:/ip_repo/edit_FFT_BR_v1_0.sdk/design_1_wrapper.hdf.
16:51:23 INFO  : Successfully done setting SDK workspace  
16:59:07 INFO  : Example project standalone_bsp_1_xaxidma_example_sg_poll_1 has been created successfully.
16:59:19 INFO  : Connected to target on host '127.0.0.1' and port '3121'.
16:59:21 INFO  : Jtag cable 'Avnet MiniZed V1 1234-oj1A' is selected.
16:59:21 INFO  : 'jtag frequency' command is executed.
16:59:21 INFO  : Sourcing of 'C:/ip_repo/edit_FFT_BR_v1_0.sdk/design_1_wrapper_hw_platform_1/ps7_init.tcl' is done.
16:59:21 INFO  : Context for 'APU' is selected.
16:59:21 INFO  : System reset is completed.
16:59:24 INFO  : 'after 3000' command is executed.
16:59:25 INFO  : 'targets -set -filter {jtag_cable_name =~ "Avnet MiniZed V1 1234-oj1A" && level==0} -index 1' command is executed.
16:59:26 INFO  : FPGA configured successfully with bitstream "C:/ip_repo/edit_FFT_BR_v1_0.sdk/design_1_wrapper_hw_platform_1/design_1_wrapper.bit"
16:59:26 INFO  : Context for 'APU' is selected.
16:59:26 INFO  : Hardware design information is loaded from 'C:/ip_repo/edit_FFT_BR_v1_0.sdk/design_1_wrapper_hw_platform_1/system.hdf'.
16:59:26 INFO  : 'configparams force-mem-access 1' command is executed.
16:59:26 INFO  : Context for 'APU' is selected.
16:59:27 INFO  : 'ps7_init' command is executed.
16:59:27 INFO  : 'ps7_post_config' command is executed.
16:59:27 INFO  : 'configparams force-mem-access 0' command is executed.
16:59:27 INFO  : ----------------XSDB Script----------------
connect -url tcp:127.0.0.1:3121
source C:/ip_repo/edit_FFT_BR_v1_0.sdk/design_1_wrapper_hw_platform_1/ps7_init.tcl
targets -set -nocase -filter {name =~"APU*" && jtag_cable_name =~ "Avnet MiniZed V1 1234-oj1A"} -index 0
rst -system
after 3000
targets -set -filter {jtag_cable_name =~ "Avnet MiniZed V1 1234-oj1A" && level==0} -index 1
fpga -file C:/ip_repo/edit_FFT_BR_v1_0.sdk/design_1_wrapper_hw_platform_1/design_1_wrapper.bit
targets -set -nocase -filter {name =~"APU*" && jtag_cable_name =~ "Avnet MiniZed V1 1234-oj1A"} -index 0
loadhw -hw C:/ip_repo/edit_FFT_BR_v1_0.sdk/design_1_wrapper_hw_platform_1/system.hdf -mem-ranges [list {0x40000000 0xbfffffff}]
configparams force-mem-access 1
targets -set -nocase -filter {name =~"APU*" && jtag_cable_name =~ "Avnet MiniZed V1 1234-oj1A"} -index 0
ps7_init
ps7_post_config
configparams force-mem-access 0
----------------End of Script----------------

16:59:27 INFO  : Memory regions updated for context APU
16:59:27 INFO  : Launch script is exported to file 'C:\ip_repo\edit_FFT_BR_v1_0.sdk\.sdk\launch_scripts\xilinx_c-c++_application_(system_debugger)\system_debugger_on_local.tcl'
16:59:40 INFO  : Disconnected from the channel tcfchan#1.
16:59:41 INFO  : Connected to target on host '127.0.0.1' and port '3121'.
16:59:41 INFO  : Jtag cable 'Avnet MiniZed V1 1234-oj1A' is selected.
16:59:41 INFO  : 'jtag frequency' command is executed.
16:59:41 INFO  : Sourcing of 'C:/ip_repo/edit_FFT_BR_v1_0.sdk/design_1_wrapper_hw_platform_1/ps7_init.tcl' is done.
16:59:41 INFO  : Context for 'APU' is selected.
16:59:41 INFO  : System reset is completed.
16:59:44 INFO  : 'after 3000' command is executed.
16:59:44 INFO  : 'targets -set -filter {jtag_cable_name =~ "Avnet MiniZed V1 1234-oj1A" && level==0} -index 1' command is executed.
16:59:45 INFO  : FPGA configured successfully with bitstream "C:/ip_repo/edit_FFT_BR_v1_0.sdk/design_1_wrapper_hw_platform_1/design_1_wrapper.bit"
16:59:45 INFO  : Context for 'APU' is selected.
16:59:48 INFO  : Hardware design information is loaded from 'C:/ip_repo/edit_FFT_BR_v1_0.sdk/design_1_wrapper_hw_platform_1/system.hdf'.
16:59:48 INFO  : 'configparams force-mem-access 1' command is executed.
16:59:48 INFO  : Context for 'APU' is selected.
16:59:48 INFO  : 'ps7_init' command is executed.
16:59:48 INFO  : 'ps7_post_config' command is executed.
16:59:48 INFO  : 'configparams force-mem-access 0' command is executed.
16:59:48 INFO  : ----------------XSDB Script----------------
connect -url tcp:127.0.0.1:3121
source C:/ip_repo/edit_FFT_BR_v1_0.sdk/design_1_wrapper_hw_platform_1/ps7_init.tcl
targets -set -nocase -filter {name =~"APU*" && jtag_cable_name =~ "Avnet MiniZed V1 1234-oj1A"} -index 0
rst -system
after 3000
targets -set -filter {jtag_cable_name =~ "Avnet MiniZed V1 1234-oj1A" && level==0} -index 1
fpga -file C:/ip_repo/edit_FFT_BR_v1_0.sdk/design_1_wrapper_hw_platform_1/design_1_wrapper.bit
targets -set -nocase -filter {name =~"APU*" && jtag_cable_name =~ "Avnet MiniZed V1 1234-oj1A"} -index 0
loadhw -hw C:/ip_repo/edit_FFT_BR_v1_0.sdk/design_1_wrapper_hw_platform_1/system.hdf -mem-ranges [list {0x40000000 0xbfffffff}]
configparams force-mem-access 1
targets -set -nocase -filter {name =~"APU*" && jtag_cable_name =~ "Avnet MiniZed V1 1234-oj1A"} -index 0
ps7_init
ps7_post_config
configparams force-mem-access 0
----------------End of Script----------------

16:59:48 INFO  : Memory regions updated for context APU
16:59:48 INFO  : Launch script is exported to file 'C:\ip_repo\edit_FFT_BR_v1_0.sdk\.sdk\launch_scripts\xilinx_c-c++_application_(system_debugger)\system_debugger_on_local.tcl'
17:01:39 INFO  : No changes in MSS file content so not generating sources.
17:04:18 INFO  : Disconnected from the channel tcfchan#2.
17:04:19 INFO  : Connected to target on host '127.0.0.1' and port '3121'.
17:04:19 INFO  : Jtag cable 'Avnet MiniZed V1 1234-oj1A' is selected.
17:04:19 INFO  : 'jtag frequency' command is executed.
17:04:19 INFO  : Sourcing of 'C:/ip_repo/edit_FFT_BR_v1_0.sdk/design_1_wrapper_hw_platform_1/ps7_init.tcl' is done.
17:04:19 INFO  : Context for 'APU' is selected.
17:04:19 INFO  : System reset is completed.
17:04:22 INFO  : 'after 3000' command is executed.
17:04:22 INFO  : 'targets -set -filter {jtag_cable_name =~ "Avnet MiniZed V1 1234-oj1A" && level==0} -index 1' command is executed.
17:04:24 INFO  : FPGA configured successfully with bitstream "C:/ip_repo/edit_FFT_BR_v1_0.sdk/design_1_wrapper_hw_platform_1/design_1_wrapper.bit"
17:04:24 INFO  : Context for 'APU' is selected.
17:04:24 INFO  : Hardware design information is loaded from 'C:/ip_repo/edit_FFT_BR_v1_0.sdk/design_1_wrapper_hw_platform_1/system.hdf'.
17:04:24 INFO  : 'configparams force-mem-access 1' command is executed.
17:04:24 INFO  : Context for 'APU' is selected.
17:04:24 INFO  : 'ps7_init' command is executed.
17:04:24 INFO  : 'ps7_post_config' command is executed.
17:04:24 INFO  : 'configparams force-mem-access 0' command is executed.
17:04:24 INFO  : ----------------XSDB Script----------------
connect -url tcp:127.0.0.1:3121
source C:/ip_repo/edit_FFT_BR_v1_0.sdk/design_1_wrapper_hw_platform_1/ps7_init.tcl
targets -set -nocase -filter {name =~"APU*" && jtag_cable_name =~ "Avnet MiniZed V1 1234-oj1A"} -index 0
rst -system
after 3000
targets -set -filter {jtag_cable_name =~ "Avnet MiniZed V1 1234-oj1A" && level==0} -index 1
fpga -file C:/ip_repo/edit_FFT_BR_v1_0.sdk/design_1_wrapper_hw_platform_1/design_1_wrapper.bit
targets -set -nocase -filter {name =~"APU*" && jtag_cable_name =~ "Avnet MiniZed V1 1234-oj1A"} -index 0
loadhw -hw C:/ip_repo/edit_FFT_BR_v1_0.sdk/design_1_wrapper_hw_platform_1/system.hdf -mem-ranges [list {0x40000000 0xbfffffff}]
configparams force-mem-access 1
targets -set -nocase -filter {name =~"APU*" && jtag_cable_name =~ "Avnet MiniZed V1 1234-oj1A"} -index 0
ps7_init
ps7_post_config
configparams force-mem-access 0
----------------End of Script----------------

17:04:24 INFO  : Memory regions updated for context APU
17:04:24 INFO  : Launch script is exported to file 'C:\ip_repo\edit_FFT_BR_v1_0.sdk\.sdk\launch_scripts\xilinx_c-c++_application_(system_debugger)\system_debugger_on_local.tcl'
17:07:59 INFO  : Disconnected from the channel tcfchan#3.
17:08:00 INFO  : Connected to target on host '127.0.0.1' and port '3121'.
17:08:00 INFO  : Jtag cable 'Avnet MiniZed V1 1234-oj1A' is selected.
17:08:00 INFO  : 'jtag frequency' command is executed.
17:08:00 INFO  : Sourcing of 'C:/ip_repo/edit_FFT_BR_v1_0.sdk/design_1_wrapper_hw_platform_1/ps7_init.tcl' is done.
17:08:00 INFO  : Context for 'APU' is selected.
17:08:00 INFO  : System reset is completed.
17:08:03 INFO  : 'after 3000' command is executed.
17:08:03 INFO  : 'targets -set -filter {jtag_cable_name =~ "Avnet MiniZed V1 1234-oj1A" && level==0} -index 1' command is executed.
17:08:04 INFO  : FPGA configured successfully with bitstream "C:/ip_repo/edit_FFT_BR_v1_0.sdk/design_1_wrapper_hw_platform_1/design_1_wrapper.bit"
17:08:04 INFO  : Context for 'APU' is selected.
17:08:04 INFO  : Hardware design information is loaded from 'C:/ip_repo/edit_FFT_BR_v1_0.sdk/design_1_wrapper_hw_platform_1/system.hdf'.
17:08:04 INFO  : 'configparams force-mem-access 1' command is executed.
17:08:04 INFO  : Context for 'APU' is selected.
17:08:05 INFO  : 'ps7_init' command is executed.
17:08:05 INFO  : 'ps7_post_config' command is executed.
17:08:05 INFO  : 'configparams force-mem-access 0' command is executed.
17:08:05 INFO  : ----------------XSDB Script----------------
connect -url tcp:127.0.0.1:3121
source C:/ip_repo/edit_FFT_BR_v1_0.sdk/design_1_wrapper_hw_platform_1/ps7_init.tcl
targets -set -nocase -filter {name =~"APU*" && jtag_cable_name =~ "Avnet MiniZed V1 1234-oj1A"} -index 0
rst -system
after 3000
targets -set -filter {jtag_cable_name =~ "Avnet MiniZed V1 1234-oj1A" && level==0} -index 1
fpga -file C:/ip_repo/edit_FFT_BR_v1_0.sdk/design_1_wrapper_hw_platform_1/design_1_wrapper.bit
targets -set -nocase -filter {name =~"APU*" && jtag_cable_name =~ "Avnet MiniZed V1 1234-oj1A"} -index 0
loadhw -hw C:/ip_repo/edit_FFT_BR_v1_0.sdk/design_1_wrapper_hw_platform_1/system.hdf -mem-ranges [list {0x40000000 0xbfffffff}]
configparams force-mem-access 1
targets -set -nocase -filter {name =~"APU*" && jtag_cable_name =~ "Avnet MiniZed V1 1234-oj1A"} -index 0
ps7_init
ps7_post_config
configparams force-mem-access 0
----------------End of Script----------------

17:08:05 INFO  : Memory regions updated for context APU
17:08:05 INFO  : Launch script is exported to file 'C:\ip_repo\edit_FFT_BR_v1_0.sdk\.sdk\launch_scripts\xilinx_c-c++_application_(system_debugger)\system_debugger_on_local.tcl'
17:08:30 INFO  : Disconnected from the channel tcfchan#4.
17:08:31 INFO  : 'targets -set -filter {jtag_cable_name =~ "Avnet MiniZed V1 1234-oj1A" && level==0} -index 1' command is executed.
17:08:31 INFO  : 'fpga -state' command is executed.
17:08:31 INFO  : Connected to target on host '127.0.0.1' and port '3121'.
17:08:31 INFO  : Jtag cable 'Avnet MiniZed V1 1234-oj1A' is selected.
17:08:31 INFO  : 'jtag frequency' command is executed.
17:08:31 INFO  : Sourcing of 'C:/ip_repo/edit_FFT_BR_v1_0.sdk/design_1_wrapper_hw_platform_1/ps7_init.tcl' is done.
17:08:31 INFO  : Context for 'APU' is selected.
17:08:31 INFO  : Hardware design information is loaded from 'C:/ip_repo/edit_FFT_BR_v1_0.sdk/design_1_wrapper_hw_platform_1/system.hdf'.
17:08:31 INFO  : 'configparams force-mem-access 1' command is executed.
17:08:31 INFO  : Context for 'APU' is selected.
17:08:31 INFO  : 'stop' command is executed.
17:08:32 INFO  : 'ps7_init' command is executed.
17:08:32 INFO  : 'ps7_post_config' command is executed.
17:08:32 INFO  : Context for processor 'ps7_cortexa9_0' is selected.
17:08:32 INFO  : Processor reset is completed for 'ps7_cortexa9_0'.
17:08:32 INFO  : Context for processor 'ps7_cortexa9_0' is selected.
17:08:32 INFO  : The application 'C:/ip_repo/edit_FFT_BR_v1_0.sdk/HW/Debug/HW.elf' is downloaded to processor 'ps7_cortexa9_0'.
17:08:32 INFO  : 'configparams force-mem-access 0' command is executed.
17:08:32 INFO  : ----------------XSDB Script----------------
connect -url tcp:127.0.0.1:3121
source C:/ip_repo/edit_FFT_BR_v1_0.sdk/design_1_wrapper_hw_platform_1/ps7_init.tcl
targets -set -nocase -filter {name =~"APU*" && jtag_cable_name =~ "Avnet MiniZed V1 1234-oj1A"} -index 0
loadhw -hw C:/ip_repo/edit_FFT_BR_v1_0.sdk/design_1_wrapper_hw_platform_1/system.hdf -mem-ranges [list {0x40000000 0xbfffffff}]
configparams force-mem-access 1
targets -set -nocase -filter {name =~"APU*" && jtag_cable_name =~ "Avnet MiniZed V1 1234-oj1A"} -index 0
stop
ps7_init
ps7_post_config
targets -set -nocase -filter {name =~ "ARM*#0" && jtag_cable_name =~ "Avnet MiniZed V1 1234-oj1A"} -index 0
rst -processor
targets -set -nocase -filter {name =~ "ARM*#0" && jtag_cable_name =~ "Avnet MiniZed V1 1234-oj1A"} -index 0
dow C:/ip_repo/edit_FFT_BR_v1_0.sdk/HW/Debug/HW.elf
configparams force-mem-access 0
----------------End of Script----------------

17:08:32 INFO  : Memory regions updated for context APU
17:08:32 INFO  : Context for processor 'ps7_cortexa9_0' is selected.
17:08:32 INFO  : 'con' command is executed.
17:08:32 INFO  : ----------------XSDB Script (After Launch)----------------
targets -set -nocase -filter {name =~ "ARM*#0" && jtag_cable_name =~ "Avnet MiniZed V1 1234-oj1A"} -index 0
con
----------------End of Script----------------

17:08:32 INFO  : Launch script is exported to file 'C:\ip_repo\edit_FFT_BR_v1_0.sdk\.sdk\launch_scripts\xilinx_c-c++_application_(system_debugger)\system_debugger_using_debug_hw.elf_on_local.tcl'
17:08:57 INFO  : Disconnected from the channel tcfchan#5.
17:09:45 INFO  : Launching XSCT server: xsct.bat -interactive C:\ip_repo\edit_FFT_BR_v1_0.sdk\temp_xsdb_launch_script.tcl
17:09:47 INFO  : XSCT server has started successfully.
17:09:47 INFO  : Successfully done setting XSCT server connection channel  
17:09:47 INFO  : Successfully done setting SDK workspace  
17:09:53 INFO  : Registering command handlers for SDK TCF services
17:09:53 INFO  : Processing command line option -hwspec C:/ip_repo/edit_FFT_BR_v1_0.sdk/design_1_wrapper.hdf.
17:09:53 INFO  : Checking for hwspec changes in the project design_1_wrapper_hw_platform_1.
17:29:01 INFO  : Registering command handlers for SDK TCF services
17:29:02 INFO  : Launching XSCT server: xsct.bat -interactive C:\ip_repo\edit_FFT_BR_v1_0.sdk\temp_xsdb_launch_script.tcl
17:29:06 INFO  : XSCT server has started successfully.
17:29:06 INFO  : Successfully done setting XSCT server connection channel  
17:29:07 INFO  : Successfully done setting SDK workspace  
17:29:07 INFO  : Processing command line option -hwspec C:/ip_repo/edit_FFT_BR_v1_0.sdk/design_1_wrapper.hdf.
17:50:48 INFO  : Launching XSCT server: xsct.bat -interactive C:\ip_repo\edit_FFT_BR_v1_0.sdk\temp_xsdb_launch_script.tcl
17:50:55 INFO  : XSCT server has started successfully.
17:50:56 INFO  : Successfully done setting XSCT server connection channel  
17:50:56 INFO  : Successfully done setting SDK workspace  
17:51:02 INFO  : Registering command handlers for SDK TCF services
17:51:02 INFO  : Processing command line option -hwspec C:/ip_repo/edit_FFT_BR_v1_0.sdk/design_1_wrapper.hdf.
17:51:03 INFO  : Checking for hwspec changes in the project design_1_wrapper_hw_platform_0.
17:51:03 INFO  : SDK has detected change in the last modified timestamps for source hardware specification file Source:1591976956443,  Project:1591975557658
17:51:03 INFO  : The hardware specification for project 'design_1_wrapper_hw_platform_0' is different from C:/ip_repo/edit_FFT_BR_v1_0.sdk/design_1_wrapper.hdf.
17:51:04 INFO  : Copied contents of C:/ip_repo/edit_FFT_BR_v1_0.sdk/design_1_wrapper.hdf into \design_1_wrapper_hw_platform_0\system.hdf.
17:51:07 INFO  : Synchronizing projects in the workspace with the hardware platform specification changes.
17:51:11 INFO  : 
17:51:11 INFO  : Clearing existing target manager status.
17:51:11 INFO  : Closing and re-opening the MSS file of ther project standalone_bsp_0
17:51:11 INFO  : Workspace synchronized with the new hardware specification file. Cleaning dependent projects...
17:51:13 WARN  : Linker script will not be updated automatically. Users need to update it manually.
18:30:31 INFO  : SDK has detected change in the last modified timestamps for source hardware specification file Source:1591979260913,  Project:1591976956443
18:30:31 INFO  : Project design_1_wrapper_hw_platform_0's source hardware specification located at C:/ip_repo/edit_FFT_BR_v1_0.sdk/design_1_wrapper.hdf is now different from the local copy.
		 The local copy will be replaced with the source specification and your workspace will be updated.
18:32:11 INFO  : Project design_1_wrapper_hw_platform_0's source hardware specification location will not be monitored anymore.
18:32:51 INFO  : Registering command handlers for SDK TCF services
18:32:51 INFO  : Launching XSCT server: xsct.bat -interactive C:\ip_repo\edit_FFT_BR_v1_0.sdk\temp_xsdb_launch_script.tcl
18:32:59 INFO  : XSCT server has started successfully.
18:32:59 INFO  : Successfully done setting XSCT server connection channel  
18:32:59 INFO  : Successfully done setting SDK workspace  
18:32:59 INFO  : Processing command line option -hwspec C:/ip_repo/edit_FFT_BR_v1_0.sdk/design_1_wrapper.hdf.
20:01:33 INFO  : No changes in MSS file content so not generating sources.
20:05:07 INFO  : 'targets -set -filter {jtag_cable_name =~ "Avnet MiniZed V1 1234-oj1A" && level==0} -index 1' command is executed.
20:05:07 INFO  : 'fpga -state' command is executed.
20:05:07 INFO  : Connected to target on host '127.0.0.1' and port '3121'.
20:05:07 INFO  : Jtag cable 'Avnet MiniZed V1 1234-oj1A' is selected.
20:05:07 INFO  : 'jtag frequency' command is executed.
20:05:07 INFO  : Sourcing of 'C:/ip_repo/edit_FFT_BR_v1_0.sdk/design_1_wrapper_hw_platform_1/ps7_init.tcl' is done.
20:05:07 INFO  : Context for 'APU' is selected.
20:05:07 INFO  : Hardware design information is loaded from 'C:/ip_repo/edit_FFT_BR_v1_0.sdk/design_1_wrapper_hw_platform_1/system.hdf'.
20:05:07 INFO  : 'configparams force-mem-access 1' command is executed.
20:05:07 INFO  : Context for 'APU' is selected.
20:05:07 INFO  : 'stop' command is executed.
20:05:08 INFO  : 'ps7_init' command is executed.
20:05:08 INFO  : 'ps7_post_config' command is executed.
20:05:08 INFO  : Context for processor 'ps7_cortexa9_0' is selected.
20:05:08 INFO  : Processor reset is completed for 'ps7_cortexa9_0'.
20:05:08 INFO  : Context for processor 'ps7_cortexa9_0' is selected.
20:05:09 INFO  : The application 'C:/ip_repo/edit_FFT_BR_v1_0.sdk/FFT_HDL_new/Debug/FFT_HDL_new.elf' is downloaded to processor 'ps7_cortexa9_0'.
20:05:09 INFO  : 'configparams force-mem-access 0' command is executed.
20:05:09 INFO  : ----------------XSDB Script----------------
connect -url tcp:127.0.0.1:3121
source C:/ip_repo/edit_FFT_BR_v1_0.sdk/design_1_wrapper_hw_platform_1/ps7_init.tcl
targets -set -nocase -filter {name =~"APU*" && jtag_cable_name =~ "Avnet MiniZed V1 1234-oj1A"} -index 0
loadhw -hw C:/ip_repo/edit_FFT_BR_v1_0.sdk/design_1_wrapper_hw_platform_1/system.hdf -mem-ranges [list {0x40000000 0xbfffffff}]
configparams force-mem-access 1
targets -set -nocase -filter {name =~"APU*" && jtag_cable_name =~ "Avnet MiniZed V1 1234-oj1A"} -index 0
stop
ps7_init
ps7_post_config
targets -set -nocase -filter {name =~ "ARM*#0" && jtag_cable_name =~ "Avnet MiniZed V1 1234-oj1A"} -index 0
rst -processor
targets -set -nocase -filter {name =~ "ARM*#0" && jtag_cable_name =~ "Avnet MiniZed V1 1234-oj1A"} -index 0
dow C:/ip_repo/edit_FFT_BR_v1_0.sdk/FFT_HDL_new/Debug/FFT_HDL_new.elf
configparams force-mem-access 0
----------------End of Script----------------

20:05:09 INFO  : Memory regions updated for context APU
20:05:09 INFO  : Context for processor 'ps7_cortexa9_0' is selected.
20:05:09 INFO  : 'con' command is executed.
20:05:09 INFO  : ----------------XSDB Script (After Launch)----------------
targets -set -nocase -filter {name =~ "ARM*#0" && jtag_cable_name =~ "Avnet MiniZed V1 1234-oj1A"} -index 0
con
----------------End of Script----------------

20:05:09 INFO  : Launch script is exported to file 'C:\ip_repo\edit_FFT_BR_v1_0.sdk\.sdk\launch_scripts\xilinx_c-c++_application_(system_debugger)\system_debugger_using_debug_fft_hdl_new.elf_on_local.tcl'
20:06:23 INFO  : Disconnected from the channel tcfchan#1.
20:06:24 INFO  : 'targets -set -filter {jtag_cable_name =~ "Avnet MiniZed V1 1234-oj1A" && level==0} -index 1' command is executed.
20:06:24 INFO  : 'fpga -state' command is executed.
20:06:24 INFO  : Connected to target on host '127.0.0.1' and port '3121'.
20:06:24 INFO  : Jtag cable 'Avnet MiniZed V1 1234-oj1A' is selected.
20:06:24 INFO  : 'jtag frequency' command is executed.
20:06:24 INFO  : Sourcing of 'C:/ip_repo/edit_FFT_BR_v1_0.sdk/design_1_wrapper_hw_platform_1/ps7_init.tcl' is done.
20:06:24 INFO  : Context for 'APU' is selected.
20:06:27 INFO  : Hardware design information is loaded from 'C:/ip_repo/edit_FFT_BR_v1_0.sdk/design_1_wrapper_hw_platform_1/system.hdf'.
20:06:27 INFO  : 'configparams force-mem-access 1' command is executed.
20:06:27 INFO  : Context for 'APU' is selected.
20:06:27 INFO  : 'stop' command is executed.
20:06:28 INFO  : 'ps7_init' command is executed.
20:06:28 INFO  : 'ps7_post_config' command is executed.
20:06:28 INFO  : Context for processor 'ps7_cortexa9_0' is selected.
20:06:28 INFO  : Processor reset is completed for 'ps7_cortexa9_0'.
20:06:28 INFO  : Context for processor 'ps7_cortexa9_0' is selected.
20:06:28 INFO  : The application 'C:/ip_repo/edit_FFT_BR_v1_0.sdk/FFT_HDL_new/Debug/FFT_HDL_new.elf' is downloaded to processor 'ps7_cortexa9_0'.
20:06:28 INFO  : 'configparams force-mem-access 0' command is executed.
20:06:28 INFO  : ----------------XSDB Script----------------
connect -url tcp:127.0.0.1:3121
source C:/ip_repo/edit_FFT_BR_v1_0.sdk/design_1_wrapper_hw_platform_1/ps7_init.tcl
targets -set -nocase -filter {name =~"APU*" && jtag_cable_name =~ "Avnet MiniZed V1 1234-oj1A"} -index 0
loadhw -hw C:/ip_repo/edit_FFT_BR_v1_0.sdk/design_1_wrapper_hw_platform_1/system.hdf -mem-ranges [list {0x40000000 0xbfffffff}]
configparams force-mem-access 1
targets -set -nocase -filter {name =~"APU*" && jtag_cable_name =~ "Avnet MiniZed V1 1234-oj1A"} -index 0
stop
ps7_init
ps7_post_config
targets -set -nocase -filter {name =~ "ARM*#0" && jtag_cable_name =~ "Avnet MiniZed V1 1234-oj1A"} -index 0
rst -processor
targets -set -nocase -filter {name =~ "ARM*#0" && jtag_cable_name =~ "Avnet MiniZed V1 1234-oj1A"} -index 0
dow C:/ip_repo/edit_FFT_BR_v1_0.sdk/FFT_HDL_new/Debug/FFT_HDL_new.elf
configparams force-mem-access 0
----------------End of Script----------------

20:06:28 INFO  : Memory regions updated for context APU
20:06:28 INFO  : Context for processor 'ps7_cortexa9_0' is selected.
20:06:28 INFO  : 'con' command is executed.
20:06:28 INFO  : ----------------XSDB Script (After Launch)----------------
targets -set -nocase -filter {name =~ "ARM*#0" && jtag_cable_name =~ "Avnet MiniZed V1 1234-oj1A"} -index 0
con
----------------End of Script----------------

20:06:28 INFO  : Launch script is exported to file 'C:\ip_repo\edit_FFT_BR_v1_0.sdk\.sdk\launch_scripts\xilinx_c-c++_application_(system_debugger)\system_debugger_using_debug_fft_hdl_new.elf_on_local.tcl'
20:09:47 INFO  : Disconnected from the channel tcfchan#2.
20:09:48 INFO  : 'targets -set -filter {jtag_cable_name =~ "Avnet MiniZed V1 1234-oj1A" && level==0} -index 1' command is executed.
20:09:48 INFO  : 'fpga -state' command is executed.
20:09:48 INFO  : Connected to target on host '127.0.0.1' and port '3121'.
20:09:48 INFO  : Jtag cable 'Avnet MiniZed V1 1234-oj1A' is selected.
20:09:48 INFO  : 'jtag frequency' command is executed.
20:09:48 INFO  : Sourcing of 'C:/ip_repo/edit_FFT_BR_v1_0.sdk/design_1_wrapper_hw_platform_1/ps7_init.tcl' is done.
20:09:48 INFO  : Context for 'APU' is selected.
20:09:48 INFO  : Hardware design information is loaded from 'C:/ip_repo/edit_FFT_BR_v1_0.sdk/design_1_wrapper_hw_platform_1/system.hdf'.
20:09:48 INFO  : 'configparams force-mem-access 1' command is executed.
20:09:48 INFO  : Context for 'APU' is selected.
20:09:48 INFO  : 'stop' command is executed.
20:09:49 INFO  : 'ps7_init' command is executed.
20:09:49 INFO  : 'ps7_post_config' command is executed.
20:09:49 INFO  : Context for processor 'ps7_cortexa9_0' is selected.
20:09:49 INFO  : Processor reset is completed for 'ps7_cortexa9_0'.
20:09:49 INFO  : Context for processor 'ps7_cortexa9_0' is selected.
20:09:49 INFO  : The application 'C:/ip_repo/edit_FFT_BR_v1_0.sdk/FFT_HDL_new/Debug/FFT_HDL_new.elf' is downloaded to processor 'ps7_cortexa9_0'.
20:09:49 INFO  : 'configparams force-mem-access 0' command is executed.
20:09:49 INFO  : ----------------XSDB Script----------------
connect -url tcp:127.0.0.1:3121
source C:/ip_repo/edit_FFT_BR_v1_0.sdk/design_1_wrapper_hw_platform_1/ps7_init.tcl
targets -set -nocase -filter {name =~"APU*" && jtag_cable_name =~ "Avnet MiniZed V1 1234-oj1A"} -index 0
loadhw -hw C:/ip_repo/edit_FFT_BR_v1_0.sdk/design_1_wrapper_hw_platform_1/system.hdf -mem-ranges [list {0x40000000 0xbfffffff}]
configparams force-mem-access 1
targets -set -nocase -filter {name =~"APU*" && jtag_cable_name =~ "Avnet MiniZed V1 1234-oj1A"} -index 0
stop
ps7_init
ps7_post_config
targets -set -nocase -filter {name =~ "ARM*#0" && jtag_cable_name =~ "Avnet MiniZed V1 1234-oj1A"} -index 0
rst -processor
targets -set -nocase -filter {name =~ "ARM*#0" && jtag_cable_name =~ "Avnet MiniZed V1 1234-oj1A"} -index 0
dow C:/ip_repo/edit_FFT_BR_v1_0.sdk/FFT_HDL_new/Debug/FFT_HDL_new.elf
configparams force-mem-access 0
----------------End of Script----------------

20:09:49 INFO  : Memory regions updated for context APU
20:09:49 INFO  : Context for processor 'ps7_cortexa9_0' is selected.
20:09:49 INFO  : 'con' command is executed.
20:09:49 INFO  : ----------------XSDB Script (After Launch)----------------
targets -set -nocase -filter {name =~ "ARM*#0" && jtag_cable_name =~ "Avnet MiniZed V1 1234-oj1A"} -index 0
con
----------------End of Script----------------

20:09:49 INFO  : Launch script is exported to file 'C:\ip_repo\edit_FFT_BR_v1_0.sdk\.sdk\launch_scripts\xilinx_c-c++_application_(system_debugger)\system_debugger_using_debug_fft_hdl_new.elf_on_local.tcl'
20:10:33 INFO  : Disconnected from the channel tcfchan#3.
20:10:34 INFO  : Connected to target on host '127.0.0.1' and port '3121'.
20:10:34 INFO  : Jtag cable 'Avnet MiniZed V1 1234-oj1A' is selected.
20:10:34 INFO  : 'jtag frequency' command is executed.
20:10:34 INFO  : Sourcing of 'C:/ip_repo/edit_FFT_BR_v1_0.sdk/design_1_wrapper_hw_platform_1/ps7_init.tcl' is done.
20:10:34 INFO  : Context for 'APU' is selected.
20:10:34 INFO  : System reset is completed.
20:10:37 INFO  : 'after 3000' command is executed.
20:10:37 INFO  : 'targets -set -filter {jtag_cable_name =~ "Avnet MiniZed V1 1234-oj1A" && level==0} -index 1' command is executed.
20:10:39 INFO  : FPGA configured successfully with bitstream "C:/ip_repo/edit_FFT_BR_v1_0.sdk/design_1_wrapper_hw_platform_1/design_1_wrapper.bit"
20:10:39 INFO  : Context for 'APU' is selected.
20:10:39 INFO  : Hardware design information is loaded from 'C:/ip_repo/edit_FFT_BR_v1_0.sdk/design_1_wrapper_hw_platform_1/system.hdf'.
20:10:39 INFO  : 'configparams force-mem-access 1' command is executed.
20:10:39 INFO  : Context for 'APU' is selected.
20:10:39 INFO  : 'ps7_init' command is executed.
20:10:39 INFO  : 'ps7_post_config' command is executed.
20:10:39 INFO  : Context for processor 'ps7_cortexa9_0' is selected.
20:10:39 INFO  : The application 'C:/ip_repo/edit_FFT_BR_v1_0.sdk/FFT_HDL_new/Debug/FFT_HDL_new.elf' is downloaded to processor 'ps7_cortexa9_0'.
20:10:39 INFO  : 'configparams force-mem-access 0' command is executed.
20:10:39 INFO  : ----------------XSDB Script----------------
connect -url tcp:127.0.0.1:3121
source C:/ip_repo/edit_FFT_BR_v1_0.sdk/design_1_wrapper_hw_platform_1/ps7_init.tcl
targets -set -nocase -filter {name =~"APU*" && jtag_cable_name =~ "Avnet MiniZed V1 1234-oj1A"} -index 0
rst -system
after 3000
targets -set -filter {jtag_cable_name =~ "Avnet MiniZed V1 1234-oj1A" && level==0} -index 1
fpga -file C:/ip_repo/edit_FFT_BR_v1_0.sdk/design_1_wrapper_hw_platform_1/design_1_wrapper.bit
targets -set -nocase -filter {name =~"APU*" && jtag_cable_name =~ "Avnet MiniZed V1 1234-oj1A"} -index 0
loadhw -hw C:/ip_repo/edit_FFT_BR_v1_0.sdk/design_1_wrapper_hw_platform_1/system.hdf -mem-ranges [list {0x40000000 0xbfffffff}]
configparams force-mem-access 1
targets -set -nocase -filter {name =~"APU*" && jtag_cable_name =~ "Avnet MiniZed V1 1234-oj1A"} -index 0
ps7_init
ps7_post_config
targets -set -nocase -filter {name =~ "ARM*#0" && jtag_cable_name =~ "Avnet MiniZed V1 1234-oj1A"} -index 0
dow C:/ip_repo/edit_FFT_BR_v1_0.sdk/FFT_HDL_new/Debug/FFT_HDL_new.elf
configparams force-mem-access 0
----------------End of Script----------------

20:10:39 INFO  : Memory regions updated for context APU
20:10:39 INFO  : Context for processor 'ps7_cortexa9_0' is selected.
20:10:39 INFO  : 'con' command is executed.
20:10:39 INFO  : ----------------XSDB Script (After Launch)----------------
targets -set -nocase -filter {name =~ "ARM*#0" && jtag_cable_name =~ "Avnet MiniZed V1 1234-oj1A"} -index 0
con
----------------End of Script----------------

20:10:40 INFO  : Launch script is exported to file 'C:\ip_repo\edit_FFT_BR_v1_0.sdk\.sdk\launch_scripts\xilinx_c-c++_application_(system_debugger)\system_debugger_using_debug_fft_hdl_new.elf_on_local.tcl'
20:11:57 INFO  : Disconnected from the channel tcfchan#4.
20:11:58 INFO  : Connected to target on host '127.0.0.1' and port '3121'.
20:11:58 INFO  : Jtag cable 'Avnet MiniZed V1 1234-oj1A' is selected.
20:11:58 INFO  : 'jtag frequency' command is executed.
20:11:58 INFO  : Sourcing of 'C:/ip_repo/edit_FFT_BR_v1_0.sdk/design_1_wrapper_hw_platform_1/ps7_init.tcl' is done.
20:11:58 INFO  : Context for 'APU' is selected.
20:11:58 INFO  : System reset is completed.
20:12:01 INFO  : 'after 3000' command is executed.
20:12:01 INFO  : 'targets -set -filter {jtag_cable_name =~ "Avnet MiniZed V1 1234-oj1A" && level==0} -index 1' command is executed.
20:12:02 INFO  : FPGA configured successfully with bitstream "C:/ip_repo/edit_FFT_BR_v1_0.sdk/design_1_wrapper_hw_platform_1/design_1_wrapper.bit"
20:12:02 INFO  : Context for 'APU' is selected.
20:12:02 INFO  : Hardware design information is loaded from 'C:/ip_repo/edit_FFT_BR_v1_0.sdk/design_1_wrapper_hw_platform_1/system.hdf'.
20:12:02 INFO  : 'configparams force-mem-access 1' command is executed.
20:12:02 INFO  : Context for 'APU' is selected.
20:12:03 INFO  : 'ps7_init' command is executed.
20:12:03 INFO  : 'ps7_post_config' command is executed.
20:12:03 INFO  : Context for processor 'ps7_cortexa9_0' is selected.
20:12:03 INFO  : The application 'C:/ip_repo/edit_FFT_BR_v1_0.sdk/FFT_HDL_new/Debug/FFT_HDL_new.elf' is downloaded to processor 'ps7_cortexa9_0'.
20:12:03 INFO  : 'configparams force-mem-access 0' command is executed.
20:12:03 INFO  : ----------------XSDB Script----------------
connect -url tcp:127.0.0.1:3121
source C:/ip_repo/edit_FFT_BR_v1_0.sdk/design_1_wrapper_hw_platform_1/ps7_init.tcl
targets -set -nocase -filter {name =~"APU*" && jtag_cable_name =~ "Avnet MiniZed V1 1234-oj1A"} -index 0
rst -system
after 3000
targets -set -filter {jtag_cable_name =~ "Avnet MiniZed V1 1234-oj1A" && level==0} -index 1
fpga -file C:/ip_repo/edit_FFT_BR_v1_0.sdk/design_1_wrapper_hw_platform_1/design_1_wrapper.bit
targets -set -nocase -filter {name =~"APU*" && jtag_cable_name =~ "Avnet MiniZed V1 1234-oj1A"} -index 0
loadhw -hw C:/ip_repo/edit_FFT_BR_v1_0.sdk/design_1_wrapper_hw_platform_1/system.hdf -mem-ranges [list {0x40000000 0xbfffffff}]
configparams force-mem-access 1
targets -set -nocase -filter {name =~"APU*" && jtag_cable_name =~ "Avnet MiniZed V1 1234-oj1A"} -index 0
ps7_init
ps7_post_config
targets -set -nocase -filter {name =~ "ARM*#0" && jtag_cable_name =~ "Avnet MiniZed V1 1234-oj1A"} -index 0
dow C:/ip_repo/edit_FFT_BR_v1_0.sdk/FFT_HDL_new/Debug/FFT_HDL_new.elf
configparams force-mem-access 0
----------------End of Script----------------

20:12:03 INFO  : Memory regions updated for context APU
20:12:03 INFO  : Context for processor 'ps7_cortexa9_0' is selected.
20:12:03 INFO  : 'con' command is executed.
20:12:03 INFO  : ----------------XSDB Script (After Launch)----------------
targets -set -nocase -filter {name =~ "ARM*#0" && jtag_cable_name =~ "Avnet MiniZed V1 1234-oj1A"} -index 0
con
----------------End of Script----------------

20:12:03 INFO  : Launch script is exported to file 'C:\ip_repo\edit_FFT_BR_v1_0.sdk\.sdk\launch_scripts\xilinx_c-c++_application_(system_debugger)\system_debugger_using_debug_fft_hdl_new.elf_on_local.tcl'
20:16:53 INFO  : Disconnected from the channel tcfchan#5.
20:16:54 INFO  : Connected to target on host '127.0.0.1' and port '3121'.
20:16:55 INFO  : Jtag cable 'Avnet MiniZed V1 1234-oj1A' is selected.
20:16:55 INFO  : 'jtag frequency' command is executed.
20:16:55 INFO  : Sourcing of 'C:/ip_repo/edit_FFT_BR_v1_0.sdk/design_1_wrapper_hw_platform_1/ps7_init.tcl' is done.
20:16:55 INFO  : Context for 'APU' is selected.
20:16:55 INFO  : System reset is completed.
20:16:58 INFO  : 'after 3000' command is executed.
20:16:58 INFO  : 'targets -set -filter {jtag_cable_name =~ "Avnet MiniZed V1 1234-oj1A" && level==0} -index 1' command is executed.
20:16:59 INFO  : FPGA configured successfully with bitstream "C:/ip_repo/edit_FFT_BR_v1_0.sdk/design_1_wrapper_hw_platform_1/design_1_wrapper.bit"
20:16:59 INFO  : Context for 'APU' is selected.
20:16:59 INFO  : Hardware design information is loaded from 'C:/ip_repo/edit_FFT_BR_v1_0.sdk/design_1_wrapper_hw_platform_1/system.hdf'.
20:16:59 INFO  : 'configparams force-mem-access 1' command is executed.
20:16:59 INFO  : Context for 'APU' is selected.
20:17:00 INFO  : 'ps7_init' command is executed.
20:17:00 INFO  : 'ps7_post_config' command is executed.
20:17:00 INFO  : Context for processor 'ps7_cortexa9_0' is selected.
20:17:00 INFO  : The application 'C:/ip_repo/edit_FFT_BR_v1_0.sdk/FFT_HDL_new/Debug/FFT_HDL_new.elf' is downloaded to processor 'ps7_cortexa9_0'.
20:17:00 INFO  : 'configparams force-mem-access 0' command is executed.
20:17:00 INFO  : ----------------XSDB Script----------------
connect -url tcp:127.0.0.1:3121
source C:/ip_repo/edit_FFT_BR_v1_0.sdk/design_1_wrapper_hw_platform_1/ps7_init.tcl
targets -set -nocase -filter {name =~"APU*" && jtag_cable_name =~ "Avnet MiniZed V1 1234-oj1A"} -index 0
rst -system
after 3000
targets -set -filter {jtag_cable_name =~ "Avnet MiniZed V1 1234-oj1A" && level==0} -index 1
fpga -file C:/ip_repo/edit_FFT_BR_v1_0.sdk/design_1_wrapper_hw_platform_1/design_1_wrapper.bit
targets -set -nocase -filter {name =~"APU*" && jtag_cable_name =~ "Avnet MiniZed V1 1234-oj1A"} -index 0
loadhw -hw C:/ip_repo/edit_FFT_BR_v1_0.sdk/design_1_wrapper_hw_platform_1/system.hdf -mem-ranges [list {0x40000000 0xbfffffff}]
configparams force-mem-access 1
targets -set -nocase -filter {name =~"APU*" && jtag_cable_name =~ "Avnet MiniZed V1 1234-oj1A"} -index 0
ps7_init
ps7_post_config
targets -set -nocase -filter {name =~ "ARM*#0" && jtag_cable_name =~ "Avnet MiniZed V1 1234-oj1A"} -index 0
dow C:/ip_repo/edit_FFT_BR_v1_0.sdk/FFT_HDL_new/Debug/FFT_HDL_new.elf
configparams force-mem-access 0
----------------End of Script----------------

20:17:00 INFO  : Memory regions updated for context APU
20:17:00 INFO  : Context for processor 'ps7_cortexa9_0' is selected.
20:17:00 INFO  : 'con' command is executed.
20:17:00 INFO  : ----------------XSDB Script (After Launch)----------------
targets -set -nocase -filter {name =~ "ARM*#0" && jtag_cable_name =~ "Avnet MiniZed V1 1234-oj1A"} -index 0
con
----------------End of Script----------------

20:17:00 INFO  : Launch script is exported to file 'C:\ip_repo\edit_FFT_BR_v1_0.sdk\.sdk\launch_scripts\xilinx_c-c++_application_(system_debugger)\system_debugger_using_debug_fft_hdl_new.elf_on_local.tcl'
20:19:33 INFO  : Disconnected from the channel tcfchan#6.
20:19:34 INFO  : Connected to target on host '127.0.0.1' and port '3121'.
20:19:34 INFO  : Jtag cable 'Avnet MiniZed V1 1234-oj1A' is selected.
20:19:34 INFO  : 'jtag frequency' command is executed.
20:19:34 INFO  : Sourcing of 'C:/ip_repo/edit_FFT_BR_v1_0.sdk/design_1_wrapper_hw_platform_1/ps7_init.tcl' is done.
20:19:34 INFO  : Context for 'APU' is selected.
20:19:34 INFO  : System reset is completed.
20:19:37 INFO  : 'after 3000' command is executed.
20:19:37 INFO  : 'targets -set -filter {jtag_cable_name =~ "Avnet MiniZed V1 1234-oj1A" && level==0} -index 1' command is executed.
20:19:38 INFO  : FPGA configured successfully with bitstream "C:/ip_repo/edit_FFT_BR_v1_0.sdk/design_1_wrapper_hw_platform_1/design_1_wrapper.bit"
20:19:38 INFO  : Context for 'APU' is selected.
20:19:38 INFO  : Hardware design information is loaded from 'C:/ip_repo/edit_FFT_BR_v1_0.sdk/design_1_wrapper_hw_platform_1/system.hdf'.
20:19:38 INFO  : 'configparams force-mem-access 1' command is executed.
20:19:38 INFO  : Context for 'APU' is selected.
20:19:39 INFO  : 'ps7_init' command is executed.
20:19:39 INFO  : 'ps7_post_config' command is executed.
20:19:39 INFO  : Context for processor 'ps7_cortexa9_0' is selected.
20:19:39 INFO  : The application 'C:/ip_repo/edit_FFT_BR_v1_0.sdk/FFT_HDL_new/Debug/FFT_HDL_new.elf' is downloaded to processor 'ps7_cortexa9_0'.
20:19:39 INFO  : 'configparams force-mem-access 0' command is executed.
20:19:39 INFO  : ----------------XSDB Script----------------
connect -url tcp:127.0.0.1:3121
source C:/ip_repo/edit_FFT_BR_v1_0.sdk/design_1_wrapper_hw_platform_1/ps7_init.tcl
targets -set -nocase -filter {name =~"APU*" && jtag_cable_name =~ "Avnet MiniZed V1 1234-oj1A"} -index 0
rst -system
after 3000
targets -set -filter {jtag_cable_name =~ "Avnet MiniZed V1 1234-oj1A" && level==0} -index 1
fpga -file C:/ip_repo/edit_FFT_BR_v1_0.sdk/design_1_wrapper_hw_platform_1/design_1_wrapper.bit
targets -set -nocase -filter {name =~"APU*" && jtag_cable_name =~ "Avnet MiniZed V1 1234-oj1A"} -index 0
loadhw -hw C:/ip_repo/edit_FFT_BR_v1_0.sdk/design_1_wrapper_hw_platform_1/system.hdf -mem-ranges [list {0x40000000 0xbfffffff}]
configparams force-mem-access 1
targets -set -nocase -filter {name =~"APU*" && jtag_cable_name =~ "Avnet MiniZed V1 1234-oj1A"} -index 0
ps7_init
ps7_post_config
targets -set -nocase -filter {name =~ "ARM*#0" && jtag_cable_name =~ "Avnet MiniZed V1 1234-oj1A"} -index 0
dow C:/ip_repo/edit_FFT_BR_v1_0.sdk/FFT_HDL_new/Debug/FFT_HDL_new.elf
configparams force-mem-access 0
----------------End of Script----------------

20:19:39 INFO  : Memory regions updated for context APU
20:19:39 INFO  : Context for processor 'ps7_cortexa9_0' is selected.
20:19:39 INFO  : 'con' command is executed.
20:19:39 INFO  : ----------------XSDB Script (After Launch)----------------
targets -set -nocase -filter {name =~ "ARM*#0" && jtag_cable_name =~ "Avnet MiniZed V1 1234-oj1A"} -index 0
con
----------------End of Script----------------

20:19:39 INFO  : Launch script is exported to file 'C:\ip_repo\edit_FFT_BR_v1_0.sdk\.sdk\launch_scripts\xilinx_c-c++_application_(system_debugger)\system_debugger_using_debug_fft_hdl_new.elf_on_local.tcl'
21:43:51 INFO  : SDK has detected change in the last modified timestamps for source hardware specification file Source:1591990912821,  Project:1591979260913
21:43:52 INFO  : Project design_1_wrapper_hw_platform_1's source hardware specification located at C:/ip_repo/edit_FFT_BR_v1_0.sdk/design_1_wrapper.hdf is now different from the local copy.
		 The local copy will be replaced with the source specification and your workspace will be updated.
21:44:13 INFO  : Copied contents of C:/ip_repo/edit_FFT_BR_v1_0.sdk/design_1_wrapper.hdf into \design_1_wrapper_hw_platform_1\system.hdf.
21:44:22 INFO  : Synchronizing projects in the workspace with the hardware platform specification changes.
21:44:35 INFO  : 
21:44:36 INFO  : Updating hardware inferred compiler options for FFT_HDL_new.
21:44:36 INFO  : Clearing existing target manager status.
21:44:36 INFO  : Closing and re-opening the MSS file of ther project FFT_HDL_new_bsp
21:44:40 INFO  : Closing and re-opening the MSS file of ther project FFT_HDL_new_bsp
21:44:42 INFO  : Closing and re-opening the MSS file of ther project FFT_HDL_new_bsp
21:44:42 INFO  : Workspace synchronized with the new hardware specification file. Cleaning dependent projects...
21:45:20 WARN  : Linker script will not be updated automatically. Users need to update it manually.
21:51:28 INFO  : No changes in MSS file content so not generating sources.
22:01:16 INFO  : Disconnected from the channel tcfchan#7.
22:01:17 INFO  : Connected to target on host '127.0.0.1' and port '3121'.
22:01:18 INFO  : Jtag cable 'Avnet MiniZed V1 1234-oj1A' is selected.
22:01:18 INFO  : 'jtag frequency' command is executed.
22:01:18 INFO  : Sourcing of 'C:/ip_repo/edit_FFT_BR_v1_0.sdk/design_1_wrapper_hw_platform_1/ps7_init.tcl' is done.
22:01:18 INFO  : Context for 'APU' is selected.
22:01:18 INFO  : System reset is completed.
22:01:21 INFO  : 'after 3000' command is executed.
22:01:21 INFO  : 'targets -set -filter {jtag_cable_name =~ "Avnet MiniZed V1 1234-oj1A" && level==0} -index 1' command is executed.
22:01:22 INFO  : FPGA configured successfully with bitstream "C:/ip_repo/edit_FFT_BR_v1_0.sdk/design_1_wrapper_hw_platform_1/design_1_wrapper.bit"
22:01:22 INFO  : Context for 'APU' is selected.
22:01:22 INFO  : Hardware design information is loaded from 'C:/ip_repo/edit_FFT_BR_v1_0.sdk/design_1_wrapper_hw_platform_1/system.hdf'.
22:01:22 INFO  : 'configparams force-mem-access 1' command is executed.
22:01:22 INFO  : Context for 'APU' is selected.
22:01:23 INFO  : 'ps7_init' command is executed.
22:01:23 INFO  : 'ps7_post_config' command is executed.
22:01:23 INFO  : Context for processor 'ps7_cortexa9_0' is selected.
22:01:23 INFO  : The application 'C:/ip_repo/edit_FFT_BR_v1_0.sdk/FFT_HDL_new/Debug/FFT_HDL_new.elf' is downloaded to processor 'ps7_cortexa9_0'.
22:01:23 INFO  : 'configparams force-mem-access 0' command is executed.
22:01:23 INFO  : ----------------XSDB Script----------------
connect -url tcp:127.0.0.1:3121
source C:/ip_repo/edit_FFT_BR_v1_0.sdk/design_1_wrapper_hw_platform_1/ps7_init.tcl
targets -set -nocase -filter {name =~"APU*" && jtag_cable_name =~ "Avnet MiniZed V1 1234-oj1A"} -index 0
rst -system
after 3000
targets -set -filter {jtag_cable_name =~ "Avnet MiniZed V1 1234-oj1A" && level==0} -index 1
fpga -file C:/ip_repo/edit_FFT_BR_v1_0.sdk/design_1_wrapper_hw_platform_1/design_1_wrapper.bit
targets -set -nocase -filter {name =~"APU*" && jtag_cable_name =~ "Avnet MiniZed V1 1234-oj1A"} -index 0
loadhw -hw C:/ip_repo/edit_FFT_BR_v1_0.sdk/design_1_wrapper_hw_platform_1/system.hdf -mem-ranges [list {0x40000000 0xbfffffff}]
configparams force-mem-access 1
targets -set -nocase -filter {name =~"APU*" && jtag_cable_name =~ "Avnet MiniZed V1 1234-oj1A"} -index 0
ps7_init
ps7_post_config
targets -set -nocase -filter {name =~ "ARM*#0" && jtag_cable_name =~ "Avnet MiniZed V1 1234-oj1A"} -index 0
dow C:/ip_repo/edit_FFT_BR_v1_0.sdk/FFT_HDL_new/Debug/FFT_HDL_new.elf
configparams force-mem-access 0
----------------End of Script----------------

22:01:23 INFO  : Memory regions updated for context APU
22:01:23 INFO  : Context for processor 'ps7_cortexa9_0' is selected.
22:01:23 INFO  : 'con' command is executed.
22:01:23 INFO  : ----------------XSDB Script (After Launch)----------------
targets -set -nocase -filter {name =~ "ARM*#0" && jtag_cable_name =~ "Avnet MiniZed V1 1234-oj1A"} -index 0
con
----------------End of Script----------------

22:01:23 INFO  : Launch script is exported to file 'C:\ip_repo\edit_FFT_BR_v1_0.sdk\.sdk\launch_scripts\xilinx_c-c++_application_(system_debugger)\system_debugger_using_debug_fft_hdl_new.elf_on_local.tcl'
22:16:10 INFO  : Disconnected from the channel tcfchan#8.
22:16:11 INFO  : Connected to target on host '127.0.0.1' and port '3121'.
22:16:11 INFO  : Jtag cable 'Avnet MiniZed V1 1234-oj1A' is selected.
22:16:11 INFO  : 'jtag frequency' command is executed.
22:16:11 INFO  : Sourcing of 'C:/ip_repo/edit_FFT_BR_v1_0.sdk/design_1_wrapper_hw_platform_1/ps7_init.tcl' is done.
22:16:11 INFO  : Context for 'APU' is selected.
22:16:11 INFO  : System reset is completed.
22:16:14 INFO  : 'after 3000' command is executed.
22:16:14 INFO  : 'targets -set -filter {jtag_cable_name =~ "Avnet MiniZed V1 1234-oj1A" && level==0} -index 1' command is executed.
22:16:16 INFO  : FPGA configured successfully with bitstream "C:/ip_repo/edit_FFT_BR_v1_0.sdk/design_1_wrapper_hw_platform_1/design_1_wrapper.bit"
22:16:16 INFO  : Context for 'APU' is selected.
22:16:16 INFO  : Hardware design information is loaded from 'C:/ip_repo/edit_FFT_BR_v1_0.sdk/design_1_wrapper_hw_platform_1/system.hdf'.
22:16:16 INFO  : 'configparams force-mem-access 1' command is executed.
22:16:16 INFO  : Context for 'APU' is selected.
22:16:16 INFO  : 'ps7_init' command is executed.
22:16:16 INFO  : 'ps7_post_config' command is executed.
22:16:16 INFO  : Context for processor 'ps7_cortexa9_0' is selected.
22:16:16 INFO  : The application 'C:/ip_repo/edit_FFT_BR_v1_0.sdk/FFT_HDL_new/Debug/FFT_HDL_new.elf' is downloaded to processor 'ps7_cortexa9_0'.
22:16:16 INFO  : 'configparams force-mem-access 0' command is executed.
22:16:16 INFO  : ----------------XSDB Script----------------
connect -url tcp:127.0.0.1:3121
source C:/ip_repo/edit_FFT_BR_v1_0.sdk/design_1_wrapper_hw_platform_1/ps7_init.tcl
targets -set -nocase -filter {name =~"APU*" && jtag_cable_name =~ "Avnet MiniZed V1 1234-oj1A"} -index 0
rst -system
after 3000
targets -set -filter {jtag_cable_name =~ "Avnet MiniZed V1 1234-oj1A" && level==0} -index 1
fpga -file C:/ip_repo/edit_FFT_BR_v1_0.sdk/design_1_wrapper_hw_platform_1/design_1_wrapper.bit
targets -set -nocase -filter {name =~"APU*" && jtag_cable_name =~ "Avnet MiniZed V1 1234-oj1A"} -index 0
loadhw -hw C:/ip_repo/edit_FFT_BR_v1_0.sdk/design_1_wrapper_hw_platform_1/system.hdf -mem-ranges [list {0x40000000 0xbfffffff}]
configparams force-mem-access 1
targets -set -nocase -filter {name =~"APU*" && jtag_cable_name =~ "Avnet MiniZed V1 1234-oj1A"} -index 0
ps7_init
ps7_post_config
targets -set -nocase -filter {name =~ "ARM*#0" && jtag_cable_name =~ "Avnet MiniZed V1 1234-oj1A"} -index 0
dow C:/ip_repo/edit_FFT_BR_v1_0.sdk/FFT_HDL_new/Debug/FFT_HDL_new.elf
configparams force-mem-access 0
----------------End of Script----------------

22:16:16 INFO  : Memory regions updated for context APU
22:16:17 INFO  : Context for processor 'ps7_cortexa9_0' is selected.
22:16:17 INFO  : 'con' command is executed.
22:16:17 INFO  : ----------------XSDB Script (After Launch)----------------
targets -set -nocase -filter {name =~ "ARM*#0" && jtag_cable_name =~ "Avnet MiniZed V1 1234-oj1A"} -index 0
con
----------------End of Script----------------

22:16:17 INFO  : Launch script is exported to file 'C:\ip_repo\edit_FFT_BR_v1_0.sdk\.sdk\launch_scripts\xilinx_c-c++_application_(system_debugger)\system_debugger_using_debug_fft_hdl_new.elf_on_local.tcl'
22:20:07 INFO  : Disconnected from the channel tcfchan#9.
22:20:08 INFO  : Connected to target on host '127.0.0.1' and port '3121'.
22:20:09 INFO  : Jtag cable 'Avnet MiniZed V1 1234-oj1A' is selected.
22:20:09 INFO  : 'jtag frequency' command is executed.
22:20:09 INFO  : Sourcing of 'C:/ip_repo/edit_FFT_BR_v1_0.sdk/design_1_wrapper_hw_platform_1/ps7_init.tcl' is done.
22:20:09 INFO  : Context for 'APU' is selected.
22:20:09 INFO  : System reset is completed.
22:20:12 INFO  : 'after 3000' command is executed.
22:20:12 INFO  : 'targets -set -filter {jtag_cable_name =~ "Avnet MiniZed V1 1234-oj1A" && level==0} -index 1' command is executed.
22:20:13 INFO  : FPGA configured successfully with bitstream "C:/ip_repo/edit_FFT_BR_v1_0.sdk/design_1_wrapper_hw_platform_1/design_1_wrapper.bit"
22:20:13 INFO  : Context for 'APU' is selected.
22:20:13 INFO  : Hardware design information is loaded from 'C:/ip_repo/edit_FFT_BR_v1_0.sdk/design_1_wrapper_hw_platform_1/system.hdf'.
22:20:13 INFO  : 'configparams force-mem-access 1' command is executed.
22:20:13 INFO  : Context for 'APU' is selected.
22:20:14 INFO  : 'ps7_init' command is executed.
22:20:14 INFO  : 'ps7_post_config' command is executed.
22:20:14 INFO  : Context for processor 'ps7_cortexa9_0' is selected.
22:20:14 INFO  : The application 'C:/ip_repo/edit_FFT_BR_v1_0.sdk/FFT_HDL_new/Debug/FFT_HDL_new.elf' is downloaded to processor 'ps7_cortexa9_0'.
22:20:14 INFO  : 'configparams force-mem-access 0' command is executed.
22:20:14 INFO  : ----------------XSDB Script----------------
connect -url tcp:127.0.0.1:3121
source C:/ip_repo/edit_FFT_BR_v1_0.sdk/design_1_wrapper_hw_platform_1/ps7_init.tcl
targets -set -nocase -filter {name =~"APU*" && jtag_cable_name =~ "Avnet MiniZed V1 1234-oj1A"} -index 0
rst -system
after 3000
targets -set -filter {jtag_cable_name =~ "Avnet MiniZed V1 1234-oj1A" && level==0} -index 1
fpga -file C:/ip_repo/edit_FFT_BR_v1_0.sdk/design_1_wrapper_hw_platform_1/design_1_wrapper.bit
targets -set -nocase -filter {name =~"APU*" && jtag_cable_name =~ "Avnet MiniZed V1 1234-oj1A"} -index 0
loadhw -hw C:/ip_repo/edit_FFT_BR_v1_0.sdk/design_1_wrapper_hw_platform_1/system.hdf -mem-ranges [list {0x40000000 0xbfffffff}]
configparams force-mem-access 1
targets -set -nocase -filter {name =~"APU*" && jtag_cable_name =~ "Avnet MiniZed V1 1234-oj1A"} -index 0
ps7_init
ps7_post_config
targets -set -nocase -filter {name =~ "ARM*#0" && jtag_cable_name =~ "Avnet MiniZed V1 1234-oj1A"} -index 0
dow C:/ip_repo/edit_FFT_BR_v1_0.sdk/FFT_HDL_new/Debug/FFT_HDL_new.elf
configparams force-mem-access 0
----------------End of Script----------------

22:20:14 INFO  : Memory regions updated for context APU
22:20:14 INFO  : Context for processor 'ps7_cortexa9_0' is selected.
22:20:14 INFO  : 'con' command is executed.
22:20:14 INFO  : ----------------XSDB Script (After Launch)----------------
targets -set -nocase -filter {name =~ "ARM*#0" && jtag_cable_name =~ "Avnet MiniZed V1 1234-oj1A"} -index 0
con
----------------End of Script----------------

22:20:14 INFO  : Launch script is exported to file 'C:\ip_repo\edit_FFT_BR_v1_0.sdk\.sdk\launch_scripts\xilinx_c-c++_application_(system_debugger)\system_debugger_using_debug_fft_hdl_new.elf_on_local.tcl'
